2021-08-02 18:21:00,673 - instabot version: 0.117.0 (bot) - INFO - Instabot version: 0.117.0 Started
2021-08-02 18:21:00,674 - instabot version: 0.117.0 (bot) - DEBUG - Bot imported from C:\Users\49177\AppData\Local\Packages\PythonSoftwareFoundation.Python.3.7_qbz5n2kfra8p0\LocalCache\local-packages\Python37\site-packages\instabot\bot\bot.py
2021-08-02 18:21:00,675 - instabot version: 0.117.0 (api_login) - INFO - Not yet logged in starting: PRE-LOGIN FLOW!
2021-08-02 18:21:03,844 - instabot version: 0.117.0 (api) - DEBUG - POST to endpoint: accounts/get_prefill_candidates/ returned response: <Response [200]>
2021-08-02 18:21:03,995 - instabot version: 0.117.0 (api) - DEBUG - POST to endpoint: qe/sync/ returned response: <Response [200]>
2021-08-02 18:21:04,158 - instabot version: 0.117.0 (api) - DEBUG - POST to endpoint: launcher/sync/ returned response: <Response [200]>
2021-08-02 18:21:04,284 - instabot version: 0.117.0 (api) - DEBUG - POST to endpoint: accounts/contact_point_prefill/ returned response: <Response [200]>
2021-08-02 18:21:07,837 - instabot version: 0.117.0 (api) - DEBUG - POST to endpoint: accounts/login/ returned response: <Response [200]>
2021-08-02 18:21:07,838 - instabot version: 0.117.0 (api) - INFO - Logged-in successfully as 'mamba2021murm'!
2021-08-02 18:21:07,838 - instabot version: 0.117.0 (api_login) - INFO - LOGIN FLOW! Just logged-in: True
2021-08-02 18:21:08,055 - instabot version: 0.117.0 (api) - DEBUG - POST to endpoint: qe/sync/ returned response: <Response [200]>
2021-08-02 18:21:08,321 - instabot version: 0.117.0 (api) - DEBUG - POST to endpoint: launcher/sync/ returned response: <Response [200]>
2021-08-02 18:21:08,491 - instabot version: 0.117.0 (api) - DEBUG - GET to endpoint: zr/token/result/?device_id=android-8f95ca2920fef9ae&token_hash=&custom_device_id=android-8f95ca2920fef9ae&fetch_reason=token_expired returned response: <Response [200]>
2021-08-02 18:21:08,645 - instabot version: 0.117.0 (api) - DEBUG - GET to endpoint: multiple_accounts/get_account_family/ returned response: <Response [200]>
2021-08-02 18:21:08,821 - instabot version: 0.117.0 (api) - DEBUG - POST to endpoint: qe/sync/ returned response: <Response [200]>
2021-08-02 18:21:26,969 - instabot version: 0.117.0 (api) - DEBUG - GET to endpoint: igtv/browse_feed/?prefetch=1 returned response: <Response [500]>
2021-08-02 18:21:26,969 - instabot version: 0.117.0 (api) - DEBUG - Responsecode indicates error; response content: b''
2021-08-02 18:21:26,970 - instabot version: 0.117.0 (api) - ERROR - Request returns 500 error!
2021-08-02 18:21:26,971 - instabot version: 0.117.0 (api) - ERROR - Error checking for `feedback_required`, response text is not JSON
2021-08-02 18:21:26,972 - instabot version: 0.117.0 (api) - INFO - Full Response: <Response [500]>
2021-08-02 18:21:26,974 - instabot version: 0.117.0 (api) - INFO - Response Text: 
2021-08-02 18:21:26,975 - instabot version: 0.117.0 (api) - ERROR - Error unknown send request
2021-08-02 18:21:28,822 - instabot version: 0.117.0 (api) - DEBUG - POST to endpoint: creatives/ar_class/ returned response: <Response [200]>
2021-08-02 18:21:29,088 - instabot version: 0.117.0 (api) - DEBUG - POST to endpoint: feed/reels_tray/ returned response: <Response [200]>
2021-08-02 18:21:34,412 - instabot version: 0.117.0 (api) - DEBUG - POST to endpoint: feed/timeline/ returned response: <Response [200]>
2021-08-02 18:21:34,580 - instabot version: 0.117.0 (api) - DEBUG - GET to endpoint: media/blocked/ returned response: <Response [200]>
2021-08-02 18:21:35,570 - instabot version: 0.117.0 (api) - DEBUG - GET to endpoint: news/inbox/ returned response: <Response [200]>
2021-08-02 18:21:35,752 - instabot version: 0.117.0 (api) - DEBUG - GET to endpoint: loom/fetch_config/ returned response: <Response [200]>
2021-08-02 18:21:36,198 - instabot version: 0.117.0 (api) - DEBUG - GET to endpoint: scores/bootstrap/users/?surfaces=["autocomplete_user_list","coefficient_besties_list_ranking","coefficient_rank_recipient_user_suggestion","coefficient_ios_section_test_bootstrap_ranking","coefficient_direct_recipients_ranking_variant_2"] returned response: <Response [200]>
2021-08-02 18:21:36,552 - instabot version: 0.117.0 (api) - DEBUG - GET to endpoint: business/eligibility/get_monetization_products_eligibility_data/?product_types=branded_content returned response: <Response [200]>
2021-08-02 18:21:36,727 - instabot version: 0.117.0 (api) - DEBUG - GET to endpoint: business/branded_content/should_require_professional_account/ returned response: <Response [200]>
2021-08-02 18:21:36,890 - instabot version: 0.117.0 (api) - DEBUG - GET to endpoint: linked_accounts/get_linkage_status/ returned response: <Response [200]>
2021-08-02 18:21:37,063 - instabot version: 0.117.0 (api) - DEBUG - GET to endpoint: locations/request_country/ returned response: <Response [200]>
2021-08-02 18:21:37,291 - instabot version: 0.117.0 (api) - DEBUG - GET to endpoint: qp/get_cooldowns/?signed_body=signed_body=4b9c516a5410a3bc128e09c6104a7f042146b9c2023870560c63a43a7f66781c.4&ig_sig_key_version=4&ig_sig_key_version=4 returned response: <Response [200]>
2021-08-02 18:21:37,453 - instabot version: 0.117.0 (api) - DEBUG - GET to endpoint: users/arlink_download_info/?version_override=2.2.1 returned response: <Response [200]>
2021-08-02 18:21:38,864 - instabot version: 0.117.0 (api) - DEBUG - GET to endpoint: users/48898752045/info/ returned response: <Response [200]>
2021-08-02 18:21:39,178 - instabot version: 0.117.0 (api) - DEBUG - GET to endpoint: direct_v2/get_presence/ returned response: <Response [200]>
2021-08-02 18:21:39,581 - instabot version: 0.117.0 (api) - DEBUG - GET to endpoint: direct_v2/inbox/?visual_message_return_type=unseen&thread_message_limit=10&persistentBadging=true&limit=20 returned response: <Response [200]>
2021-08-02 18:21:39,993 - instabot version: 0.117.0 (api) - DEBUG - GET to endpoint: direct_v2/inbox/?visual_message_return_type=unseen&persistentBadging=true&limit=0 returned response: <Response [200]>
2021-08-02 18:21:41,028 - instabot version: 0.117.0 (api) - DEBUG - GET to endpoint: discover/topical_explore/?is_prefetch=true&omit_cover_media=true&use_sectional_payload=true&timezone_offset=0&session_id=4aa68304-27da-41f5-abc8-94ce868b7d05&include_fixed_destinations=true returned response: <Response [200]>
2021-08-02 18:21:41,179 - instabot version: 0.117.0 (api) - DEBUG - POST to endpoint: notifications/badge/ returned response: <Response [200]>
2021-08-02 18:21:41,545 - instabot version: 0.117.0 (api) - DEBUG - POST to endpoint: qp/batch_fetch/ returned response: <Response [200]>
2021-08-02 18:21:41,546 - instabot version: 0.117.0 (bot_checkpoint) - DEBUG - Loading Checkpoint file from: C:\Users\49177\Documents\InstaMatch\Scraper\scraping_from_instagram/config/mamba2021murm.checkpoint
2021-08-02 18:21:52,071 - instabot version: 0.117.0 (api) - DEBUG - GET to endpoint: users/brawadis/usernameinfo/ returned response: <Response [200]>
2021-08-02 18:21:53,301 - instabot version: 0.117.0 (api) - DEBUG - GET to endpoint: users/31104051/info/ returned response: <Response [200]>
2021-08-02 18:21:58,938 - instabot version: 0.117.0 (api) - DEBUG - GET to endpoint: feed/user/31104051/?max_id=&min_timestamp=None&rank_token=48898752045_52d206de-8513-476f-a76c-bdd40877a9c8&ranked_content=true returned response: <Response [200]>
2021-08-02 18:21:59,239 - instabot version: 0.117.0 (api) - DEBUG - GET to endpoint: media/2625160591113639686_31104051/info/ returned response: <Response [200]>
2021-08-02 18:21:59,548 - instabot version: 0.117.0 (api) - DEBUG - GET to endpoint: media/2623038878366200916_31104051/info/ returned response: <Response [200]>
2021-08-02 18:22:00,056 - instabot version: 0.117.0 (api) - DEBUG - GET to endpoint: media/2622446351172818961_31104051/info/ returned response: <Response [200]>
2021-08-02 18:22:00,365 - instabot version: 0.117.0 (api) - DEBUG - GET to endpoint: media/2612239576553339858_31104051/info/ returned response: <Response [200]>
2021-08-02 18:22:00,768 - instabot version: 0.117.0 (api) - DEBUG - GET to endpoint: media/2608463468030698148_31104051/info/ returned response: <Response [200]>
2021-08-02 18:22:01,083 - instabot version: 0.117.0 (api) - DEBUG - GET to endpoint: media/2602647487008064258_31104051/info/ returned response: <Response [200]>
2021-08-02 18:22:01,388 - instabot version: 0.117.0 (api) - DEBUG - GET to endpoint: media/2596168418596973534_31104051/info/ returned response: <Response [200]>
2021-08-02 18:22:02,003 - instabot version: 0.117.0 (api) - DEBUG - GET to endpoint: media/2595326021732250231_31104051/info/ returned response: <Response [200]>
2021-08-02 18:22:02,415 - instabot version: 0.117.0 (api) - DEBUG - GET to endpoint: media/2588887288759848797_31104051/info/ returned response: <Response [200]>
2021-08-02 18:22:02,734 - instabot version: 0.117.0 (api) - DEBUG - GET to endpoint: media/2584477801758297477_31104051/info/ returned response: <Response [200]>
2021-08-02 18:22:03,232 - instabot version: 0.117.0 (api) - DEBUG - GET to endpoint: media/2580141038994552245_31104051/info/ returned response: <Response [200]>
2021-08-02 18:22:03,641 - instabot version: 0.117.0 (api) - DEBUG - GET to endpoint: media/2566335170639435139_31104051/info/ returned response: <Response [200]>
2021-08-02 18:22:14,534 - instabot version: 0.117.0 (api) - DEBUG - GET to endpoint: users/overtime/usernameinfo/ returned response: <Response [200]>
2021-08-02 18:22:15,895 - instabot version: 0.117.0 (api) - DEBUG - GET to endpoint: users/1331543430/info/ returned response: <Response [200]>
2021-08-02 18:22:21,686 - instabot version: 0.117.0 (api) - DEBUG - GET to endpoint: feed/user/1331543430/?max_id=&min_timestamp=None&rank_token=48898752045_52d206de-8513-476f-a76c-bdd40877a9c8&ranked_content=true returned response: <Response [200]>
2021-08-02 18:22:22,024 - instabot version: 0.117.0 (api) - DEBUG - GET to endpoint: media/2631113604291716912_1331543430/info/ returned response: <Response [200]>
2021-08-02 18:22:22,333 - instabot version: 0.117.0 (api) - DEBUG - GET to endpoint: media/2631080255363852028_1331543430/info/ returned response: <Response [200]>
2021-08-02 18:22:22,696 - instabot version: 0.117.0 (api) - DEBUG - GET to endpoint: media/2631053610539195790_1331543430/info/ returned response: <Response [200]>
2021-08-02 18:22:23,001 - instabot version: 0.117.0 (api) - DEBUG - GET to endpoint: media/2631007601990761144_1331543430/info/ returned response: <Response [200]>
2021-08-02 18:22:23,647 - instabot version: 0.117.0 (api) - DEBUG - GET to endpoint: media/2630945607730444170_1331543430/info/ returned response: <Response [200]>
2021-08-02 18:22:24,026 - instabot version: 0.117.0 (api) - DEBUG - GET to endpoint: media/2630889721079127490_1331543430/info/ returned response: <Response [200]>
2021-08-02 18:22:24,438 - instabot version: 0.117.0 (api) - DEBUG - GET to endpoint: media/2630846096181426955_1331543430/info/ returned response: <Response [200]>
2021-08-02 18:22:24,845 - instabot version: 0.117.0 (api) - DEBUG - GET to endpoint: media/2630783635529060464_1331543430/info/ returned response: <Response [200]>
2021-08-02 18:22:25,355 - instabot version: 0.117.0 (api) - DEBUG - GET to endpoint: media/2630758833424931428_1331543430/info/ returned response: <Response [200]>
2021-08-02 18:22:25,766 - instabot version: 0.117.0 (api) - DEBUG - GET to endpoint: media/2630419673329499449_1331543430/info/ returned response: <Response [200]>
2021-08-02 18:22:26,172 - instabot version: 0.117.0 (api) - DEBUG - GET to endpoint: media/2630378618352598118_1331543430/info/ returned response: <Response [200]>
2021-08-02 18:22:26,586 - instabot version: 0.117.0 (api) - DEBUG - GET to endpoint: media/2630355531834961411_1331543430/info/ returned response: <Response [200]>
2021-08-02 18:22:36,992 - instabot version: 0.117.0 (api) - DEBUG - GET to endpoint: users/memphisdepay/usernameinfo/ returned response: <Response [200]>
2021-08-02 18:22:38,253 - instabot version: 0.117.0 (api) - DEBUG - GET to endpoint: users/18187622/info/ returned response: <Response [200]>
2021-08-02 18:22:44,201 - instabot version: 0.117.0 (api) - DEBUG - GET to endpoint: feed/user/18187622/?max_id=&min_timestamp=None&rank_token=48898752045_52d206de-8513-476f-a76c-bdd40877a9c8&ranked_content=true returned response: <Response [200]>
2021-08-02 18:22:44,418 - instabot version: 0.117.0 (api) - DEBUG - GET to endpoint: media/2630959829190078464_18187622/info/ returned response: <Response [200]>
2021-08-02 18:22:44,688 - instabot version: 0.117.0 (api) - DEBUG - GET to endpoint: media/2630167813187168715_18187622/info/ returned response: <Response [200]>
2021-08-02 18:22:45,011 - instabot version: 0.117.0 (api) - DEBUG - GET to endpoint: media/2629396262066179568_18187622/info/ returned response: <Response [200]>
2021-08-02 18:22:45,347 - instabot version: 0.117.0 (api) - DEBUG - GET to endpoint: media/2629085255976190165_18187622/info/ returned response: <Response [200]>
2021-08-02 18:22:45,570 - instabot version: 0.117.0 (api) - DEBUG - GET to endpoint: media/2628711440117052239_18187622/info/ returned response: <Response [200]>
2021-08-02 18:22:46,035 - instabot version: 0.117.0 (api) - DEBUG - GET to endpoint: media/2628029363658730354_18187622/info/ returned response: <Response [200]>
2021-08-02 18:22:46,272 - instabot version: 0.117.0 (api) - DEBUG - GET to endpoint: media/2627204779229477583_18187622/info/ returned response: <Response [200]>
2021-08-02 18:22:46,664 - instabot version: 0.117.0 (api) - DEBUG - GET to endpoint: media/2626536367755046987_18187622/info/ returned response: <Response [200]>
2021-08-02 18:22:46,915 - instabot version: 0.117.0 (api) - DEBUG - GET to endpoint: media/2626316970163495340_18187622/info/ returned response: <Response [200]>
2021-08-02 18:22:48,158 - instabot version: 0.117.0 (api) - DEBUG - GET to endpoint: media/2625589163351603761_18187622/info/ returned response: <Response [200]>
2021-08-02 18:22:48,492 - instabot version: 0.117.0 (api) - DEBUG - GET to endpoint: media/2625116309354936211_18187622/info/ returned response: <Response [200]>
2021-08-02 18:22:48,801 - instabot version: 0.117.0 (api) - DEBUG - GET to endpoint: media/2624369726371799400_18187622/info/ returned response: <Response [200]>
2021-08-02 18:22:59,379 - instabot version: 0.117.0 (api) - DEBUG - GET to endpoint: users/liverpoolfc/usernameinfo/ returned response: <Response [200]>
2021-08-02 18:23:00,898 - instabot version: 0.117.0 (api) - DEBUG - GET to endpoint: users/187102427/info/ returned response: <Response [200]>
2021-08-02 18:23:06,892 - instabot version: 0.117.0 (api) - DEBUG - GET to endpoint: feed/user/187102427/?max_id=&min_timestamp=None&rank_token=48898752045_52d206de-8513-476f-a76c-bdd40877a9c8&ranked_content=true returned response: <Response [200]>
2021-08-02 18:23:07,238 - instabot version: 0.117.0 (api) - DEBUG - GET to endpoint: media/2631437400024536738_187102427/info/ returned response: <Response [200]>
2021-08-02 18:23:07,496 - instabot version: 0.117.0 (api) - DEBUG - GET to endpoint: media/2631310297354368535_187102427/info/ returned response: <Response [200]>
2021-08-02 18:23:07,762 - instabot version: 0.117.0 (api) - DEBUG - GET to endpoint: media/2631235044595274162_187102427/info/ returned response: <Response [200]>
2021-08-02 18:23:08,290 - instabot version: 0.117.0 (api) - DEBUG - GET to endpoint: media/2630842458990842364_187102427/info/ returned response: <Response [200]>
2021-08-02 18:23:08,641 - instabot version: 0.117.0 (api) - DEBUG - GET to endpoint: media/2630781554215018601_187102427/info/ returned response: <Response [200]>
2021-08-02 18:23:09,994 - instabot version: 0.117.0 (api) - DEBUG - GET to endpoint: media/2630722289371268305_187102427/info/ returned response: <Response [200]>
2021-08-02 18:23:10,306 - instabot version: 0.117.0 (api) - DEBUG - GET to endpoint: media/2630666083027400603_187102427/info/ returned response: <Response [200]>
2021-08-02 18:23:10,714 - instabot version: 0.117.0 (api) - DEBUG - GET to endpoint: media/2630654366106586752_187102427/info/ returned response: <Response [200]>
2021-08-02 18:23:10,980 - instabot version: 0.117.0 (api) - DEBUG - GET to endpoint: media/2630511962247260977_187102427/info/ returned response: <Response [200]>
2021-08-02 18:23:11,432 - instabot version: 0.117.0 (api) - DEBUG - GET to endpoint: media/2630148482067507446_187102427/info/ returned response: <Response [200]>
2021-08-02 18:23:11,655 - instabot version: 0.117.0 (api) - DEBUG - GET to endpoint: media/2630073240666101950_187102427/info/ returned response: <Response [200]>
2021-08-02 18:23:19,438 - instabot version: 0.117.0 (api) - DEBUG - GET to endpoint: media/2630015934704342477_187102427/info/ returned response: <Response [200]>
2021-08-02 18:23:29,746 - instabot version: 0.117.0 (api) - DEBUG - GET to endpoint: users/virgilvandijk/usernameinfo/ returned response: <Response [200]>
2021-08-02 18:23:34,297 - instabot version: 0.117.0 (api) - DEBUG - GET to endpoint: users/4244313819/info/ returned response: <Response [200]>
2021-08-02 18:23:40,117 - instabot version: 0.117.0 (api) - DEBUG - GET to endpoint: feed/user/4244313819/?max_id=&min_timestamp=None&rank_token=48898752045_52d206de-8513-476f-a76c-bdd40877a9c8&ranked_content=true returned response: <Response [200]>
2021-08-02 18:23:40,534 - instabot version: 0.117.0 (api) - DEBUG - GET to endpoint: media/2628761452175872138_4244313819/info/ returned response: <Response [200]>
2021-08-02 18:23:40,788 - instabot version: 0.117.0 (api) - DEBUG - GET to endpoint: media/2627255178839489128_4244313819/info/ returned response: <Response [200]>
2021-08-02 18:23:41,134 - instabot version: 0.117.0 (api) - DEBUG - GET to endpoint: media/2617041898722767236_4244313819/info/ returned response: <Response [200]>
2021-08-02 18:23:41,623 - instabot version: 0.117.0 (api) - DEBUG - GET to endpoint: media/2613450889459676150_4244313819/info/ returned response: <Response [200]>
2021-08-02 18:23:41,864 - instabot version: 0.117.0 (api) - DEBUG - GET to endpoint: media/2609031904116762205_4244313819/info/ returned response: <Response [200]>
2021-08-02 18:23:42,473 - instabot version: 0.117.0 (api) - DEBUG - GET to endpoint: media/2604613276208711322_4244313819/info/ returned response: <Response [200]>
2021-08-02 18:23:43,272 - instabot version: 0.117.0 (api) - DEBUG - GET to endpoint: media/2601724529579554797_4244313819/info/ returned response: <Response [200]>
2021-08-02 18:23:43,623 - instabot version: 0.117.0 (api) - DEBUG - GET to endpoint: media/2596732616304751076_4244313819/info/ returned response: <Response [200]>
2021-08-02 18:23:44,302 - instabot version: 0.117.0 (api) - DEBUG - GET to endpoint: media/2595078771462550760_4244313819/info/ returned response: <Response [200]>
2021-08-02 18:23:44,548 - instabot version: 0.117.0 (api) - DEBUG - GET to endpoint: media/2593855671319449337_4244313819/info/ returned response: <Response [200]>
2021-08-02 18:23:44,933 - instabot version: 0.117.0 (api) - DEBUG - GET to endpoint: media/2582301677428414859_4244313819/info/ returned response: <Response [200]>
2021-08-02 18:23:45,319 - instabot version: 0.117.0 (api) - DEBUG - GET to endpoint: media/2580152694092893067_4244313819/info/ returned response: <Response [200]>
2021-08-02 18:23:55,878 - instabot version: 0.117.0 (api) - DEBUG - GET to endpoint: users/spidadmitchell/usernameinfo/ returned response: <Response [200]>
2021-08-02 18:23:56,699 - instabot version: 0.117.0 (api) - DEBUG - GET to endpoint: users/194922499/info/ returned response: <Response [200]>
2021-08-02 18:24:02,915 - instabot version: 0.117.0 (api) - DEBUG - GET to endpoint: feed/user/194922499/?max_id=&min_timestamp=None&rank_token=48898752045_52d206de-8513-476f-a76c-bdd40877a9c8&ranked_content=true returned response: <Response [200]>
2021-08-02 18:24:03,367 - instabot version: 0.117.0 (api) - DEBUG - GET to endpoint: media/2631090024719908196_194922499/info/ returned response: <Response [200]>
2021-08-02 18:24:03,860 - instabot version: 0.117.0 (api) - DEBUG - GET to endpoint: media/2627432279316932949_194922499/info/ returned response: <Response [200]>
2021-08-02 18:24:04,371 - instabot version: 0.117.0 (api) - DEBUG - GET to endpoint: media/2625852495361280349_194922499/info/ returned response: <Response [200]>
2021-08-02 18:24:04,785 - instabot version: 0.117.0 (api) - DEBUG - GET to endpoint: media/2620845341437036509_194922499/info/ returned response: <Response [200]>
2021-08-02 18:24:05,500 - instabot version: 0.117.0 (api) - DEBUG - GET to endpoint: media/2617925775887089255_194922499/info/ returned response: <Response [200]>
2021-08-02 18:24:05,916 - instabot version: 0.117.0 (api) - DEBUG - GET to endpoint: media/2614841636266775962_194922499/info/ returned response: <Response [200]>
2021-08-02 18:24:06,723 - instabot version: 0.117.0 (api) - DEBUG - GET to endpoint: media/2614275822425858383_194922499/info/ returned response: <Response [200]>
2021-08-02 18:24:07,355 - instabot version: 0.117.0 (api) - DEBUG - GET to endpoint: media/2613419605428098681_194922499/info/ returned response: <Response [200]>
2021-08-02 18:24:07,650 - instabot version: 0.117.0 (api) - DEBUG - GET to endpoint: media/2607756369051723552_194922499/info/ returned response: <Response [200]>
2021-08-02 18:24:07,981 - instabot version: 0.117.0 (api) - DEBUG - GET to endpoint: media/2604065987900924133_194922499/info/ returned response: <Response [200]>
2021-08-02 18:24:08,496 - instabot version: 0.117.0 (api) - DEBUG - GET to endpoint: media/2600658417219699695_194922499/info/ returned response: <Response [200]>
2021-08-02 18:24:08,915 - instabot version: 0.117.0 (api) - DEBUG - GET to endpoint: media/2600513020841035721_194922499/info/ returned response: <Response [200]>
2021-08-02 18:24:19,498 - instabot version: 0.117.0 (api) - DEBUG - GET to endpoint: users/ezekielelliott/usernameinfo/ returned response: <Response [200]>
2021-08-02 18:24:20,449 - instabot version: 0.117.0 (api) - DEBUG - GET to endpoint: users/18691775/info/ returned response: <Response [200]>
2021-08-02 18:24:26,710 - instabot version: 0.117.0 (api) - DEBUG - GET to endpoint: feed/user/18691775/?max_id=&min_timestamp=None&rank_token=48898752045_52d206de-8513-476f-a76c-bdd40877a9c8&ranked_content=true returned response: <Response [200]>
2021-08-02 18:24:26,991 - instabot version: 0.117.0 (api) - DEBUG - GET to endpoint: media/2630098125151756810_18691775/info/ returned response: <Response [200]>
2021-08-02 18:24:27,408 - instabot version: 0.117.0 (api) - DEBUG - GET to endpoint: media/2625033173710419447_18691775/info/ returned response: <Response [200]>
2021-08-02 18:24:27,752 - instabot version: 0.117.0 (api) - DEBUG - GET to endpoint: media/2619398046552612203_18691775/info/ returned response: <Response [200]>
2021-08-02 18:24:28,395 - instabot version: 0.117.0 (api) - DEBUG - GET to endpoint: media/2619372310907126503_18691775/info/ returned response: <Response [200]>
2021-08-02 18:24:28,853 - instabot version: 0.117.0 (api) - DEBUG - GET to endpoint: media/2618548943480175047_18691775/info/ returned response: <Response [200]>
2021-08-02 18:24:29,222 - instabot version: 0.117.0 (api) - DEBUG - GET to endpoint: media/2617786086522575714_18691775/info/ returned response: <Response [200]>
2021-08-02 18:24:29,565 - instabot version: 0.117.0 (api) - DEBUG - GET to endpoint: media/2617700467540734881_18691775/info/ returned response: <Response [200]>
2021-08-02 18:24:29,950 - instabot version: 0.117.0 (api) - DEBUG - GET to endpoint: media/2616448863881312642_18691775/info/ returned response: <Response [200]>
2021-08-02 18:24:30,285 - instabot version: 0.117.0 (api) - DEBUG - GET to endpoint: media/2578028159720809681_18691775/info/ returned response: <Response [200]>
2021-08-02 18:24:30,998 - instabot version: 0.117.0 (api) - DEBUG - GET to endpoint: media/2576519178468962515_18691775/info/ returned response: <Response [200]>
2021-08-02 18:24:31,409 - instabot version: 0.117.0 (api) - DEBUG - GET to endpoint: media/2573641461092186978_18691775/info/ returned response: <Response [200]>
2021-08-02 18:24:31,814 - instabot version: 0.117.0 (api) - DEBUG - GET to endpoint: media/2572822595873065253_18691775/info/ returned response: <Response [200]>
2021-08-02 18:24:42,263 - instabot version: 0.117.0 (api) - DEBUG - GET to endpoint: users/mterstegen1/usernameinfo/ returned response: <Response [200]>
2021-08-02 18:24:43,383 - instabot version: 0.117.0 (api) - DEBUG - GET to endpoint: users/1817332692/info/ returned response: <Response [200]>
2021-08-02 18:24:49,025 - instabot version: 0.117.0 (api) - DEBUG - GET to endpoint: feed/user/1817332692/?max_id=&min_timestamp=None&rank_token=48898752045_52d206de-8513-476f-a76c-bdd40877a9c8&ranked_content=true returned response: <Response [200]>
2021-08-02 18:24:49,248 - instabot version: 0.117.0 (api) - DEBUG - GET to endpoint: media/2630618508817423339_1817332692/info/ returned response: <Response [200]>
2021-08-02 18:24:49,633 - instabot version: 0.117.0 (api) - DEBUG - GET to endpoint: media/2627827206323276939_1817332692/info/ returned response: <Response [200]>
2021-08-02 18:24:49,903 - instabot version: 0.117.0 (api) - DEBUG - GET to endpoint: media/2617530566282830643_1817332692/info/ returned response: <Response [200]>
2021-08-02 18:24:50,459 - instabot version: 0.117.0 (api) - DEBUG - GET to endpoint: media/2614957758214485443_1817332692/info/ returned response: <Response [200]>
2021-08-02 18:24:50,901 - instabot version: 0.117.0 (api) - DEBUG - GET to endpoint: media/2613381571025431188_1817332692/info/ returned response: <Response [200]>
2021-08-02 18:24:51,474 - instabot version: 0.117.0 (api) - DEBUG - GET to endpoint: media/2611848507254010528_1817332692/info/ returned response: <Response [200]>
2021-08-02 18:24:52,913 - instabot version: 0.117.0 (api) - DEBUG - GET to endpoint: media/2610493812795037069_1817332692/info/ returned response: <Response [200]>
2021-08-02 18:24:53,135 - instabot version: 0.117.0 (api) - DEBUG - GET to endpoint: media/2606162524336411514_1817332692/info/ returned response: <Response [200]>
2021-08-02 18:24:53,526 - instabot version: 0.117.0 (api) - DEBUG - GET to endpoint: media/2600261438585013226_1817332692/info/ returned response: <Response [200]>
2021-08-02 18:24:57,006 - instabot version: 0.117.0 (api) - DEBUG - GET to endpoint: media/2588816005321086651_1817332692/info/ returned response: <Response [200]>
2021-08-02 18:24:57,417 - instabot version: 0.117.0 (api) - DEBUG - GET to endpoint: media/2580829111140890784_1817332692/info/ returned response: <Response [200]>
2021-08-02 18:24:57,723 - instabot version: 0.117.0 (api) - DEBUG - GET to endpoint: media/2575578064981330201_1817332692/info/ returned response: <Response [200]>
2021-08-02 18:25:08,475 - instabot version: 0.117.0 (api) - DEBUG - GET to endpoint: users/ballislife/usernameinfo/ returned response: <Response [200]>
2021-08-02 18:25:10,150 - instabot version: 0.117.0 (api) - DEBUG - GET to endpoint: users/22061516/info/ returned response: <Response [200]>
2021-08-02 18:26:08,467 - instabot version: 0.117.0 (api) - DEBUG - GET to endpoint: feed/user/22061516/?max_id=&min_timestamp=None&rank_token=48898752045_52d206de-8513-476f-a76c-bdd40877a9c8&ranked_content=true returned response: <Response [200]>
2021-08-02 18:26:08,697 - instabot version: 0.117.0 (api) - DEBUG - GET to endpoint: media/2631508342784407748_22061516/info/ returned response: <Response [200]>
2021-08-02 18:26:09,074 - instabot version: 0.117.0 (api) - DEBUG - GET to endpoint: media/2631121248939299345_22061516/info/ returned response: <Response [200]>
2021-08-02 18:26:09,738 - instabot version: 0.117.0 (api) - DEBUG - GET to endpoint: media/2631082010674548325_22061516/info/ returned response: <Response [200]>
2021-08-02 18:26:10,029 - instabot version: 0.117.0 (api) - DEBUG - GET to endpoint: media/2631045535798561795_22061516/info/ returned response: <Response [200]>
2021-08-02 18:26:10,393 - instabot version: 0.117.0 (api) - DEBUG - GET to endpoint: media/2630998914163377698_22061516/info/ returned response: <Response [200]>
2021-08-02 18:26:11,076 - instabot version: 0.117.0 (api) - DEBUG - GET to endpoint: media/2630952657139041227_22061516/info/ returned response: <Response [200]>
2021-08-02 18:26:11,298 - instabot version: 0.117.0 (api) - DEBUG - GET to endpoint: media/2630919576703418813_22061516/info/ returned response: <Response [200]>
2021-08-02 18:26:11,639 - instabot version: 0.117.0 (api) - DEBUG - GET to endpoint: media/2630862840917297454_22061516/info/ returned response: <Response [200]>
2021-08-02 18:26:11,922 - instabot version: 0.117.0 (api) - DEBUG - GET to endpoint: media/2630827762853885127_22061516/info/ returned response: <Response [200]>
2021-08-02 18:26:12,367 - instabot version: 0.117.0 (api) - DEBUG - GET to endpoint: media/2630795348114119492_22061516/info/ returned response: <Response [200]>
2021-08-02 18:26:13,315 - instabot version: 0.117.0 (api) - DEBUG - GET to endpoint: media/2630395110069826716_22061516/info/ returned response: <Response [200]>
2021-08-02 18:26:13,806 - instabot version: 0.117.0 (api) - DEBUG - GET to endpoint: media/2630361617469413617_22061516/info/ returned response: <Response [200]>
2021-08-02 18:26:24,455 - instabot version: 0.117.0 (api) - DEBUG - GET to endpoint: users/yankees/usernameinfo/ returned response: <Response [200]>
2021-08-02 18:26:25,581 - instabot version: 0.117.0 (api) - DEBUG - GET to endpoint: users/46757590/info/ returned response: <Response [200]>
2021-08-02 18:26:32,352 - instabot version: 0.117.0 (api) - DEBUG - GET to endpoint: feed/user/46757590/?max_id=&min_timestamp=None&rank_token=48898752045_52d206de-8513-476f-a76c-bdd40877a9c8&ranked_content=true returned response: <Response [200]>
2021-08-02 18:26:32,754 - instabot version: 0.117.0 (api) - DEBUG - GET to endpoint: media/2630921916632256810_46757590/info/ returned response: <Response [200]>
2021-08-02 18:26:33,150 - instabot version: 0.117.0 (api) - DEBUG - GET to endpoint: media/2630349630778369572_46757590/info/ returned response: <Response [200]>
2021-08-02 18:26:33,579 - instabot version: 0.117.0 (api) - DEBUG - GET to endpoint: media/2629648704422774322_46757590/info/ returned response: <Response [200]>
2021-08-02 18:26:33,842 - instabot version: 0.117.0 (api) - DEBUG - GET to endpoint: media/2629502544234985819_46757590/info/ returned response: <Response [200]>
2021-08-02 18:26:34,115 - instabot version: 0.117.0 (api) - DEBUG - GET to endpoint: media/2628219139934153060_46757590/info/ returned response: <Response [200]>
2021-08-02 18:26:34,696 - instabot version: 0.117.0 (api) - DEBUG - GET to endpoint: media/2627497006312261449_46757590/info/ returned response: <Response [200]>
2021-08-02 18:26:35,105 - instabot version: 0.117.0 (api) - DEBUG - GET to endpoint: media/2625210088253941485_46757590/info/ returned response: <Response [200]>
2021-08-02 18:26:35,400 - instabot version: 0.117.0 (api) - DEBUG - GET to endpoint: media/2623170625751339210_46757590/info/ returned response: <Response [200]>
2021-08-02 18:26:36,024 - instabot version: 0.117.0 (api) - DEBUG - GET to endpoint: media/2622419684190118626_46757590/info/ returned response: <Response [200]>
2021-08-02 18:26:36,437 - instabot version: 0.117.0 (api) - DEBUG - GET to endpoint: media/2620968376245638533_46757590/info/ returned response: <Response [200]>
2021-08-02 18:26:36,744 - instabot version: 0.117.0 (api) - DEBUG - GET to endpoint: media/2620271370548042375_46757590/info/ returned response: <Response [200]>
2021-08-02 18:26:37,051 - instabot version: 0.117.0 (api) - DEBUG - GET to endpoint: media/2618546453171651521_46757590/info/ returned response: <Response [200]>
2021-08-02 18:26:47,439 - instabot version: 0.117.0 (api) - DEBUG - GET to endpoint: users/kuz/usernameinfo/ returned response: <Response [200]>
2021-08-02 18:26:48,477 - instabot version: 0.117.0 (api) - DEBUG - GET to endpoint: users/23613805/info/ returned response: <Response [200]>
2021-08-02 18:26:54,360 - instabot version: 0.117.0 (api) - DEBUG - GET to endpoint: feed/user/23613805/?max_id=&min_timestamp=None&rank_token=48898752045_52d206de-8513-476f-a76c-bdd40877a9c8&ranked_content=true returned response: <Response [200]>
2021-08-02 18:26:54,688 - instabot version: 0.117.0 (api) - DEBUG - GET to endpoint: media/2630087305582640161_23613805/info/ returned response: <Response [200]>
2021-08-02 18:26:54,911 - instabot version: 0.117.0 (api) - DEBUG - GET to endpoint: media/2629538099014985484_23613805/info/ returned response: <Response [200]>
2021-08-02 18:26:55,250 - instabot version: 0.117.0 (api) - DEBUG - GET to endpoint: media/2629381074012515735_23613805/info/ returned response: <Response [200]>
2021-08-02 18:26:55,784 - instabot version: 0.117.0 (api) - DEBUG - GET to endpoint: media/2629329948716048767_23613805/info/ returned response: <Response [200]>
2021-08-02 18:26:56,081 - instabot version: 0.117.0 (api) - DEBUG - GET to endpoint: media/2627051699160707894_23613805/info/ returned response: <Response [200]>
2021-08-02 18:26:56,493 - instabot version: 0.117.0 (api) - DEBUG - GET to endpoint: media/2626493724248555719_23613805/info/ returned response: <Response [200]>
2021-08-02 18:26:56,759 - instabot version: 0.117.0 (api) - DEBUG - GET to endpoint: media/2625287111687708546_23613805/info/ returned response: <Response [200]>
2021-08-02 18:26:57,122 - instabot version: 0.117.0 (api) - DEBUG - GET to endpoint: media/2622770164568965587_23613805/info/ returned response: <Response [200]>
2021-08-02 18:26:57,533 - instabot version: 0.117.0 (api) - DEBUG - GET to endpoint: media/2618640962155422409_23613805/info/ returned response: <Response [200]>
2021-08-02 18:26:57,869 - instabot version: 0.117.0 (api) - DEBUG - GET to endpoint: media/2613753586069149879_23613805/info/ returned response: <Response [200]>
2021-08-02 18:26:58,349 - instabot version: 0.117.0 (api) - DEBUG - GET to endpoint: media/2608424652809113953_23613805/info/ returned response: <Response [200]>
2021-08-02 18:26:58,698 - instabot version: 0.117.0 (api) - DEBUG - GET to endpoint: media/2607904492482351705_23613805/info/ returned response: <Response [200]>
2021-08-02 18:27:09,298 - instabot version: 0.117.0 (api) - DEBUG - GET to endpoint: users/ansufati/usernameinfo/ returned response: <Response [200]>
2021-08-02 18:27:10,066 - instabot version: 0.117.0 (api) - DEBUG - GET to endpoint: users/369789625/info/ returned response: <Response [200]>
2021-08-02 18:27:15,759 - instabot version: 0.117.0 (api) - DEBUG - GET to endpoint: feed/user/369789625/?max_id=&min_timestamp=None&rank_token=48898752045_52d206de-8513-476f-a76c-bdd40877a9c8&ranked_content=true returned response: <Response [200]>
2021-08-02 18:27:17,397 - instabot version: 0.117.0 (api) - DEBUG - GET to endpoint: media/2614839795210526199_369789625/info/ returned response: <Response [200]>
2021-08-02 18:27:17,635 - instabot version: 0.117.0 (api) - DEBUG - GET to endpoint: media/2598137146637551621_369789625/info/ returned response: <Response [200]>
2021-08-02 18:27:18,216 - instabot version: 0.117.0 (api) - DEBUG - GET to endpoint: media/2597201124903083815_369789625/info/ returned response: <Response [200]>
2021-08-02 18:27:18,724 - instabot version: 0.117.0 (api) - DEBUG - GET to endpoint: media/2588159779106445572_369789625/info/ returned response: <Response [200]>
2021-08-02 18:27:18,983 - instabot version: 0.117.0 (api) - DEBUG - GET to endpoint: media/2582227151986819852_369789625/info/ returned response: <Response [200]>
2021-08-02 18:27:19,342 - instabot version: 0.117.0 (api) - DEBUG - GET to endpoint: media/2572153567650860961_369789625/info/ returned response: <Response [200]>
2021-08-02 18:27:19,751 - instabot version: 0.117.0 (api) - DEBUG - GET to endpoint: media/2561946877043176864_369789625/info/ returned response: <Response [200]>
2021-08-02 18:27:20,072 - instabot version: 0.117.0 (api) - DEBUG - GET to endpoint: media/2554415341888611308_369789625/info/ returned response: <Response [200]>
2021-08-02 18:27:20,320 - instabot version: 0.117.0 (api) - DEBUG - GET to endpoint: media/2547855001348617391_369789625/info/ returned response: <Response [200]>
2021-08-02 18:27:20,669 - instabot version: 0.117.0 (api) - DEBUG - GET to endpoint: media/2541697979845511689_369789625/info/ returned response: <Response [200]>
2021-08-02 18:27:21,080 - instabot version: 0.117.0 (api) - DEBUG - GET to endpoint: media/2527112531425113388_369789625/info/ returned response: <Response [200]>
2021-08-02 18:27:21,402 - instabot version: 0.117.0 (api) - DEBUG - GET to endpoint: media/2516154203664353023_369789625/info/ returned response: <Response [200]>
2021-08-02 18:27:31,834 - instabot version: 0.117.0 (api) - DEBUG - GET to endpoint: users/sadiomaneofficiel/usernameinfo/ returned response: <Response [200]>
2021-08-02 18:27:33,009 - instabot version: 0.117.0 (api) - DEBUG - GET to endpoint: users/2082662842/info/ returned response: <Response [200]>
2021-08-02 18:27:38,907 - instabot version: 0.117.0 (api) - DEBUG - GET to endpoint: feed/user/2082662842/?max_id=&min_timestamp=None&rank_token=48898752045_52d206de-8513-476f-a76c-bdd40877a9c8&ranked_content=true returned response: <Response [200]>
2021-08-02 18:27:39,629 - instabot version: 0.117.0 (api) - DEBUG - GET to endpoint: media/2626933483515643695_2082662842/info/ returned response: <Response [200]>
2021-08-02 18:27:40,341 - instabot version: 0.117.0 (api) - DEBUG - GET to endpoint: media/2626581497425689108_2082662842/info/ returned response: <Response [200]>
2021-08-02 18:27:40,947 - instabot version: 0.117.0 (api) - DEBUG - GET to endpoint: media/2616955894273359742_2082662842/info/ returned response: <Response [200]>
2021-08-02 18:27:41,571 - instabot version: 0.117.0 (api) - DEBUG - GET to endpoint: media/2607676179486327469_2082662842/info/ returned response: <Response [200]>
2021-08-02 18:27:42,185 - instabot version: 0.117.0 (api) - DEBUG - GET to endpoint: media/2596936800576852168_2082662842/info/ returned response: <Response [200]>
2021-08-02 18:27:42,758 - instabot version: 0.117.0 (api) - DEBUG - GET to endpoint: media/2593376763422147665_2082662842/info/ returned response: <Response [200]>
2021-08-02 18:27:43,097 - instabot version: 0.117.0 (api) - DEBUG - GET to endpoint: media/2580250764962473133_2082662842/info/ returned response: <Response [200]>
2021-08-02 18:27:44,018 - instabot version: 0.117.0 (api) - DEBUG - GET to endpoint: media/2573071440681473726_2082662842/info/ returned response: <Response [200]>
2021-08-02 18:27:44,738 - instabot version: 0.117.0 (api) - DEBUG - GET to endpoint: media/2571241689478117322_2082662842/info/ returned response: <Response [200]>
2021-08-02 18:27:45,528 - instabot version: 0.117.0 (api) - DEBUG - GET to endpoint: media/2568501823472540916_2082662842/info/ returned response: <Response [200]>
2021-08-02 18:27:46,786 - instabot version: 0.117.0 (api) - DEBUG - GET to endpoint: media/2550547735606783964_2082662842/info/ returned response: <Response [200]>
2021-08-02 18:27:47,092 - instabot version: 0.117.0 (api) - DEBUG - GET to endpoint: media/2537458106905246970_2082662842/info/ returned response: <Response [200]>
2021-08-02 18:27:57,537 - instabot version: 0.117.0 (api) - DEBUG - GET to endpoint: users/shareefoneal/usernameinfo/ returned response: <Response [200]>
2021-08-02 18:27:58,561 - instabot version: 0.117.0 (api) - DEBUG - GET to endpoint: users/1536060159/info/ returned response: <Response [200]>
2021-08-02 18:28:04,514 - instabot version: 0.117.0 (api) - DEBUG - GET to endpoint: feed/user/1536060159/?max_id=&min_timestamp=None&rank_token=48898752045_52d206de-8513-476f-a76c-bdd40877a9c8&ranked_content=true returned response: <Response [200]>
2021-08-02 18:28:05,008 - instabot version: 0.117.0 (api) - DEBUG - GET to endpoint: media/2629510758495269491_1536060159/info/ returned response: <Response [200]>
2021-08-02 18:28:05,322 - instabot version: 0.117.0 (api) - DEBUG - GET to endpoint: media/2623128894431976537_1536060159/info/ returned response: <Response [200]>
2021-08-02 18:28:05,993 - instabot version: 0.117.0 (api) - DEBUG - GET to endpoint: media/2622186623528099164_1536060159/info/ returned response: <Response [200]>
2021-08-02 18:28:06,449 - instabot version: 0.117.0 (api) - DEBUG - GET to endpoint: media/2619556068441669557_1536060159/info/ returned response: <Response [200]>
2021-08-02 18:28:08,057 - instabot version: 0.117.0 (api) - DEBUG - GET to endpoint: media/2611467974672802985_1536060159/info/ returned response: <Response [200]>
2021-08-02 18:28:08,429 - instabot version: 0.117.0 (api) - DEBUG - GET to endpoint: media/2607217322262185360_1536060159/info/ returned response: <Response [200]>
2021-08-02 18:28:08,796 - instabot version: 0.117.0 (api) - DEBUG - GET to endpoint: media/2606176998429532864_1536060159/info/ returned response: <Response [200]>
2021-08-02 18:28:09,212 - instabot version: 0.117.0 (api) - DEBUG - GET to endpoint: media/2598943075657345506_1536060159/info/ returned response: <Response [200]>
2021-08-02 18:28:09,666 - instabot version: 0.117.0 (api) - DEBUG - GET to endpoint: media/2577438207918995351_1536060159/info/ returned response: <Response [200]>
2021-08-02 18:28:10,448 - instabot version: 0.117.0 (api) - DEBUG - GET to endpoint: media/2570115219825493976_1536060159/info/ returned response: <Response [200]>
2021-08-02 18:28:10,954 - instabot version: 0.117.0 (api) - DEBUG - GET to endpoint: media/2569265490652660737_1536060159/info/ returned response: <Response [200]>
2021-08-02 18:28:11,362 - instabot version: 0.117.0 (api) - DEBUG - GET to endpoint: media/2567112685037021164_1536060159/info/ returned response: <Response [200]>
2021-08-02 18:28:23,445 - instabot version: 0.117.0 (api) - DEBUG - GET to endpoint: users/nbaonespn/usernameinfo/ returned response: <Response [200]>
2021-08-02 18:28:24,265 - instabot version: 0.117.0 (api) - DEBUG - GET to endpoint: users/1316136710/info/ returned response: <Response [200]>
2021-08-02 18:28:29,898 - instabot version: 0.117.0 (api) - DEBUG - GET to endpoint: feed/user/1316136710/?max_id=&min_timestamp=None&rank_token=48898752045_52d206de-8513-476f-a76c-bdd40877a9c8&ranked_content=true returned response: <Response [200]>
2021-08-02 18:28:30,309 - instabot version: 0.117.0 (api) - DEBUG - GET to endpoint: media/2629616612954640888_1316136710/info/ returned response: <Response [200]>
2021-08-02 18:28:30,649 - instabot version: 0.117.0 (api) - DEBUG - GET to endpoint: media/2629508945898685021_1316136710/info/ returned response: <Response [200]>
2021-08-02 18:28:30,857 - instabot version: 0.117.0 (api) - DEBUG - GET to endpoint: media/2629439240168375563_1316136710/info/ returned response: <Response [200]>
2021-08-02 18:28:31,435 - instabot version: 0.117.0 (api) - DEBUG - GET to endpoint: media/2629418365427680722_1316136710/info/ returned response: <Response [200]>
2021-08-02 18:28:31,795 - instabot version: 0.117.0 (api) - DEBUG - GET to endpoint: media/2629011747342937464_1316136710/info/ returned response: <Response [200]>
2021-08-02 18:28:32,157 - instabot version: 0.117.0 (api) - DEBUG - GET to endpoint: media/2629011161222136073_1316136710/info/ returned response: <Response [200]>
2021-08-02 18:28:32,572 - instabot version: 0.117.0 (api) - DEBUG - GET to endpoint: media/2628986649322823390_1316136710/info/ returned response: <Response [200]>
2021-08-02 18:28:32,786 - instabot version: 0.117.0 (api) - DEBUG - GET to endpoint: media/2628952627763716240_1316136710/info/ returned response: <Response [200]>
2021-08-02 18:28:33,173 - instabot version: 0.117.0 (api) - DEBUG - GET to endpoint: media/2628943903903995374_1316136710/info/ returned response: <Response [200]>
2021-08-02 18:28:33,554 - instabot version: 0.117.0 (api) - DEBUG - GET to endpoint: media/2628897661619571702_1316136710/info/ returned response: <Response [200]>
2021-08-02 18:28:33,806 - instabot version: 0.117.0 (api) - DEBUG - GET to endpoint: media/2628888756382544098_1316136710/info/ returned response: <Response [200]>
2021-08-02 18:28:34,035 - instabot version: 0.117.0 (api) - DEBUG - GET to endpoint: media/2628875349180396736_1316136710/info/ returned response: <Response [200]>
2021-08-02 18:28:44,464 - instabot version: 0.117.0 (api) - DEBUG - GET to endpoint: users/theprofessor/usernameinfo/ returned response: <Response [200]>
2021-08-02 18:28:45,259 - instabot version: 0.117.0 (api) - DEBUG - GET to endpoint: users/26974977/info/ returned response: <Response [200]>
2021-08-02 18:28:52,228 - instabot version: 0.117.0 (api) - DEBUG - GET to endpoint: feed/user/26974977/?max_id=&min_timestamp=None&rank_token=48898752045_52d206de-8513-476f-a76c-bdd40877a9c8&ranked_content=true returned response: <Response [200]>
2021-08-02 18:28:52,686 - instabot version: 0.117.0 (api) - DEBUG - GET to endpoint: media/2626504239258331561_26974977/info/ returned response: <Response [200]>
2021-08-02 18:28:53,552 - instabot version: 0.117.0 (api) - DEBUG - GET to endpoint: media/2624260590598839262_26974977/info/ returned response: <Response [200]>
2021-08-02 18:28:54,059 - instabot version: 0.117.0 (api) - DEBUG - GET to endpoint: media/2622882152065079867_26974977/info/ returned response: <Response [200]>
2021-08-02 18:28:54,462 - instabot version: 0.117.0 (api) - DEBUG - GET to endpoint: media/2606211962095222976_26974977/info/ returned response: <Response [200]>
2021-08-02 18:28:55,001 - instabot version: 0.117.0 (api) - DEBUG - GET to endpoint: media/2605418881018291460_26974977/info/ returned response: <Response [200]>
2021-08-02 18:28:55,321 - instabot version: 0.117.0 (api) - DEBUG - GET to endpoint: media/2603370215824586433_26974977/info/ returned response: <Response [200]>
2021-08-02 18:28:55,686 - instabot version: 0.117.0 (api) - DEBUG - GET to endpoint: media/2602618669195576147_26974977/info/ returned response: <Response [200]>
2021-08-02 18:28:56,212 - instabot version: 0.117.0 (api) - DEBUG - GET to endpoint: media/2601846838337156548_26974977/info/ returned response: <Response [200]>
2021-08-02 18:28:56,646 - instabot version: 0.117.0 (api) - DEBUG - GET to endpoint: media/2599144012316234614_26974977/info/ returned response: <Response [200]>
2021-08-02 18:28:57,033 - instabot version: 0.117.0 (api) - DEBUG - GET to endpoint: media/2596822199611477484_26974977/info/ returned response: <Response [200]>
2021-08-02 18:28:57,442 - instabot version: 0.117.0 (api) - DEBUG - GET to endpoint: media/2596092234987063665_26974977/info/ returned response: <Response [200]>
2021-08-02 18:28:58,362 - instabot version: 0.117.0 (api) - DEBUG - GET to endpoint: media/2588190154632903033_26974977/info/ returned response: <Response [200]>
2021-08-02 18:29:08,911 - instabot version: 0.117.0 (api) - DEBUG - GET to endpoint: users/fcbayern/usernameinfo/ returned response: <Response [200]>
2021-08-02 18:29:09,832 - instabot version: 0.117.0 (api) - DEBUG - GET to endpoint: users/378496191/info/ returned response: <Response [200]>
2021-08-02 18:29:15,868 - instabot version: 0.117.0 (api) - DEBUG - GET to endpoint: feed/user/378496191/?max_id=&min_timestamp=None&rank_token=48898752045_52d206de-8513-476f-a76c-bdd40877a9c8&ranked_content=true returned response: <Response [200]>
2021-08-02 18:29:16,110 - instabot version: 0.117.0 (api) - DEBUG - GET to endpoint: media/2631516696294833176_378496191/info/ returned response: <Response [200]>
2021-08-02 18:29:16,806 - instabot version: 0.117.0 (api) - DEBUG - GET to endpoint: media/2631500946682799282_378496191/info/ returned response: <Response [200]>
2021-08-02 18:29:17,713 - instabot version: 0.117.0 (api) - DEBUG - GET to endpoint: media/2631478298883926118_378496191/info/ returned response: <Response [200]>
2021-08-02 18:29:17,932 - instabot version: 0.117.0 (api) - DEBUG - GET to endpoint: media/2631461893105597599_378496191/info/ returned response: <Response [200]>
2021-08-02 18:29:18,228 - instabot version: 0.117.0 (api) - DEBUG - GET to endpoint: media/2631444767032677724_378496191/info/ returned response: <Response [200]>
2021-08-02 18:29:18,644 - instabot version: 0.117.0 (api) - DEBUG - GET to endpoint: media/2631353861904356784_378496191/info/ returned response: <Response [200]>
2021-08-02 18:29:19,252 - instabot version: 0.117.0 (api) - DEBUG - GET to endpoint: media/2630817001813286678_378496191/info/ returned response: <Response [200]>
2021-08-02 18:29:19,758 - instabot version: 0.117.0 (api) - DEBUG - GET to endpoint: media/2630772701205225354_378496191/info/ returned response: <Response [200]>
2021-08-02 18:29:20,074 - instabot version: 0.117.0 (api) - DEBUG - GET to endpoint: media/2630722588458077746_378496191/info/ returned response: <Response [200]>
2021-08-02 18:29:20,591 - instabot version: 0.117.0 (api) - DEBUG - GET to endpoint: media/2630625961592279692_378496191/info/ returned response: <Response [200]>
2021-08-02 18:29:20,998 - instabot version: 0.117.0 (api) - DEBUG - GET to endpoint: media/2630592911358266313_378496191/info/ returned response: <Response [200]>
2021-08-02 18:29:21,405 - instabot version: 0.117.0 (api) - DEBUG - GET to endpoint: media/2630586920700374074_378496191/info/ returned response: <Response [200]>
2021-08-02 18:29:32,099 - instabot version: 0.117.0 (api) - DEBUG - GET to endpoint: users/dodgers/usernameinfo/ returned response: <Response [200]>
2021-08-02 18:29:33,180 - instabot version: 0.117.0 (api) - DEBUG - GET to endpoint: users/46782831/info/ returned response: <Response [200]>
2021-08-02 18:29:38,980 - instabot version: 0.117.0 (api) - DEBUG - GET to endpoint: feed/user/46782831/?max_id=&min_timestamp=None&rank_token=48898752045_52d206de-8513-476f-a76c-bdd40877a9c8&ranked_content=true returned response: <Response [200]>
2021-08-02 18:29:39,323 - instabot version: 0.117.0 (api) - DEBUG - GET to endpoint: media/2631052676281370690_46782831/info/ returned response: <Response [200]>
2021-08-02 18:29:39,732 - instabot version: 0.117.0 (api) - DEBUG - GET to endpoint: media/2631008032706061133_46782831/info/ returned response: <Response [200]>
2021-08-02 18:29:40,344 - instabot version: 0.117.0 (api) - DEBUG - GET to endpoint: media/2630992147299899963_46782831/info/ returned response: <Response [200]>
2021-08-02 18:29:40,584 - instabot version: 0.117.0 (api) - DEBUG - GET to endpoint: media/2630981040243861627_46782831/info/ returned response: <Response [200]>
2021-08-02 18:29:40,964 - instabot version: 0.117.0 (api) - DEBUG - GET to endpoint: media/2630948356322924666_46782831/info/ returned response: <Response [200]>
2021-08-02 18:29:41,182 - instabot version: 0.117.0 (api) - DEBUG - GET to endpoint: media/2630851599628922736_46782831/info/ returned response: <Response [200]>
2021-08-02 18:29:41,579 - instabot version: 0.117.0 (api) - DEBUG - GET to endpoint: media/2630422826682800663_46782831/info/ returned response: <Response [200]>
2021-08-02 18:29:42,054 - instabot version: 0.117.0 (api) - DEBUG - GET to endpoint: media/2630378471861107888_46782831/info/ returned response: <Response [200]>
2021-08-02 18:29:42,397 - instabot version: 0.117.0 (api) - DEBUG - GET to endpoint: media/2630278854255893090_46782831/info/ returned response: <Response [200]>
2021-08-02 18:29:42,908 - instabot version: 0.117.0 (api) - DEBUG - GET to endpoint: media/2629721172558619941_46782831/info/ returned response: <Response [200]>
2021-08-02 18:29:43,136 - instabot version: 0.117.0 (api) - DEBUG - GET to endpoint: media/2629463900088989503_46782831/info/ returned response: <Response [200]>
2021-08-02 18:29:43,857 - instabot version: 0.117.0 (api) - DEBUG - GET to endpoint: media/2629455077412562274_46782831/info/ returned response: <Response [200]>
2021-08-02 18:29:54,985 - instabot version: 0.117.0 (api) - DEBUG - GET to endpoint: users/crumblcookies/usernameinfo/ returned response: <Response [200]>
2021-08-02 18:29:55,894 - instabot version: 0.117.0 (api) - DEBUG - GET to endpoint: users/273020258/info/ returned response: <Response [200]>
2021-08-02 18:30:01,854 - instabot version: 0.117.0 (api) - DEBUG - GET to endpoint: feed/user/273020258/?max_id=&min_timestamp=None&rank_token=48898752045_52d206de-8513-476f-a76c-bdd40877a9c8&ranked_content=true returned response: <Response [200]>
2021-08-02 18:30:02,943 - instabot version: 0.117.0 (api) - DEBUG - GET to endpoint: media/2631499448081958978_273020258/info/ returned response: <Response [200]>
2021-08-02 18:30:03,392 - instabot version: 0.117.0 (api) - DEBUG - GET to endpoint: media/2631022828815997143_273020258/info/ returned response: <Response [200]>
2021-08-02 18:30:03,592 - instabot version: 0.117.0 (api) - DEBUG - GET to endpoint: media/2630227203472123143_273020258/info/ returned response: <Response [200]>
2021-08-02 18:30:03,792 - instabot version: 0.117.0 (api) - DEBUG - GET to endpoint: media/2629569789220566877_273020258/info/ returned response: <Response [200]>
2021-08-02 18:30:04,023 - instabot version: 0.117.0 (api) - DEBUG - GET to endpoint: media/2628830183035451098_273020258/info/ returned response: <Response [200]>
2021-08-02 18:30:04,261 - instabot version: 0.117.0 (api) - DEBUG - GET to endpoint: media/2627882990853066872_273020258/info/ returned response: <Response [200]>
2021-08-02 18:30:04,732 - instabot version: 0.117.0 (api) - DEBUG - GET to endpoint: media/2627370763732430283_273020258/info/ returned response: <Response [200]>
2021-08-02 18:30:05,083 - instabot version: 0.117.0 (api) - DEBUG - GET to endpoint: media/2626645818895446888_273020258/info/ returned response: <Response [200]>
2021-08-02 18:30:05,436 - instabot version: 0.117.0 (api) - DEBUG - GET to endpoint: media/2625946466199705884_273020258/info/ returned response: <Response [200]>
2021-08-02 18:30:05,619 - instabot version: 0.117.0 (api) - DEBUG - GET to endpoint: media/2625194634332676234_273020258/info/ returned response: <Response [200]>
2021-08-02 18:30:05,859 - instabot version: 0.117.0 (api) - DEBUG - GET to endpoint: media/2624470360206783457_273020258/info/ returned response: <Response [200]>
2021-08-02 18:30:06,087 - instabot version: 0.117.0 (api) - DEBUG - GET to endpoint: media/2623746267123637152_273020258/info/ returned response: <Response [200]>
2021-08-02 18:30:16,510 - instabot version: 0.117.0 (api) - DEBUG - GET to endpoint: users/tastyjapan/usernameinfo/ returned response: <Response [200]>
2021-08-02 18:30:17,724 - instabot version: 0.117.0 (api) - DEBUG - GET to endpoint: users/3067873658/info/ returned response: <Response [200]>
2021-08-02 18:30:23,527 - instabot version: 0.117.0 (api) - DEBUG - GET to endpoint: feed/user/3067873658/?max_id=&min_timestamp=None&rank_token=48898752045_52d206de-8513-476f-a76c-bdd40877a9c8&ranked_content=true returned response: <Response [200]>
2021-08-02 18:30:23,841 - instabot version: 0.117.0 (api) - DEBUG - GET to endpoint: media/2631264701308543719_3067873658/info/ returned response: <Response [200]>
2021-08-02 18:30:24,189 - instabot version: 0.117.0 (api) - DEBUG - GET to endpoint: media/2631083963581887822_3067873658/info/ returned response: <Response [200]>
2021-08-02 18:30:24,602 - instabot version: 0.117.0 (api) - DEBUG - GET to endpoint: media/2630540141474961106_3067873658/info/ returned response: <Response [200]>
2021-08-02 18:30:24,867 - instabot version: 0.117.0 (api) - DEBUG - GET to endpoint: media/2630358941602944997_3067873658/info/ returned response: <Response [200]>
2021-08-02 18:30:25,216 - instabot version: 0.117.0 (api) - DEBUG - GET to endpoint: media/2629815487353573873_3067873658/info/ returned response: <Response [200]>
2021-08-02 18:30:25,408 - instabot version: 0.117.0 (api) - DEBUG - GET to endpoint: media/2629633874620525473_3067873658/info/ returned response: <Response [200]>
2021-08-02 18:30:25,641 - instabot version: 0.117.0 (api) - DEBUG - GET to endpoint: media/2629090309547765909_3067873658/info/ returned response: <Response [200]>
2021-08-02 18:30:26,016 - instabot version: 0.117.0 (api) - DEBUG - GET to endpoint: media/2628909444238689938_3067873658/info/ returned response: <Response [200]>
2021-08-02 18:30:26,639 - instabot version: 0.117.0 (api) - DEBUG - GET to endpoint: media/2628365777304345169_3067873658/info/ returned response: <Response [200]>
2021-08-02 18:30:26,964 - instabot version: 0.117.0 (api) - DEBUG - GET to endpoint: media/2628184611414652065_3067873658/info/ returned response: <Response [200]>
2021-08-02 18:30:27,176 - instabot version: 0.117.0 (api) - DEBUG - GET to endpoint: media/2627640700715830357_3067873658/info/ returned response: <Response [200]>
2021-08-02 18:30:27,414 - instabot version: 0.117.0 (api) - DEBUG - GET to endpoint: media/2627459542979908292_3067873658/info/ returned response: <Response [200]>
2021-08-02 18:30:38,085 - instabot version: 0.117.0 (api) - DEBUG - GET to endpoint: users/krispykreme/usernameinfo/ returned response: <Response [200]>
2021-08-02 18:30:38,933 - instabot version: 0.117.0 (api) - DEBUG - GET to endpoint: users/10243011/info/ returned response: <Response [200]>
2021-08-02 18:30:44,429 - instabot version: 0.117.0 (api) - DEBUG - GET to endpoint: feed/user/10243011/?max_id=&min_timestamp=None&rank_token=48898752045_52d206de-8513-476f-a76c-bdd40877a9c8&ranked_content=true returned response: <Response [200]>
2021-08-02 18:30:44,670 - instabot version: 0.117.0 (api) - DEBUG - GET to endpoint: media/2630753096945246996_10243011/info/ returned response: <Response [200]>
2021-08-02 18:30:44,880 - instabot version: 0.117.0 (api) - DEBUG - GET to endpoint: media/2630027780836663745_10243011/info/ returned response: <Response [200]>
2021-08-02 18:30:45,167 - instabot version: 0.117.0 (api) - DEBUG - GET to endpoint: media/2629252179309856158_10243011/info/ returned response: <Response [200]>
2021-08-02 18:30:45,395 - instabot version: 0.117.0 (api) - DEBUG - GET to endpoint: media/2628702918472014928_10243011/info/ returned response: <Response [200]>
2021-08-02 18:30:45,681 - instabot version: 0.117.0 (api) - DEBUG - GET to endpoint: media/2627922836664976356_10243011/info/ returned response: <Response [200]>
2021-08-02 18:30:45,884 - instabot version: 0.117.0 (api) - DEBUG - GET to endpoint: media/2627102509221442704_10243011/info/ returned response: <Response [200]>
2021-08-02 18:30:46,099 - instabot version: 0.117.0 (api) - DEBUG - GET to endpoint: media/2626429565071605550_10243011/info/ returned response: <Response [200]>
2021-08-02 18:30:46,500 - instabot version: 0.117.0 (api) - DEBUG - GET to endpoint: media/2625648181981800740_10243011/info/ returned response: <Response [200]>
2021-08-02 18:30:46,922 - instabot version: 0.117.0 (api) - DEBUG - GET to endpoint: media/2624903469197012818_10243011/info/ returned response: <Response [200]>
2021-08-02 18:30:47,236 - instabot version: 0.117.0 (api) - DEBUG - GET to endpoint: media/2624298948104692046_10243011/info/ returned response: <Response [200]>
2021-08-02 18:30:47,451 - instabot version: 0.117.0 (api) - DEBUG - GET to endpoint: media/2623515389328116026_10243011/info/ returned response: <Response [200]>
2021-08-02 18:30:47,741 - instabot version: 0.117.0 (api) - DEBUG - GET to endpoint: media/2622809274254269038_10243011/info/ returned response: <Response [200]>
2021-08-02 18:30:58,120 - instabot version: 0.117.0 (api) - DEBUG - GET to endpoint: users/tortikannuchka/usernameinfo/ returned response: <Response [200]>
2021-08-02 18:30:58,988 - instabot version: 0.117.0 (api) - DEBUG - GET to endpoint: users/318357511/info/ returned response: <Response [200]>
2021-08-02 18:31:05,032 - instabot version: 0.117.0 (api) - DEBUG - GET to endpoint: feed/user/318357511/?max_id=&min_timestamp=None&rank_token=48898752045_52d206de-8513-476f-a76c-bdd40877a9c8&ranked_content=true returned response: <Response [200]>
2021-08-02 18:31:05,550 - instabot version: 0.117.0 (api) - DEBUG - GET to endpoint: media/2617627060057388355_318357511/info/ returned response: <Response [200]>
2021-08-02 18:31:06,052 - instabot version: 0.117.0 (api) - DEBUG - GET to endpoint: media/2608902055110845726_318357511/info/ returned response: <Response [200]>
2021-08-02 18:31:06,568 - instabot version: 0.117.0 (api) - DEBUG - GET to endpoint: media/2564743060009581456_318357511/info/ returned response: <Response [200]>
2021-08-02 18:31:06,690 - instabot version: 0.117.0 (api) - DEBUG - GET to endpoint: media/2561069835753019782_318357511/info/ returned response: <Response [429]>
2021-08-02 18:31:06,691 - instabot version: 0.117.0 (api) - DEBUG - Responsecode indicates error; response content: b'{"message":"Please wait a few minutes before you try again.","status":"fail"}'
2021-08-02 18:31:06,691 - instabot version: 0.117.0 (api) - ERROR - Request returns 429 error!
2021-08-02 18:31:06,692 - instabot version: 0.117.0 (api) - WARNING - That means 'too many requests'. I'll go to sleep for 5 minutes.
2021-08-02 18:32:05,929 - instabot version: 0.117.0 (bot_checkpoint) - DEBUG - Saving Checkpoint file to: C:\Users\49177\Documents\InstaMatch\Scraper\scraping_from_instagram/config/mamba2021murm.checkpoint
2021-08-02 18:32:05,930 - instabot version: 0.117.0 (bot) - INFO - Total requests: 1906
