2021-08-02 20:09:29,951 - instabot version: 0.117.0 (bot) - INFO - Instabot version: 0.117.0 Started
2021-08-02 20:09:29,951 - instabot version: 0.117.0 (bot) - DEBUG - Bot imported from C:\Users\49177\AppData\Local\Packages\PythonSoftwareFoundation.Python.3.7_qbz5n2kfra8p0\LocalCache\local-packages\Python37\site-packages\instabot\bot\bot.py
2021-08-02 20:09:29,952 - instabot version: 0.117.0 (api_login) - INFO - Not yet logged in starting: PRE-LOGIN FLOW!
2021-08-02 20:09:30,122 - instabot version: 0.117.0 (api) - DEBUG - POST to endpoint: accounts/get_prefill_candidates/ returned response: <Response [200]>
2021-08-02 20:09:30,355 - instabot version: 0.117.0 (api) - DEBUG - POST to endpoint: qe/sync/ returned response: <Response [200]>
2021-08-02 20:09:30,768 - instabot version: 0.117.0 (api) - DEBUG - POST to endpoint: launcher/sync/ returned response: <Response [200]>
2021-08-02 20:09:30,908 - instabot version: 0.117.0 (api) - DEBUG - POST to endpoint: accounts/contact_point_prefill/ returned response: <Response [200]>
2021-08-02 20:09:33,941 - instabot version: 0.117.0 (api) - DEBUG - POST to endpoint: accounts/login/ returned response: <Response [200]>
2021-08-02 20:09:33,941 - instabot version: 0.117.0 (api) - INFO - Logged-in successfully as 'mamba2021murm'!
2021-08-02 20:09:33,941 - instabot version: 0.117.0 (api_login) - INFO - LOGIN FLOW! Just logged-in: True
2021-08-02 20:09:34,347 - instabot version: 0.117.0 (api) - DEBUG - POST to endpoint: qe/sync/ returned response: <Response [200]>
2021-08-02 20:09:34,542 - instabot version: 0.117.0 (api) - DEBUG - POST to endpoint: launcher/sync/ returned response: <Response [200]>
2021-08-02 20:09:34,717 - instabot version: 0.117.0 (api) - DEBUG - GET to endpoint: zr/token/result/?device_id=android-8f95ca2920fef9ae&token_hash=&custom_device_id=android-8f95ca2920fef9ae&fetch_reason=token_expired returned response: <Response [200]>
2021-08-02 20:09:34,934 - instabot version: 0.117.0 (api) - DEBUG - GET to endpoint: multiple_accounts/get_account_family/ returned response: <Response [200]>
2021-08-02 20:09:35,134 - instabot version: 0.117.0 (api) - DEBUG - POST to endpoint: qe/sync/ returned response: <Response [200]>
2021-08-02 20:09:53,385 - instabot version: 0.117.0 (api) - DEBUG - GET to endpoint: igtv/browse_feed/?prefetch=1 returned response: <Response [500]>
2021-08-02 20:09:53,385 - instabot version: 0.117.0 (api) - DEBUG - Responsecode indicates error; response content: b''
2021-08-02 20:09:53,385 - instabot version: 0.117.0 (api) - ERROR - Request returns 500 error!
2021-08-02 20:09:53,386 - instabot version: 0.117.0 (api) - ERROR - Error checking for `feedback_required`, response text is not JSON
2021-08-02 20:09:53,386 - instabot version: 0.117.0 (api) - INFO - Full Response: <Response [500]>
2021-08-02 20:09:53,386 - instabot version: 0.117.0 (api) - INFO - Response Text: 
2021-08-02 20:09:53,387 - instabot version: 0.117.0 (api) - ERROR - Error unknown send request
2021-08-02 20:09:53,542 - instabot version: 0.117.0 (api) - DEBUG - POST to endpoint: creatives/ar_class/ returned response: <Response [200]>
2021-08-02 20:09:53,772 - instabot version: 0.117.0 (api) - DEBUG - POST to endpoint: feed/reels_tray/ returned response: <Response [200]>
2021-08-02 20:09:59,354 - instabot version: 0.117.0 (api) - DEBUG - POST to endpoint: feed/timeline/ returned response: <Response [200]>
2021-08-02 20:09:59,506 - instabot version: 0.117.0 (api) - DEBUG - GET to endpoint: media/blocked/ returned response: <Response [200]>
2021-08-02 20:10:00,175 - instabot version: 0.117.0 (api) - DEBUG - GET to endpoint: news/inbox/ returned response: <Response [200]>
2021-08-02 20:10:00,333 - instabot version: 0.117.0 (api) - DEBUG - GET to endpoint: loom/fetch_config/ returned response: <Response [200]>
2021-08-02 20:10:00,533 - instabot version: 0.117.0 (api) - DEBUG - GET to endpoint: scores/bootstrap/users/?surfaces=["autocomplete_user_list","coefficient_besties_list_ranking","coefficient_rank_recipient_user_suggestion","coefficient_ios_section_test_bootstrap_ranking","coefficient_direct_recipients_ranking_variant_2"] returned response: <Response [200]>
2021-08-02 20:10:00,692 - instabot version: 0.117.0 (api) - DEBUG - GET to endpoint: business/eligibility/get_monetization_products_eligibility_data/?product_types=branded_content returned response: <Response [200]>
2021-08-02 20:10:00,863 - instabot version: 0.117.0 (api) - DEBUG - GET to endpoint: business/branded_content/should_require_professional_account/ returned response: <Response [200]>
2021-08-02 20:10:01,002 - instabot version: 0.117.0 (api) - DEBUG - GET to endpoint: linked_accounts/get_linkage_status/ returned response: <Response [200]>
2021-08-02 20:10:01,166 - instabot version: 0.117.0 (api) - DEBUG - GET to endpoint: locations/request_country/ returned response: <Response [200]>
2021-08-02 20:10:01,314 - instabot version: 0.117.0 (api) - DEBUG - GET to endpoint: qp/get_cooldowns/?signed_body=signed_body=4b9c516a5410a3bc128e09c6104a7f042146b9c2023870560c63a43a7f66781c.4&ig_sig_key_version=4&ig_sig_key_version=4 returned response: <Response [200]>
2021-08-02 20:10:01,502 - instabot version: 0.117.0 (api) - DEBUG - GET to endpoint: users/arlink_download_info/?version_override=2.2.1 returned response: <Response [200]>
2021-08-02 20:10:01,888 - instabot version: 0.117.0 (api) - DEBUG - GET to endpoint: users/48898752045/info/ returned response: <Response [200]>
2021-08-02 20:10:02,242 - instabot version: 0.117.0 (api) - DEBUG - GET to endpoint: direct_v2/get_presence/ returned response: <Response [200]>
2021-08-02 20:10:02,605 - instabot version: 0.117.0 (api) - DEBUG - GET to endpoint: direct_v2/inbox/?visual_message_return_type=unseen&thread_message_limit=10&persistentBadging=true&limit=20 returned response: <Response [200]>
2021-08-02 20:10:03,006 - instabot version: 0.117.0 (api) - DEBUG - GET to endpoint: direct_v2/inbox/?visual_message_return_type=unseen&persistentBadging=true&limit=0 returned response: <Response [200]>
2021-08-02 20:10:03,237 - instabot version: 0.117.0 (api) - DEBUG - GET to endpoint: discover/topical_explore/?is_prefetch=true&omit_cover_media=true&use_sectional_payload=true&timezone_offset=0&session_id=e61962c4-9471-4204-8542-a8abf1327eac&include_fixed_destinations=true returned response: <Response [200]>
2021-08-02 20:10:03,446 - instabot version: 0.117.0 (api) - DEBUG - POST to endpoint: notifications/badge/ returned response: <Response [200]>
2021-08-02 20:10:03,663 - instabot version: 0.117.0 (api) - DEBUG - POST to endpoint: qp/batch_fetch/ returned response: <Response [200]>
2021-08-02 20:10:03,667 - instabot version: 0.117.0 (bot_checkpoint) - DEBUG - Loading Checkpoint file from: C:\Users\49177\Documents\InstaMatch\Scraper\scraping_from_instagram/config/mamba2021murm.checkpoint
2021-08-02 20:10:14,193 - instabot version: 0.117.0 (api) - DEBUG - GET to endpoint: users/tortikannuchka/usernameinfo/ returned response: <Response [200]>
2021-08-02 20:10:15,406 - instabot version: 0.117.0 (api) - DEBUG - GET to endpoint: users/318357511/info/ returned response: <Response [200]>
2021-08-02 20:10:21,566 - instabot version: 0.117.0 (api) - DEBUG - GET to endpoint: feed/user/318357511/?max_id=&min_timestamp=None&rank_token=48898752045_e2baecc5-d39a-4a18-a63d-0c42b91b19e4&ranked_content=true returned response: <Response [200]>
2021-08-02 20:10:21,769 - instabot version: 0.117.0 (api) - DEBUG - GET to endpoint: media/2617627060057388355_318357511/info/ returned response: <Response [429]>
2021-08-02 20:10:21,769 - instabot version: 0.117.0 (api) - DEBUG - Responsecode indicates error; response content: b'{"message":"Please wait a few minutes before you try again.","status":"fail"}'
2021-08-02 20:10:21,769 - instabot version: 0.117.0 (api) - ERROR - Request returns 429 error!
2021-08-02 20:10:21,770 - instabot version: 0.117.0 (api) - WARNING - That means 'too many requests'. I'll go to sleep for 5 minutes.
2021-08-02 20:15:21,923 - instabot version: 0.117.0 (api) - DEBUG - GET to endpoint: media/2617627060057388355_318357511/info/ returned response: <Response [429]>
2021-08-02 20:15:21,923 - instabot version: 0.117.0 (api) - DEBUG - Responsecode indicates error; response content: b'{"message":"Please wait a few minutes before you try again.","status":"fail"}'
2021-08-02 20:15:21,924 - instabot version: 0.117.0 (api) - ERROR - Request returns 429 error!
2021-08-02 20:15:21,924 - instabot version: 0.117.0 (api) - WARNING - That means 'too many requests'. I'll go to sleep for 10 minutes.
2021-08-02 20:20:01,286 - instabot version: 0.117.0 (bot_checkpoint) - DEBUG - Saving Checkpoint file to: C:\Users\49177\Documents\InstaMatch\Scraper\scraping_from_instagram/config/mamba2021murm.checkpoint
2021-08-02 20:20:01,288 - instabot version: 0.117.0 (bot) - INFO - Total requests: 1911
