2021-08-04 22:11:04,722 - instabot version: 0.117.0 (bot) - INFO - Instabot version: 0.117.0 Started
2021-08-04 22:11:04,722 - instabot version: 0.117.0 (bot) - DEBUG - Bot imported from C:\Users\49177\AppData\Local\Packages\PythonSoftwareFoundation.Python.3.7_qbz5n2kfra8p0\LocalCache\local-packages\Python37\site-packages\instabot\bot\bot.py
2021-08-04 22:11:04,723 - instabot version: 0.117.0 (api_login) - INFO - Not yet logged in starting: PRE-LOGIN FLOW!
2021-08-04 22:11:04,912 - instabot version: 0.117.0 (api) - DEBUG - POST to endpoint: accounts/get_prefill_candidates/ returned response: <Response [200]>
2021-08-04 22:11:05,089 - instabot version: 0.117.0 (api) - DEBUG - POST to endpoint: qe/sync/ returned response: <Response [200]>
2021-08-04 22:11:05,240 - instabot version: 0.117.0 (api) - DEBUG - POST to endpoint: launcher/sync/ returned response: <Response [200]>
2021-08-04 22:11:05,367 - instabot version: 0.117.0 (api) - DEBUG - POST to endpoint: accounts/contact_point_prefill/ returned response: <Response [200]>
2021-08-04 22:11:08,076 - instabot version: 0.117.0 (api) - DEBUG - POST to endpoint: accounts/login/ returned response: <Response [200]>
2021-08-04 22:11:08,077 - instabot version: 0.117.0 (api) - INFO - Logged-in successfully as 'mamba2021murm'!
2021-08-04 22:11:08,077 - instabot version: 0.117.0 (api_login) - INFO - LOGIN FLOW! Just logged-in: True
2021-08-04 22:11:08,255 - instabot version: 0.117.0 (api) - DEBUG - POST to endpoint: qe/sync/ returned response: <Response [200]>
2021-08-04 22:11:08,647 - instabot version: 0.117.0 (api) - DEBUG - POST to endpoint: launcher/sync/ returned response: <Response [200]>
2021-08-04 22:11:08,835 - instabot version: 0.117.0 (api) - DEBUG - GET to endpoint: zr/token/result/?device_id=android-8f95ca2920fef9ae&token_hash=&custom_device_id=android-8f95ca2920fef9ae&fetch_reason=token_expired returned response: <Response [200]>
2021-08-04 22:11:09,028 - instabot version: 0.117.0 (api) - DEBUG - GET to endpoint: multiple_accounts/get_account_family/ returned response: <Response [200]>
2021-08-04 22:11:09,168 - instabot version: 0.117.0 (api) - DEBUG - POST to endpoint: qe/sync/ returned response: <Response [200]>
2021-08-04 22:11:27,302 - instabot version: 0.117.0 (api) - DEBUG - GET to endpoint: igtv/browse_feed/?prefetch=1 returned response: <Response [500]>
2021-08-04 22:11:27,303 - instabot version: 0.117.0 (api) - DEBUG - Responsecode indicates error; response content: b''
2021-08-04 22:11:27,303 - instabot version: 0.117.0 (api) - ERROR - Request returns 500 error!
2021-08-04 22:11:27,304 - instabot version: 0.117.0 (api) - ERROR - Error checking for `feedback_required`, response text is not JSON
2021-08-04 22:11:27,306 - instabot version: 0.117.0 (api) - INFO - Full Response: <Response [500]>
2021-08-04 22:11:27,307 - instabot version: 0.117.0 (api) - INFO - Response Text: 
2021-08-04 22:11:27,308 - instabot version: 0.117.0 (api) - ERROR - Error unknown send request
2021-08-04 22:11:27,456 - instabot version: 0.117.0 (api) - DEBUG - POST to endpoint: creatives/ar_class/ returned response: <Response [200]>
2021-08-04 22:11:27,740 - instabot version: 0.117.0 (api) - DEBUG - POST to endpoint: feed/reels_tray/ returned response: <Response [200]>
2021-08-04 22:11:31,385 - instabot version: 0.117.0 (api) - DEBUG - POST to endpoint: feed/timeline/ returned response: <Response [200]>
2021-08-04 22:11:31,562 - instabot version: 0.117.0 (api) - DEBUG - GET to endpoint: media/blocked/ returned response: <Response [200]>
2021-08-04 22:11:32,039 - instabot version: 0.117.0 (api) - DEBUG - GET to endpoint: news/inbox/ returned response: <Response [200]>
2021-08-04 22:11:32,217 - instabot version: 0.117.0 (api) - DEBUG - GET to endpoint: loom/fetch_config/ returned response: <Response [200]>
2021-08-04 22:11:32,690 - instabot version: 0.117.0 (api) - DEBUG - GET to endpoint: scores/bootstrap/users/?surfaces=["autocomplete_user_list","coefficient_besties_list_ranking","coefficient_rank_recipient_user_suggestion","coefficient_ios_section_test_bootstrap_ranking","coefficient_direct_recipients_ranking_variant_2"] returned response: <Response [200]>
2021-08-04 22:11:32,864 - instabot version: 0.117.0 (api) - DEBUG - GET to endpoint: business/eligibility/get_monetization_products_eligibility_data/?product_types=branded_content returned response: <Response [200]>
2021-08-04 22:11:33,099 - instabot version: 0.117.0 (api) - DEBUG - GET to endpoint: business/branded_content/should_require_professional_account/ returned response: <Response [200]>
2021-08-04 22:11:33,295 - instabot version: 0.117.0 (api) - DEBUG - GET to endpoint: linked_accounts/get_linkage_status/ returned response: <Response [200]>
2021-08-04 22:11:33,553 - instabot version: 0.117.0 (api) - DEBUG - GET to endpoint: locations/request_country/ returned response: <Response [200]>
2021-08-04 22:11:33,746 - instabot version: 0.117.0 (api) - DEBUG - GET to endpoint: qp/get_cooldowns/?signed_body=signed_body=4b9c516a5410a3bc128e09c6104a7f042146b9c2023870560c63a43a7f66781c.4&ig_sig_key_version=4&ig_sig_key_version=4 returned response: <Response [200]>
2021-08-04 22:11:33,910 - instabot version: 0.117.0 (api) - DEBUG - GET to endpoint: users/arlink_download_info/?version_override=2.2.1 returned response: <Response [200]>
2021-08-04 22:11:34,258 - instabot version: 0.117.0 (api) - DEBUG - GET to endpoint: users/48898752045/info/ returned response: <Response [200]>
2021-08-04 22:11:34,536 - instabot version: 0.117.0 (api) - DEBUG - GET to endpoint: direct_v2/get_presence/ returned response: <Response [200]>
2021-08-04 22:11:36,172 - instabot version: 0.117.0 (api) - DEBUG - GET to endpoint: direct_v2/inbox/?visual_message_return_type=unseen&thread_message_limit=10&persistentBadging=true&limit=20 returned response: <Response [200]>
2021-08-04 22:11:36,490 - instabot version: 0.117.0 (api) - DEBUG - GET to endpoint: direct_v2/inbox/?visual_message_return_type=unseen&persistentBadging=true&limit=0 returned response: <Response [200]>
2021-08-04 22:11:37,287 - instabot version: 0.117.0 (api) - DEBUG - GET to endpoint: discover/topical_explore/?is_prefetch=true&omit_cover_media=true&use_sectional_payload=true&timezone_offset=0&session_id=8c98188e-8443-4a81-bba2-ea798745daff&include_fixed_destinations=true returned response: <Response [200]>
2021-08-04 22:11:37,448 - instabot version: 0.117.0 (api) - DEBUG - POST to endpoint: notifications/badge/ returned response: <Response [200]>
2021-08-04 22:11:38,193 - instabot version: 0.117.0 (api) - DEBUG - POST to endpoint: qp/batch_fetch/ returned response: <Response [200]>
2021-08-04 22:11:38,194 - instabot version: 0.117.0 (bot_checkpoint) - DEBUG - Loading Checkpoint file from: C:\Users\49177\Documents\InstaMatch\Scraper\scraping_from_instagram/config/mamba2021murm.checkpoint
2021-08-04 22:11:48,827 - instabot version: 0.117.0 (api) - DEBUG - GET to endpoint: users/lethalshooter/usernameinfo/ returned response: <Response [200]>
2021-08-04 22:11:50,043 - instabot version: 0.117.0 (api) - DEBUG - GET to endpoint: users/370409902/info/ returned response: <Response [200]>
2021-08-04 22:11:56,409 - instabot version: 0.117.0 (api) - DEBUG - GET to endpoint: feed/user/370409902/?max_id=&min_timestamp=None&rank_token=48898752045_0e7328ec-3139-4f4b-a26e-275776c7ecfe&ranked_content=true returned response: <Response [200]>
2021-08-04 22:11:56,902 - instabot version: 0.117.0 (api) - DEBUG - GET to endpoint: media/2629568448059325664_370409902/info/ returned response: <Response [200]>
2021-08-04 22:11:57,196 - instabot version: 0.117.0 (api) - DEBUG - GET to endpoint: media/2629408794469486551_370409902/info/ returned response: <Response [200]>
2021-08-04 22:11:57,540 - instabot version: 0.117.0 (api) - DEBUG - GET to endpoint: media/2628051651812249711_370409902/info/ returned response: <Response [200]>
2021-08-04 22:11:57,842 - instabot version: 0.117.0 (api) - DEBUG - GET to endpoint: media/2627253768783597705_370409902/info/ returned response: <Response [200]>
2021-08-04 22:11:58,302 - instabot version: 0.117.0 (api) - DEBUG - GET to endpoint: media/2626655909461500504_370409902/info/ returned response: <Response [200]>
2021-08-04 22:11:58,658 - instabot version: 0.117.0 (api) - DEBUG - GET to endpoint: media/2625884105734257369_370409902/info/ returned response: <Response [200]>
2021-08-04 22:11:58,941 - instabot version: 0.117.0 (api) - DEBUG - GET to endpoint: media/2625795647854772952_370409902/info/ returned response: <Response [200]>
2021-08-04 22:11:59,289 - instabot version: 0.117.0 (api) - DEBUG - GET to endpoint: media/2624650437682601703_370409902/info/ returned response: <Response [200]>
2021-08-04 22:12:08,186 - instabot version: 0.117.0 (api) - DEBUG - GET to endpoint: media/2622444136319700916_370409902/info/ returned response: <Response [200]>
2021-08-04 22:12:08,898 - instabot version: 0.117.0 (api) - DEBUG - GET to endpoint: media/2622388084857456716_370409902/info/ returned response: <Response [200]>
2021-08-04 22:12:09,270 - instabot version: 0.117.0 (api) - DEBUG - GET to endpoint: media/2622246459460252223_370409902/info/ returned response: <Response [200]>
2021-08-04 22:12:09,680 - instabot version: 0.117.0 (api) - DEBUG - GET to endpoint: media/2621051209261631590_370409902/info/ returned response: <Response [200]>
2021-08-04 22:12:20,092 - instabot version: 0.117.0 (api) - DEBUG - GET to endpoint: users/espncfb/usernameinfo/ returned response: <Response [200]>
2021-08-04 22:12:21,065 - instabot version: 0.117.0 (api) - DEBUG - GET to endpoint: users/235026597/info/ returned response: <Response [200]>
2021-08-04 22:12:26,749 - instabot version: 0.117.0 (api) - DEBUG - GET to endpoint: feed/user/235026597/?max_id=&min_timestamp=None&rank_token=48898752045_0e7328ec-3139-4f4b-a26e-275776c7ecfe&ranked_content=true returned response: <Response [200]>
2021-08-04 22:12:27,211 - instabot version: 0.117.0 (api) - DEBUG - GET to endpoint: media/2632487382484962015_235026597/info/ returned response: <Response [200]>
2021-08-04 22:12:27,414 - instabot version: 0.117.0 (api) - DEBUG - GET to endpoint: media/2631565103806794822_235026597/info/ returned response: <Response [200]>
2021-08-04 22:12:27,637 - instabot version: 0.117.0 (api) - DEBUG - GET to endpoint: media/2628594916922288931_235026597/info/ returned response: <Response [200]>
2021-08-04 22:12:27,862 - instabot version: 0.117.0 (api) - DEBUG - GET to endpoint: media/2627943640732019633_235026597/info/ returned response: <Response [200]>
2021-08-04 22:12:29,995 - instabot version: 0.117.0 (api) - DEBUG - GET to endpoint: media/2626467411694811937_235026597/info/ returned response: <Response [200]>
2021-08-04 22:12:30,300 - instabot version: 0.117.0 (api) - DEBUG - GET to endpoint: media/2625016369165768379_235026597/info/ returned response: <Response [200]>
2021-08-04 22:12:30,605 - instabot version: 0.117.0 (api) - DEBUG - GET to endpoint: media/2624317837169008029_235026597/info/ returned response: <Response [200]>
2021-08-04 22:12:30,826 - instabot version: 0.117.0 (api) - DEBUG - GET to endpoint: media/2622125632986175729_235026597/info/ returned response: <Response [200]>
2021-08-04 22:12:31,127 - instabot version: 0.117.0 (api) - DEBUG - GET to endpoint: media/2620114750917480750_235026597/info/ returned response: <Response [200]>
2021-08-04 22:12:31,463 - instabot version: 0.117.0 (api) - DEBUG - GET to endpoint: media/2619964519327014925_235026597/info/ returned response: <Response [200]>
2021-08-04 22:12:31,712 - instabot version: 0.117.0 (api) - DEBUG - GET to endpoint: media/2619341383352561320_235026597/info/ returned response: <Response [200]>
2021-08-04 22:12:32,013 - instabot version: 0.117.0 (api) - DEBUG - GET to endpoint: media/2618496240709633690_235026597/info/ returned response: <Response [200]>
2021-08-04 22:12:42,324 - instabot version: 0.117.0 (api) - DEBUG - GET to endpoint: users/buffbunny/usernameinfo/ returned response: <Response [200]>
2021-08-04 22:12:43,438 - instabot version: 0.117.0 (api) - DEBUG - GET to endpoint: users/26898746/info/ returned response: <Response [200]>
2021-08-04 22:12:49,455 - instabot version: 0.117.0 (api) - DEBUG - GET to endpoint: feed/user/26898746/?max_id=&min_timestamp=None&rank_token=48898752045_0e7328ec-3139-4f4b-a26e-275776c7ecfe&ranked_content=true returned response: <Response [200]>
2021-08-04 22:12:49,828 - instabot version: 0.117.0 (api) - DEBUG - GET to endpoint: media/2630790274917424846_26898746/info/ returned response: <Response [200]>
2021-08-04 22:12:50,115 - instabot version: 0.117.0 (api) - DEBUG - GET to endpoint: media/2621497796293024711_26898746/info/ returned response: <Response [200]>
2021-08-04 22:12:50,589 - instabot version: 0.117.0 (api) - DEBUG - GET to endpoint: media/2619872579460045008_26898746/info/ returned response: <Response [200]>
2021-08-04 22:12:50,931 - instabot version: 0.117.0 (api) - DEBUG - GET to endpoint: media/2613571205323904720_26898746/info/ returned response: <Response [200]>
2021-08-04 22:12:51,329 - instabot version: 0.117.0 (api) - DEBUG - GET to endpoint: media/2611369741981707822_26898746/info/ returned response: <Response [200]>
2021-08-04 22:12:51,679 - instabot version: 0.117.0 (api) - DEBUG - GET to endpoint: media/2601250312409038568_26898746/info/ returned response: <Response [200]>
2021-08-04 22:12:52,141 - instabot version: 0.117.0 (api) - DEBUG - GET to endpoint: media/2598216293203115187_26898746/info/ returned response: <Response [200]>
2021-08-04 22:12:52,513 - instabot version: 0.117.0 (api) - DEBUG - GET to endpoint: media/2597020872262933262_26898746/info/ returned response: <Response [200]>
2021-08-04 22:12:53,024 - instabot version: 0.117.0 (api) - DEBUG - GET to endpoint: media/2594568600849426036_26898746/info/ returned response: <Response [200]>
2021-08-04 22:12:53,338 - instabot version: 0.117.0 (api) - DEBUG - GET to endpoint: media/2591814679294797258_26898746/info/ returned response: <Response [200]>
2021-08-04 22:12:53,696 - instabot version: 0.117.0 (api) - DEBUG - GET to endpoint: media/2585207817237497033_26898746/info/ returned response: <Response [200]>
2021-08-04 22:12:53,958 - instabot version: 0.117.0 (api) - DEBUG - GET to endpoint: media/2583076293302109778_26898746/info/ returned response: <Response [200]>
2021-08-04 22:13:04,408 - instabot version: 0.117.0 (api) - DEBUG - GET to endpoint: users/ronniecoleman8/usernameinfo/ returned response: <Response [200]>
2021-08-04 22:13:05,387 - instabot version: 0.117.0 (api) - DEBUG - GET to endpoint: users/245661560/info/ returned response: <Response [200]>
2021-08-04 22:13:10,947 - instabot version: 0.117.0 (api) - DEBUG - GET to endpoint: feed/user/245661560/?max_id=&min_timestamp=None&rank_token=48898752045_0e7328ec-3139-4f4b-a26e-275776c7ecfe&ranked_content=true returned response: <Response [200]>
2021-08-04 22:13:11,139 - instabot version: 0.117.0 (api) - DEBUG - GET to endpoint: media/2628431191890375890_245661560/info/ returned response: <Response [200]>
2021-08-04 22:13:11,473 - instabot version: 0.117.0 (api) - DEBUG - GET to endpoint: media/2627179645582651749_245661560/info/ returned response: <Response [200]>
2021-08-04 22:13:11,688 - instabot version: 0.117.0 (api) - DEBUG - GET to endpoint: media/2613316005506911717_245661560/info/ returned response: <Response [200]>
2021-08-04 22:13:11,917 - instabot version: 0.117.0 (api) - DEBUG - GET to endpoint: media/2610416506297389584_245661560/info/ returned response: <Response [200]>
2021-08-04 22:13:12,180 - instabot version: 0.117.0 (api) - DEBUG - GET to endpoint: media/2609020446522096488_245661560/info/ returned response: <Response [200]>
2021-08-04 22:13:12,460 - instabot version: 0.117.0 (api) - DEBUG - GET to endpoint: media/2607600682646049295_245661560/info/ returned response: <Response [200]>
2021-08-04 22:13:12,694 - instabot version: 0.117.0 (api) - DEBUG - GET to endpoint: media/2606465174427463191_245661560/info/ returned response: <Response [200]>
2021-08-04 22:13:13,006 - instabot version: 0.117.0 (api) - DEBUG - GET to endpoint: media/2603513710507774708_245661560/info/ returned response: <Response [200]>
2021-08-04 22:13:13,287 - instabot version: 0.117.0 (api) - DEBUG - GET to endpoint: media/2602028748944305041_245661560/info/ returned response: <Response [200]>
2021-08-04 22:13:13,571 - instabot version: 0.117.0 (api) - DEBUG - GET to endpoint: media/2599245339803562725_245661560/info/ returned response: <Response [200]>
2021-08-04 22:13:13,882 - instabot version: 0.117.0 (api) - DEBUG - GET to endpoint: media/2598646589796303283_245661560/info/ returned response: <Response [200]>
2021-08-04 22:13:14,154 - instabot version: 0.117.0 (api) - DEBUG - GET to endpoint: media/2597709238853147146_245661560/info/ returned response: <Response [200]>
2021-08-04 22:13:24,488 - instabot version: 0.117.0 (api) - DEBUG - GET to endpoint: users/dalailama/usernameinfo/ returned response: <Response [200]>
2021-08-04 22:13:25,325 - instabot version: 0.117.0 (api) - DEBUG - GET to endpoint: users/1044003089/info/ returned response: <Response [200]>
2021-08-04 22:13:30,641 - instabot version: 0.117.0 (api) - DEBUG - GET to endpoint: feed/user/1044003089/?max_id=&min_timestamp=None&rank_token=48898752045_0e7328ec-3139-4f4b-a26e-275776c7ecfe&ranked_content=true returned response: <Response [200]>
2021-08-04 22:13:30,860 - instabot version: 0.117.0 (api) - DEBUG - GET to endpoint: media/2621887784686589185_1044003089/info/ returned response: <Response [200]>
2021-08-04 22:13:31,079 - instabot version: 0.117.0 (api) - DEBUG - GET to endpoint: media/2560281886062887333_1044003089/info/ returned response: <Response [200]>
2021-08-04 22:13:31,361 - instabot version: 0.117.0 (api) - DEBUG - GET to endpoint: media/2529846657082655754_1044003089/info/ returned response: <Response [200]>
2021-08-04 22:13:31,594 - instabot version: 0.117.0 (api) - DEBUG - GET to endpoint: media/2523146925535148701_1044003089/info/ returned response: <Response [200]>
2021-08-04 22:13:31,833 - instabot version: 0.117.0 (api) - DEBUG - GET to endpoint: media/2483444342583674618_1044003089/info/ returned response: <Response [200]>
2021-08-04 22:13:32,084 - instabot version: 0.117.0 (api) - DEBUG - GET to endpoint: media/2467510377184106365_1044003089/info/ returned response: <Response [200]>
2021-08-04 22:13:32,312 - instabot version: 0.117.0 (api) - DEBUG - GET to endpoint: media/2460960272893138453_1044003089/info/ returned response: <Response [200]>
2021-08-04 22:13:32,530 - instabot version: 0.117.0 (api) - DEBUG - GET to endpoint: media/2452340453541360990_1044003089/info/ returned response: <Response [200]>
2021-08-04 22:13:32,775 - instabot version: 0.117.0 (api) - DEBUG - GET to endpoint: media/2436275088625284180_1044003089/info/ returned response: <Response [200]>
2021-08-04 22:13:33,054 - instabot version: 0.117.0 (api) - DEBUG - GET to endpoint: media/2410917496365765676_1044003089/info/ returned response: <Response [200]>
2021-08-04 22:13:34,198 - instabot version: 0.117.0 (api) - DEBUG - GET to endpoint: media/2392085147834200104_1044003089/info/ returned response: <Response [200]>
2021-08-04 22:13:34,427 - instabot version: 0.117.0 (api) - DEBUG - GET to endpoint: media/2373940642559905103_1044003089/info/ returned response: <Response [200]>
2021-08-04 22:13:44,870 - instabot version: 0.117.0 (api) - DEBUG - GET to endpoint: users/risingwoman/usernameinfo/ returned response: <Response [200]>
2021-08-04 22:13:46,068 - instabot version: 0.117.0 (api) - DEBUG - GET to endpoint: users/340361477/info/ returned response: <Response [200]>
2021-08-04 22:13:51,851 - instabot version: 0.117.0 (api) - DEBUG - GET to endpoint: feed/user/340361477/?max_id=&min_timestamp=None&rank_token=48898752045_0e7328ec-3139-4f4b-a26e-275776c7ecfe&ranked_content=true returned response: <Response [200]>
2021-08-04 22:13:52,109 - instabot version: 0.117.0 (api) - DEBUG - GET to endpoint: media/2632402929038375196_340361477/info/ returned response: <Response [200]>
2021-08-04 22:13:52,404 - instabot version: 0.117.0 (api) - DEBUG - GET to endpoint: media/2631713874417975610_340361477/info/ returned response: <Response [200]>
2021-08-04 22:13:52,630 - instabot version: 0.117.0 (api) - DEBUG - GET to endpoint: media/2629578043922263649_340361477/info/ returned response: <Response [200]>
2021-08-04 22:13:52,840 - instabot version: 0.117.0 (api) - DEBUG - GET to endpoint: media/2628439726888279733_340361477/info/ returned response: <Response [200]>
2021-08-04 22:13:53,108 - instabot version: 0.117.0 (api) - DEBUG - GET to endpoint: media/2627315840322756850_340361477/info/ returned response: <Response [200]>
2021-08-04 22:13:53,394 - instabot version: 0.117.0 (api) - DEBUG - GET to endpoint: media/2624412707955198584_340361477/info/ returned response: <Response [200]>
2021-08-04 22:13:53,623 - instabot version: 0.117.0 (api) - DEBUG - GET to endpoint: media/2623805902862418033_340361477/info/ returned response: <Response [200]>
2021-08-04 22:13:53,848 - instabot version: 0.117.0 (api) - DEBUG - GET to endpoint: media/2623004538888530540_340361477/info/ returned response: <Response [200]>
2021-08-04 22:13:54,055 - instabot version: 0.117.0 (api) - DEBUG - GET to endpoint: media/2622493831684411209_340361477/info/ returned response: <Response [200]>
2021-08-04 22:13:54,288 - instabot version: 0.117.0 (api) - DEBUG - GET to endpoint: media/2620863842731863339_340361477/info/ returned response: <Response [200]>
2021-08-04 22:13:54,538 - instabot version: 0.117.0 (api) - DEBUG - GET to endpoint: media/2619456148896668282_340361477/info/ returned response: <Response [200]>
2021-08-04 22:13:54,852 - instabot version: 0.117.0 (api) - DEBUG - GET to endpoint: media/2617968373986792187_340361477/info/ returned response: <Response [200]>
2021-08-04 22:14:05,201 - instabot version: 0.117.0 (api) - DEBUG - GET to endpoint: users/qimmahrusso/usernameinfo/ returned response: <Response [200]>
2021-08-04 22:14:06,676 - instabot version: 0.117.0 (api) - DEBUG - GET to endpoint: users/34237441/info/ returned response: <Response [200]>
2021-08-04 22:14:12,676 - instabot version: 0.117.0 (api) - DEBUG - GET to endpoint: feed/user/34237441/?max_id=&min_timestamp=None&rank_token=48898752045_0e7328ec-3139-4f4b-a26e-275776c7ecfe&ranked_content=true returned response: <Response [200]>
2021-08-04 22:14:13,141 - instabot version: 0.117.0 (api) - DEBUG - GET to endpoint: media/2632340284551593259_34237441/info/ returned response: <Response [200]>
2021-08-04 22:14:13,429 - instabot version: 0.117.0 (api) - DEBUG - GET to endpoint: media/2631545980874899443_34237441/info/ returned response: <Response [200]>
2021-08-04 22:14:13,830 - instabot version: 0.117.0 (api) - DEBUG - GET to endpoint: media/2631137859886440342_34237441/info/ returned response: <Response [200]>
2021-08-04 22:14:14,096 - instabot version: 0.117.0 (api) - DEBUG - GET to endpoint: media/2630919560496583989_34237441/info/ returned response: <Response [200]>
2021-08-04 22:14:14,637 - instabot version: 0.117.0 (api) - DEBUG - GET to endpoint: media/2630187319770253656_34237441/info/ returned response: <Response [200]>
2021-08-04 22:14:14,961 - instabot version: 0.117.0 (api) - DEBUG - GET to endpoint: media/2629501469906496797_34237441/info/ returned response: <Response [200]>
2021-08-04 22:14:15,240 - instabot version: 0.117.0 (api) - DEBUG - GET to endpoint: media/2629423577327638386_34237441/info/ returned response: <Response [200]>
2021-08-04 22:14:15,539 - instabot version: 0.117.0 (api) - DEBUG - GET to endpoint: media/2628800439262858428_34237441/info/ returned response: <Response [200]>
2021-08-04 22:14:15,827 - instabot version: 0.117.0 (api) - DEBUG - GET to endpoint: media/2628666938970431338_34237441/info/ returned response: <Response [200]>
2021-08-04 22:14:16,240 - instabot version: 0.117.0 (api) - DEBUG - GET to endpoint: media/2628275057245672063_34237441/info/ returned response: <Response [200]>
2021-08-04 22:14:16,540 - instabot version: 0.117.0 (api) - DEBUG - GET to endpoint: media/2628045583677850069_34237441/info/ returned response: <Response [200]>
2021-08-04 22:14:16,838 - instabot version: 0.117.0 (api) - DEBUG - GET to endpoint: media/2627165268591579672_34237441/info/ returned response: <Response [200]>
2021-08-04 22:14:27,178 - instabot version: 0.117.0 (api) - DEBUG - GET to endpoint: users/jujimufu/usernameinfo/ returned response: <Response [200]>
2021-08-04 22:14:28,245 - instabot version: 0.117.0 (api) - DEBUG - GET to endpoint: users/1450663185/info/ returned response: <Response [200]>
2021-08-04 22:14:33,810 - instabot version: 0.117.0 (api) - DEBUG - GET to endpoint: feed/user/1450663185/?max_id=&min_timestamp=None&rank_token=48898752045_0e7328ec-3139-4f4b-a26e-275776c7ecfe&ranked_content=true returned response: <Response [200]>
2021-08-04 22:14:34,054 - instabot version: 0.117.0 (api) - DEBUG - GET to endpoint: media/2630326484098722313_1450663185/info/ returned response: <Response [200]>
2021-08-04 22:14:34,330 - instabot version: 0.117.0 (api) - DEBUG - GET to endpoint: media/2630027546995975005_1450663185/info/ returned response: <Response [200]>
2021-08-04 22:14:34,603 - instabot version: 0.117.0 (api) - DEBUG - GET to endpoint: media/2626010196468944994_1450663185/info/ returned response: <Response [200]>
2021-08-04 22:14:34,887 - instabot version: 0.117.0 (api) - DEBUG - GET to endpoint: media/2625129003709700120_1450663185/info/ returned response: <Response [200]>
2021-08-04 22:14:35,197 - instabot version: 0.117.0 (api) - DEBUG - GET to endpoint: media/2623691869430995633_1450663185/info/ returned response: <Response [200]>
2021-08-04 22:14:35,485 - instabot version: 0.117.0 (api) - DEBUG - GET to endpoint: media/2622762117335427374_1450663185/info/ returned response: <Response [200]>
2021-08-04 22:14:35,784 - instabot version: 0.117.0 (api) - DEBUG - GET to endpoint: media/2619878351981990993_1450663185/info/ returned response: <Response [200]>
2021-08-04 22:14:36,035 - instabot version: 0.117.0 (api) - DEBUG - GET to endpoint: media/2617734897055140146_1450663185/info/ returned response: <Response [200]>
2021-08-04 22:14:36,346 - instabot version: 0.117.0 (api) - DEBUG - GET to endpoint: media/2617053887804014167_1450663185/info/ returned response: <Response [200]>
2021-08-04 22:14:36,671 - instabot version: 0.117.0 (api) - DEBUG - GET to endpoint: media/2615742279809376136_1450663185/info/ returned response: <Response [200]>
2021-08-04 22:14:36,921 - instabot version: 0.117.0 (api) - DEBUG - GET to endpoint: media/2615519460540073331_1450663185/info/ returned response: <Response [200]>
2021-08-04 22:14:37,226 - instabot version: 0.117.0 (api) - DEBUG - GET to endpoint: media/2614136781257552567_1450663185/info/ returned response: <Response [200]>
2021-08-04 22:14:47,555 - instabot version: 0.117.0 (api) - DEBUG - GET to endpoint: users/twooodley/usernameinfo/ returned response: <Response [200]>
2021-08-04 22:14:48,183 - instabot version: 0.117.0 (api) - DEBUG - GET to endpoint: users/145274151/info/ returned response: <Response [200]>
2021-08-04 22:14:54,513 - instabot version: 0.117.0 (api) - DEBUG - GET to endpoint: feed/user/145274151/?max_id=&min_timestamp=None&rank_token=48898752045_0e7328ec-3139-4f4b-a26e-275776c7ecfe&ranked_content=true returned response: <Response [200]>
2021-08-04 22:14:54,829 - instabot version: 0.117.0 (api) - DEBUG - GET to endpoint: media/2632103482501746602_145274151/info/ returned response: <Response [200]>
2021-08-04 22:14:55,108 - instabot version: 0.117.0 (api) - DEBUG - GET to endpoint: media/2631445686106098163_145274151/info/ returned response: <Response [200]>
2021-08-04 22:14:55,312 - instabot version: 0.117.0 (api) - DEBUG - GET to endpoint: media/2631051409795969468_145274151/info/ returned response: <Response [200]>
2021-08-04 22:14:55,627 - instabot version: 0.117.0 (api) - DEBUG - GET to endpoint: media/2630780426776825641_145274151/info/ returned response: <Response [200]>
2021-08-04 22:14:55,891 - instabot version: 0.117.0 (api) - DEBUG - GET to endpoint: media/2630258635360700713_145274151/info/ returned response: <Response [200]>
2021-08-04 22:14:56,296 - instabot version: 0.117.0 (api) - DEBUG - GET to endpoint: media/2629445798262690809_145274151/info/ returned response: <Response [200]>
2021-08-04 22:14:56,912 - instabot version: 0.117.0 (api) - DEBUG - GET to endpoint: media/2629426682136537130_145274151/info/ returned response: <Response [200]>
2021-08-04 22:14:57,156 - instabot version: 0.117.0 (api) - DEBUG - GET to endpoint: media/2628808257117115373_145274151/info/ returned response: <Response [200]>
2021-08-04 22:14:57,382 - instabot version: 0.117.0 (api) - DEBUG - GET to endpoint: media/2625892420285667858_145274151/info/ returned response: <Response [200]>
2021-08-04 22:14:57,687 - instabot version: 0.117.0 (api) - DEBUG - GET to endpoint: media/2624424039124712507_145274151/info/ returned response: <Response [200]>
2021-08-04 22:14:57,886 - instabot version: 0.117.0 (api) - DEBUG - GET to endpoint: media/2624352360912912990_145274151/info/ returned response: <Response [200]>
2021-08-04 22:14:58,208 - instabot version: 0.117.0 (api) - DEBUG - GET to endpoint: media/2623826149051414223_145274151/info/ returned response: <Response [200]>
2021-08-04 22:14:58,473 - instabot version: 0.117.0 (api) - DEBUG - GET to endpoint: media/2622144692405887677_145274151/info/ returned response: <Response [200]>
2021-08-04 22:14:58,757 - instabot version: 0.117.0 (api) - DEBUG - GET to endpoint: media/2620664992748766239_145274151/info/ returned response: <Response [200]>
2021-08-04 22:14:59,024 - instabot version: 0.117.0 (api) - DEBUG - GET to endpoint: media/2619188588254832611_145274151/info/ returned response: <Response [200]>
2021-08-04 22:14:59,366 - instabot version: 0.117.0 (api) - DEBUG - GET to endpoint: media/2618142257353993461_145274151/info/ returned response: <Response [200]>
2021-08-04 22:14:59,838 - instabot version: 0.117.0 (api) - DEBUG - GET to endpoint: media/2617300982849384563_145274151/info/ returned response: <Response [200]>
2021-08-04 22:15:00,154 - instabot version: 0.117.0 (api) - DEBUG - GET to endpoint: media/2617254358563560207_145274151/info/ returned response: <Response [200]>
2021-08-04 22:15:00,771 - instabot version: 0.117.0 (api) - DEBUG - GET to endpoint: media/2617036376180599187_145274151/info/ returned response: <Response [200]>
2021-08-04 22:15:00,926 - instabot version: 0.117.0 (api) - DEBUG - GET to endpoint: media/2615797699810962218_145274151/info/ returned response: <Response [429]>
2021-08-04 22:15:00,926 - instabot version: 0.117.0 (api) - DEBUG - Responsecode indicates error; response content: b'{"message":"Please wait a few minutes before you try again.","status":"fail"}'
2021-08-04 22:15:00,926 - instabot version: 0.117.0 (api) - ERROR - Request returns 429 error!
2021-08-04 22:15:00,927 - instabot version: 0.117.0 (api) - WARNING - That means 'too many requests'. I'll go to sleep for 5 minutes.
2021-08-04 22:19:31,206 - instabot version: 0.117.0 (bot_checkpoint) - DEBUG - Saving Checkpoint file to: C:\Users\49177\Documents\InstaMatch\Scraper\scraping_from_instagram/config/mamba2021murm.checkpoint
2021-08-04 22:19:31,207 - instabot version: 0.117.0 (bot) - INFO - Total requests: 3966
