2021-08-03 10:29:47,608 - instabot version: 0.117.0 (bot) - INFO - Instabot version: 0.117.0 Started
2021-08-03 10:29:47,609 - instabot version: 0.117.0 (bot) - DEBUG - Bot imported from C:\Users\49177\AppData\Local\Packages\PythonSoftwareFoundation.Python.3.7_qbz5n2kfra8p0\LocalCache\local-packages\Python37\site-packages\instabot\bot\bot.py
2021-08-03 10:29:47,609 - instabot version: 0.117.0 (api_login) - INFO - Not yet logged in starting: PRE-LOGIN FLOW!
2021-08-03 10:29:47,761 - instabot version: 0.117.0 (api) - DEBUG - POST to endpoint: accounts/get_prefill_candidates/ returned response: <Response [200]>
2021-08-03 10:29:47,933 - instabot version: 0.117.0 (api) - DEBUG - POST to endpoint: qe/sync/ returned response: <Response [200]>
2021-08-03 10:29:48,111 - instabot version: 0.117.0 (api) - DEBUG - POST to endpoint: launcher/sync/ returned response: <Response [200]>
2021-08-03 10:29:48,261 - instabot version: 0.117.0 (api) - DEBUG - POST to endpoint: accounts/contact_point_prefill/ returned response: <Response [200]>
2021-08-03 10:29:51,531 - instabot version: 0.117.0 (api) - DEBUG - POST to endpoint: accounts/login/ returned response: <Response [200]>
2021-08-03 10:29:51,531 - instabot version: 0.117.0 (api) - INFO - Logged-in successfully as 'mamba2021murm'!
2021-08-03 10:29:51,531 - instabot version: 0.117.0 (api_login) - INFO - LOGIN FLOW! Just logged-in: True
2021-08-03 10:29:51,697 - instabot version: 0.117.0 (api) - DEBUG - POST to endpoint: qe/sync/ returned response: <Response [200]>
2021-08-03 10:29:51,863 - instabot version: 0.117.0 (api) - DEBUG - POST to endpoint: launcher/sync/ returned response: <Response [200]>
2021-08-03 10:29:52,001 - instabot version: 0.117.0 (api) - DEBUG - GET to endpoint: zr/token/result/?device_id=android-8f95ca2920fef9ae&token_hash=&custom_device_id=android-8f95ca2920fef9ae&fetch_reason=token_expired returned response: <Response [200]>
2021-08-03 10:29:52,127 - instabot version: 0.117.0 (api) - DEBUG - GET to endpoint: multiple_accounts/get_account_family/ returned response: <Response [200]>
2021-08-03 10:29:52,271 - instabot version: 0.117.0 (api) - DEBUG - POST to endpoint: qe/sync/ returned response: <Response [200]>
2021-08-03 10:30:10,388 - instabot version: 0.117.0 (api) - DEBUG - GET to endpoint: igtv/browse_feed/?prefetch=1 returned response: <Response [500]>
2021-08-03 10:30:10,388 - instabot version: 0.117.0 (api) - DEBUG - Responsecode indicates error; response content: b''
2021-08-03 10:30:10,389 - instabot version: 0.117.0 (api) - ERROR - Request returns 500 error!
2021-08-03 10:30:10,390 - instabot version: 0.117.0 (api) - ERROR - Error checking for `feedback_required`, response text is not JSON
2021-08-03 10:30:10,392 - instabot version: 0.117.0 (api) - INFO - Full Response: <Response [500]>
2021-08-03 10:30:10,393 - instabot version: 0.117.0 (api) - INFO - Response Text: 
2021-08-03 10:30:10,395 - instabot version: 0.117.0 (api) - ERROR - Error unknown send request
2021-08-03 10:30:10,540 - instabot version: 0.117.0 (api) - DEBUG - POST to endpoint: creatives/ar_class/ returned response: <Response [200]>
2021-08-03 10:30:10,814 - instabot version: 0.117.0 (api) - DEBUG - POST to endpoint: feed/reels_tray/ returned response: <Response [200]>
2021-08-03 10:30:15,208 - instabot version: 0.117.0 (api) - DEBUG - POST to endpoint: feed/timeline/ returned response: <Response [200]>
2021-08-03 10:30:15,340 - instabot version: 0.117.0 (api) - DEBUG - GET to endpoint: media/blocked/ returned response: <Response [200]>
2021-08-03 10:30:16,160 - instabot version: 0.117.0 (api) - DEBUG - GET to endpoint: news/inbox/ returned response: <Response [200]>
2021-08-03 10:30:16,309 - instabot version: 0.117.0 (api) - DEBUG - GET to endpoint: loom/fetch_config/ returned response: <Response [200]>
2021-08-03 10:30:16,515 - instabot version: 0.117.0 (api) - DEBUG - GET to endpoint: scores/bootstrap/users/?surfaces=["autocomplete_user_list","coefficient_besties_list_ranking","coefficient_rank_recipient_user_suggestion","coefficient_ios_section_test_bootstrap_ranking","coefficient_direct_recipients_ranking_variant_2"] returned response: <Response [200]>
2021-08-03 10:30:16,719 - instabot version: 0.117.0 (api) - DEBUG - GET to endpoint: business/eligibility/get_monetization_products_eligibility_data/?product_types=branded_content returned response: <Response [200]>
2021-08-03 10:30:16,853 - instabot version: 0.117.0 (api) - DEBUG - GET to endpoint: business/branded_content/should_require_professional_account/ returned response: <Response [200]>
2021-08-03 10:30:16,984 - instabot version: 0.117.0 (api) - DEBUG - GET to endpoint: linked_accounts/get_linkage_status/ returned response: <Response [200]>
2021-08-03 10:30:17,193 - instabot version: 0.117.0 (api) - DEBUG - GET to endpoint: locations/request_country/ returned response: <Response [200]>
2021-08-03 10:30:17,354 - instabot version: 0.117.0 (api) - DEBUG - GET to endpoint: qp/get_cooldowns/?signed_body=signed_body=4b9c516a5410a3bc128e09c6104a7f042146b9c2023870560c63a43a7f66781c.4&ig_sig_key_version=4&ig_sig_key_version=4 returned response: <Response [200]>
2021-08-03 10:30:17,520 - instabot version: 0.117.0 (api) - DEBUG - GET to endpoint: users/arlink_download_info/?version_override=2.2.1 returned response: <Response [200]>
2021-08-03 10:30:17,898 - instabot version: 0.117.0 (api) - DEBUG - GET to endpoint: users/48898752045/info/ returned response: <Response [200]>
2021-08-03 10:30:18,160 - instabot version: 0.117.0 (api) - DEBUG - GET to endpoint: direct_v2/get_presence/ returned response: <Response [200]>
2021-08-03 10:30:18,470 - instabot version: 0.117.0 (api) - DEBUG - GET to endpoint: direct_v2/inbox/?visual_message_return_type=unseen&thread_message_limit=10&persistentBadging=true&limit=20 returned response: <Response [200]>
2021-08-03 10:30:18,726 - instabot version: 0.117.0 (api) - DEBUG - GET to endpoint: direct_v2/inbox/?visual_message_return_type=unseen&persistentBadging=true&limit=0 returned response: <Response [200]>
2021-08-03 10:30:19,572 - instabot version: 0.117.0 (api) - DEBUG - GET to endpoint: discover/topical_explore/?is_prefetch=true&omit_cover_media=true&use_sectional_payload=true&timezone_offset=0&session_id=efabe308-e4a9-424f-b201-852c8e7bb7b8&include_fixed_destinations=true returned response: <Response [200]>
2021-08-03 10:30:19,698 - instabot version: 0.117.0 (api) - DEBUG - POST to endpoint: notifications/badge/ returned response: <Response [200]>
2021-08-03 10:30:20,120 - instabot version: 0.117.0 (api) - DEBUG - POST to endpoint: qp/batch_fetch/ returned response: <Response [200]>
2021-08-03 10:30:20,121 - instabot version: 0.117.0 (bot_checkpoint) - DEBUG - Loading Checkpoint file from: C:\Users\49177\Documents\InstaMatch\Scraper\scraping_from_instagram/config/mamba2021murm.checkpoint
2021-08-03 10:30:30,441 - instabot version: 0.117.0 (api) - DEBUG - GET to endpoint: users/amourducake/usernameinfo/ returned response: <Response [200]>
2021-08-03 10:30:31,262 - instabot version: 0.117.0 (api) - DEBUG - GET to endpoint: users/3486092744/info/ returned response: <Response [200]>
2021-08-03 10:30:37,006 - instabot version: 0.117.0 (api) - DEBUG - GET to endpoint: feed/user/3486092744/?max_id=&min_timestamp=None&rank_token=48898752045_275308e1-9443-4072-aa97-00c44f39935b&ranked_content=true returned response: <Response [200]>
2021-08-03 10:30:37,147 - instabot version: 0.117.0 (api) - DEBUG - GET to endpoint: media/2631419075346299051_3486092744/info/ returned response: <Response [429]>
2021-08-03 10:30:37,147 - instabot version: 0.117.0 (api) - DEBUG - Responsecode indicates error; response content: b'{"message":"Please wait a few minutes before you try again.","status":"fail"}'
2021-08-03 10:30:37,148 - instabot version: 0.117.0 (api) - ERROR - Request returns 429 error!
2021-08-03 10:30:37,149 - instabot version: 0.117.0 (api) - WARNING - That means 'too many requests'. I'll go to sleep for 5 minutes.
2021-08-03 10:30:42,849 - instabot version: 0.117.0 (bot_checkpoint) - DEBUG - Saving Checkpoint file to: C:\Users\49177\Documents\InstaMatch\Scraper\scraping_from_instagram/config/mamba2021murm.checkpoint
2021-08-03 10:30:42,851 - instabot version: 0.117.0 (bot) - INFO - Total requests: 1915
