2021-08-04 18:10:08,800 - instabot version: 0.117.0 (bot) - INFO - Instabot version: 0.117.0 Started
2021-08-04 18:10:08,801 - instabot version: 0.117.0 (bot) - DEBUG - Bot imported from C:\Users\49177\AppData\Local\Packages\PythonSoftwareFoundation.Python.3.7_qbz5n2kfra8p0\LocalCache\local-packages\Python37\site-packages\instabot\bot\bot.py
2021-08-04 18:10:08,801 - instabot version: 0.117.0 (api_login) - INFO - Not yet logged in starting: PRE-LOGIN FLOW!
2021-08-04 18:10:08,949 - instabot version: 0.117.0 (api) - DEBUG - POST to endpoint: accounts/get_prefill_candidates/ returned response: <Response [200]>
2021-08-04 18:10:09,150 - instabot version: 0.117.0 (api) - DEBUG - POST to endpoint: qe/sync/ returned response: <Response [200]>
2021-08-04 18:10:09,304 - instabot version: 0.117.0 (api) - DEBUG - POST to endpoint: launcher/sync/ returned response: <Response [200]>
2021-08-04 18:10:09,470 - instabot version: 0.117.0 (api) - DEBUG - POST to endpoint: accounts/contact_point_prefill/ returned response: <Response [200]>
2021-08-04 18:10:12,858 - instabot version: 0.117.0 (api) - DEBUG - POST to endpoint: accounts/login/ returned response: <Response [200]>
2021-08-04 18:10:12,858 - instabot version: 0.117.0 (api) - INFO - Logged-in successfully as 'mayabareeva'!
2021-08-04 18:10:12,859 - instabot version: 0.117.0 (api_login) - INFO - LOGIN FLOW! Just logged-in: True
2021-08-04 18:10:13,067 - instabot version: 0.117.0 (api) - DEBUG - POST to endpoint: qe/sync/ returned response: <Response [200]>
2021-08-04 18:10:13,298 - instabot version: 0.117.0 (api) - DEBUG - POST to endpoint: launcher/sync/ returned response: <Response [200]>
2021-08-04 18:10:13,419 - instabot version: 0.117.0 (api) - DEBUG - GET to endpoint: zr/token/result/?device_id=android-b9b5fbcfe92f57fd&token_hash=&custom_device_id=android-b9b5fbcfe92f57fd&fetch_reason=token_expired returned response: <Response [200]>
2021-08-04 18:10:13,625 - instabot version: 0.117.0 (api) - DEBUG - GET to endpoint: multiple_accounts/get_account_family/ returned response: <Response [200]>
2021-08-04 18:10:13,784 - instabot version: 0.117.0 (api) - DEBUG - POST to endpoint: qe/sync/ returned response: <Response [200]>
2021-08-04 18:10:14,686 - instabot version: 0.117.0 (api) - DEBUG - GET to endpoint: igtv/browse_feed/?prefetch=1 returned response: <Response [200]>
2021-08-04 18:10:14,887 - instabot version: 0.117.0 (api) - DEBUG - POST to endpoint: creatives/ar_class/ returned response: <Response [200]>
2021-08-04 18:10:16,998 - instabot version: 0.117.0 (api) - DEBUG - POST to endpoint: feed/reels_tray/ returned response: <Response [200]>
2021-08-04 18:10:19,395 - instabot version: 0.117.0 (api) - DEBUG - POST to endpoint: feed/timeline/ returned response: <Response [200]>
2021-08-04 18:10:20,006 - instabot version: 0.117.0 (api) - DEBUG - GET to endpoint: media/blocked/ returned response: <Response [200]>
2021-08-04 18:10:21,265 - instabot version: 0.117.0 (api) - DEBUG - GET to endpoint: news/inbox/ returned response: <Response [200]>
2021-08-04 18:10:21,454 - instabot version: 0.117.0 (api) - DEBUG - GET to endpoint: loom/fetch_config/ returned response: <Response [200]>
2021-08-04 18:10:22,382 - instabot version: 0.117.0 (api) - DEBUG - GET to endpoint: scores/bootstrap/users/?surfaces=["autocomplete_user_list","coefficient_besties_list_ranking","coefficient_rank_recipient_user_suggestion","coefficient_ios_section_test_bootstrap_ranking","coefficient_direct_recipients_ranking_variant_2"] returned response: <Response [200]>
2021-08-04 18:10:22,564 - instabot version: 0.117.0 (api) - DEBUG - GET to endpoint: business/eligibility/get_monetization_products_eligibility_data/?product_types=branded_content returned response: <Response [200]>
2021-08-04 18:10:22,750 - instabot version: 0.117.0 (api) - DEBUG - GET to endpoint: business/branded_content/should_require_professional_account/ returned response: <Response [200]>
2021-08-04 18:10:23,072 - instabot version: 0.117.0 (api) - DEBUG - GET to endpoint: linked_accounts/get_linkage_status/ returned response: <Response [200]>
2021-08-04 18:10:23,243 - instabot version: 0.117.0 (api) - DEBUG - GET to endpoint: locations/request_country/ returned response: <Response [200]>
2021-08-04 18:10:23,388 - instabot version: 0.117.0 (api) - DEBUG - GET to endpoint: qp/get_cooldowns/?signed_body=signed_body=4b9c516a5410a3bc128e09c6104a7f042146b9c2023870560c63a43a7f66781c.4&ig_sig_key_version=4&ig_sig_key_version=4 returned response: <Response [200]>
2021-08-04 18:10:23,549 - instabot version: 0.117.0 (api) - DEBUG - GET to endpoint: users/arlink_download_info/?version_override=2.2.1 returned response: <Response [200]>
2021-08-04 18:10:25,022 - instabot version: 0.117.0 (api) - DEBUG - GET to endpoint: users/206964033/info/ returned response: <Response [200]>
2021-08-04 18:10:25,159 - instabot version: 0.117.0 (api) - DEBUG - GET to endpoint: direct_v2/get_presence/ returned response: <Response [200]>
2021-08-04 18:10:38,851 - instabot version: 0.117.0 (api) - DEBUG - GET to endpoint: direct_v2/inbox/?visual_message_return_type=unseen&thread_message_limit=10&persistentBadging=true&limit=20 returned response: <Response [200]>
2021-08-04 18:10:39,163 - instabot version: 0.117.0 (api) - DEBUG - GET to endpoint: direct_v2/inbox/?visual_message_return_type=unseen&persistentBadging=true&limit=0 returned response: <Response [200]>
2021-08-04 18:10:43,667 - instabot version: 0.117.0 (api) - DEBUG - GET to endpoint: discover/topical_explore/?is_prefetch=true&omit_cover_media=true&use_sectional_payload=true&timezone_offset=0&session_id=81cedf21-94ee-4963-ab9f-499b6f5653af&include_fixed_destinations=true returned response: <Response [200]>
2021-08-04 18:10:43,813 - instabot version: 0.117.0 (api) - DEBUG - POST to endpoint: notifications/badge/ returned response: <Response [200]>
2021-08-04 18:10:45,327 - instabot version: 0.117.0 (api) - DEBUG - POST to endpoint: qp/batch_fetch/ returned response: <Response [200]>
2021-08-04 18:10:45,328 - instabot version: 0.117.0 (bot_checkpoint) - DEBUG - Loading Checkpoint file from: C:\Users\49177\Documents\InstaMatch\Scraper\scraping_from_instagram/config/mayabareeva.checkpoint
2021-08-04 18:10:56,044 - instabot version: 0.117.0 (api) - DEBUG - GET to endpoint: users/cigarlover12/usernameinfo/ returned response: <Response [200]>
2021-08-04 18:10:57,386 - instabot version: 0.117.0 (api) - DEBUG - GET to endpoint: users/5766295866/info/ returned response: <Response [200]>
2021-08-04 18:11:04,356 - instabot version: 0.117.0 (api) - DEBUG - GET to endpoint: feed/user/5766295866/?max_id=&min_timestamp=None&rank_token=206964033_413d81d6-953d-43a5-8ec4-7a5f253b4371&ranked_content=true returned response: <Response [200]>
2021-08-04 18:11:05,680 - instabot version: 0.117.0 (api) - DEBUG - GET to endpoint: media/2632921934758500051_5766295866/info/ returned response: <Response [200]>
2021-08-04 18:11:06,305 - instabot version: 0.117.0 (api) - DEBUG - GET to endpoint: media/2631481619564615031_5766295866/info/ returned response: <Response [200]>
2021-08-04 18:11:07,009 - instabot version: 0.117.0 (api) - DEBUG - GET to endpoint: media/2629301837577920203_5766295866/info/ returned response: <Response [200]>
2021-08-04 18:11:07,737 - instabot version: 0.117.0 (api) - DEBUG - GET to endpoint: media/2627862743656288510_5766295866/info/ returned response: <Response [200]>
2021-08-04 18:11:08,547 - instabot version: 0.117.0 (api) - DEBUG - GET to endpoint: media/2627141302480749173_5766295866/info/ returned response: <Response [200]>
2021-08-04 18:11:08,958 - instabot version: 0.117.0 (api) - DEBUG - GET to endpoint: media/2623713461298675379_5766295866/info/ returned response: <Response [200]>
2021-08-04 18:11:09,480 - instabot version: 0.117.0 (api) - DEBUG - GET to endpoint: media/2619200584801954247_5766295866/info/ returned response: <Response [200]>
2021-08-04 18:11:09,977 - instabot version: 0.117.0 (api) - DEBUG - GET to endpoint: media/2617085280777123671_5766295866/info/ returned response: <Response [200]>
2021-08-04 18:11:10,663 - instabot version: 0.117.0 (api) - DEBUG - GET to endpoint: media/2611931421389749567_5766295866/info/ returned response: <Response [200]>
2021-08-04 18:11:10,945 - instabot version: 0.117.0 (api) - DEBUG - GET to endpoint: media/2611257890700255028_5766295866/info/ returned response: <Response [200]>
2021-08-04 18:11:11,933 - instabot version: 0.117.0 (api) - DEBUG - GET to endpoint: media/2609877601868347499_5766295866/info/ returned response: <Response [200]>
2021-08-04 18:11:12,981 - instabot version: 0.117.0 (api) - DEBUG - GET to endpoint: media/2607586320744147837_5766295866/info/ returned response: <Response [200]>
2021-08-04 18:11:23,530 - instabot version: 0.117.0 (api) - DEBUG - GET to endpoint: users/cityoflasvegas/usernameinfo/ returned response: <Response [200]>
2021-08-04 18:11:24,508 - instabot version: 0.117.0 (api) - DEBUG - GET to endpoint: users/499042611/info/ returned response: <Response [200]>
2021-08-04 18:11:31,378 - instabot version: 0.117.0 (api) - DEBUG - GET to endpoint: feed/user/499042611/?max_id=&min_timestamp=None&rank_token=206964033_413d81d6-953d-43a5-8ec4-7a5f253b4371&ranked_content=true returned response: <Response [200]>
2021-08-04 18:11:31,788 - instabot version: 0.117.0 (api) - DEBUG - GET to endpoint: media/2632214720519020625_499042611/info/ returned response: <Response [200]>
2021-08-04 18:11:32,056 - instabot version: 0.117.0 (api) - DEBUG - GET to endpoint: media/2631684780072518192_499042611/info/ returned response: <Response [200]>
2021-08-04 18:11:32,391 - instabot version: 0.117.0 (api) - DEBUG - GET to endpoint: media/2629313833379202598_499042611/info/ returned response: <Response [200]>
2021-08-04 18:11:32,814 - instabot version: 0.117.0 (api) - DEBUG - GET to endpoint: media/2628063403094030344_499042611/info/ returned response: <Response [200]>
2021-08-04 18:11:33,223 - instabot version: 0.117.0 (api) - DEBUG - GET to endpoint: media/2626466434638498633_499042611/info/ returned response: <Response [200]>
2021-08-04 18:11:33,748 - instabot version: 0.117.0 (api) - DEBUG - GET to endpoint: media/2625019934424584300_499042611/info/ returned response: <Response [200]>
2021-08-04 18:11:34,145 - instabot version: 0.117.0 (api) - DEBUG - GET to endpoint: media/2624418004839871927_499042611/info/ returned response: <Response [200]>
2021-08-04 18:11:34,477 - instabot version: 0.117.0 (api) - DEBUG - GET to endpoint: media/2622222662824306715_499042611/info/ returned response: <Response [200]>
2021-08-04 18:11:34,721 - instabot version: 0.117.0 (api) - DEBUG - GET to endpoint: media/2621581864090146298_499042611/info/ returned response: <Response [200]>
2021-08-04 18:11:34,959 - instabot version: 0.117.0 (api) - DEBUG - GET to endpoint: media/2615085647705163567_499042611/info/ returned response: <Response [200]>
2021-08-04 18:11:35,272 - instabot version: 0.117.0 (api) - DEBUG - GET to endpoint: media/2611255848889030420_499042611/info/ returned response: <Response [200]>
2021-08-04 18:11:35,682 - instabot version: 0.117.0 (api) - DEBUG - GET to endpoint: media/2610832137673435689_499042611/info/ returned response: <Response [200]>
2021-08-04 18:11:46,063 - instabot version: 0.117.0 (api) - DEBUG - GET to endpoint: users/marijuanart_/usernameinfo/ returned response: <Response [200]>
2021-08-04 18:11:47,458 - instabot version: 0.117.0 (api) - DEBUG - GET to endpoint: users/3280524262/info/ returned response: <Response [200]>
2021-08-04 18:11:52,991 - instabot version: 0.117.0 (api) - DEBUG - GET to endpoint: feed/user/3280524262/?max_id=&min_timestamp=None&rank_token=206964033_413d81d6-953d-43a5-8ec4-7a5f253b4371&ranked_content=true returned response: <Response [200]>
2021-08-04 18:12:02,407 - instabot version: 0.117.0 (api) - DEBUG - GET to endpoint: media/2632910032532041498_3280524262/info/ returned response: <Response [560]>
2021-08-04 18:12:02,407 - instabot version: 0.117.0 (api) - DEBUG - Responsecode indicates error; response content: b''
2021-08-04 18:12:02,408 - instabot version: 0.117.0 (api) - ERROR - Request returns 560 error!
2021-08-04 18:12:02,408 - instabot version: 0.117.0 (api) - ERROR - Error checking for `feedback_required`, response text is not JSON
2021-08-04 18:12:02,409 - instabot version: 0.117.0 (api) - INFO - Full Response: <Response [560]>
2021-08-04 18:12:02,409 - instabot version: 0.117.0 (api) - INFO - Response Text: 
2021-08-04 18:12:02,409 - instabot version: 0.117.0 (api) - ERROR - Error unknown send request
2021-08-04 18:12:02,816 - instabot version: 0.117.0 (api) - DEBUG - GET to endpoint: media/2632870550223176747_3280524262/info/ returned response: <Response [200]>
2021-08-04 18:12:03,233 - instabot version: 0.117.0 (api) - DEBUG - GET to endpoint: media/2632241103690127931_3280524262/info/ returned response: <Response [200]>
2021-08-04 18:12:03,638 - instabot version: 0.117.0 (api) - DEBUG - GET to endpoint: media/2632172773025354663_3280524262/info/ returned response: <Response [200]>
2021-08-04 18:12:03,929 - instabot version: 0.117.0 (api) - DEBUG - GET to endpoint: media/2632119867475600232_3280524262/info/ returned response: <Response [200]>
2021-08-04 18:12:04,242 - instabot version: 0.117.0 (api) - DEBUG - GET to endpoint: media/2631524977746202388_3280524262/info/ returned response: <Response [200]>
2021-08-04 18:12:04,620 - instabot version: 0.117.0 (api) - DEBUG - GET to endpoint: media/2631487580820039696_3280524262/info/ returned response: <Response [200]>
2021-08-04 18:12:05,071 - instabot version: 0.117.0 (api) - DEBUG - GET to endpoint: media/2631388312373440239_3280524262/info/ returned response: <Response [200]>
2021-08-04 18:12:05,321 - instabot version: 0.117.0 (api) - DEBUG - GET to endpoint: media/2629342741462700609_3280524262/info/ returned response: <Response [200]>
2021-08-04 18:12:05,790 - instabot version: 0.117.0 (api) - DEBUG - GET to endpoint: media/2629288384180456409_3280524262/info/ returned response: <Response [200]>
2021-08-04 18:12:06,094 - instabot version: 0.117.0 (api) - DEBUG - GET to endpoint: media/2629184670409126384_3280524262/info/ returned response: <Response [200]>
2021-08-04 18:12:06,351 - instabot version: 0.117.0 (api) - DEBUG - GET to endpoint: media/2628701293340668048_3280524262/info/ returned response: <Response [200]>
2021-08-04 18:12:16,846 - instabot version: 0.117.0 (api) - DEBUG - GET to endpoint: users/gluntofficial/usernameinfo/ returned response: <Response [200]>
2021-08-04 18:12:18,161 - instabot version: 0.117.0 (api) - DEBUG - GET to endpoint: users/4691323343/info/ returned response: <Response [200]>
2021-08-04 18:12:23,922 - instabot version: 0.117.0 (api) - DEBUG - GET to endpoint: feed/user/4691323343/?max_id=&min_timestamp=None&rank_token=206964033_413d81d6-953d-43a5-8ec4-7a5f253b4371&ranked_content=true returned response: <Response [200]>
2021-08-04 18:12:24,176 - instabot version: 0.117.0 (api) - DEBUG - GET to endpoint: media/2620117514838246322_4691323343/info/ returned response: <Response [200]>
2021-08-04 18:12:24,645 - instabot version: 0.117.0 (api) - DEBUG - GET to endpoint: media/2618141300938374190_4691323343/info/ returned response: <Response [200]>
2021-08-04 18:12:24,979 - instabot version: 0.117.0 (api) - DEBUG - GET to endpoint: media/2617355470930097794_4691323343/info/ returned response: <Response [200]>
2021-08-04 18:12:25,353 - instabot version: 0.117.0 (api) - DEBUG - GET to endpoint: media/2616540219204550349_4691323343/info/ returned response: <Response [200]>
2021-08-04 18:12:25,805 - instabot version: 0.117.0 (api) - DEBUG - GET to endpoint: media/2613650440844517694_4691323343/info/ returned response: <Response [200]>
2021-08-04 18:12:26,031 - instabot version: 0.117.0 (api) - DEBUG - GET to endpoint: media/2563382148308653836_4691323343/info/ returned response: <Response [200]>
2021-08-04 18:12:26,366 - instabot version: 0.117.0 (api) - DEBUG - GET to endpoint: media/2561359560313113236_4691323343/info/ returned response: <Response [200]>
2021-08-04 18:12:26,831 - instabot version: 0.117.0 (api) - DEBUG - GET to endpoint: media/2561193445238585005_4691323343/info/ returned response: <Response [200]>
2021-08-04 18:12:27,086 - instabot version: 0.117.0 (api) - DEBUG - GET to endpoint: media/2560413600367987609_4691323343/info/ returned response: <Response [200]>
2021-08-04 18:12:27,574 - instabot version: 0.117.0 (api) - DEBUG - GET to endpoint: media/2558271591553261516_4691323343/info/ returned response: <Response [200]>
2021-08-04 18:12:27,840 - instabot version: 0.117.0 (api) - DEBUG - GET to endpoint: media/2556185555054585440_4691323343/info/ returned response: <Response [200]>
2021-08-04 18:12:28,189 - instabot version: 0.117.0 (api) - DEBUG - GET to endpoint: media/2554018395616021785_4691323343/info/ returned response: <Response [200]>
2021-08-04 18:12:38,863 - instabot version: 0.117.0 (api) - DEBUG - GET to endpoint: users/thoughtcloud/usernameinfo/ returned response: <Response [200]>
2021-08-04 18:12:40,195 - instabot version: 0.117.0 (api) - DEBUG - GET to endpoint: users/208052061/info/ returned response: <Response [200]>
2021-08-04 18:12:46,442 - instabot version: 0.117.0 (api) - DEBUG - GET to endpoint: feed/user/208052061/?max_id=&min_timestamp=None&rank_token=206964033_413d81d6-953d-43a5-8ec4-7a5f253b4371&ranked_content=true returned response: <Response [200]>
2021-08-04 18:12:46,760 - instabot version: 0.117.0 (api) - DEBUG - GET to endpoint: media/2632957769883537132_208052061/info/ returned response: <Response [200]>
2021-08-04 18:12:46,995 - instabot version: 0.117.0 (api) - DEBUG - GET to endpoint: media/2632300314727829256_208052061/info/ returned response: <Response [200]>
2021-08-04 18:12:47,308 - instabot version: 0.117.0 (api) - DEBUG - GET to endpoint: media/2631584043034864345_208052061/info/ returned response: <Response [200]>
2021-08-04 18:12:48,034 - instabot version: 0.117.0 (api) - DEBUG - GET to endpoint: media/2628654222652179878_208052061/info/ returned response: <Response [200]>
2021-08-04 18:12:48,303 - instabot version: 0.117.0 (api) - DEBUG - GET to endpoint: media/2627966864617123193_208052061/info/ returned response: <Response [200]>
2021-08-04 18:12:48,545 - instabot version: 0.117.0 (api) - DEBUG - GET to endpoint: media/2627196509216760836_208052061/info/ returned response: <Response [200]>
2021-08-04 18:12:48,901 - instabot version: 0.117.0 (api) - DEBUG - GET to endpoint: media/2626508210804558488_208052061/info/ returned response: <Response [200]>
2021-08-04 18:12:49,238 - instabot version: 0.117.0 (api) - DEBUG - GET to endpoint: media/2624287839966187902_208052061/info/ returned response: <Response [200]>
2021-08-04 18:12:49,616 - instabot version: 0.117.0 (api) - DEBUG - GET to endpoint: media/2623617352360668157_208052061/info/ returned response: <Response [200]>
2021-08-04 18:12:49,951 - instabot version: 0.117.0 (api) - DEBUG - GET to endpoint: media/2622824541117835042_208052061/info/ returned response: <Response [200]>
2021-08-04 18:12:50,190 - instabot version: 0.117.0 (api) - DEBUG - GET to endpoint: media/2622151033798826691_208052061/info/ returned response: <Response [200]>
2021-08-04 18:12:50,525 - instabot version: 0.117.0 (api) - DEBUG - GET to endpoint: media/2621391596208522971_208052061/info/ returned response: <Response [200]>
2021-08-04 18:12:50,843 - instabot version: 0.117.0 (api) - DEBUG - GET to endpoint: media/2619233230326344157_208052061/info/ returned response: <Response [200]>
2021-08-04 18:12:51,254 - instabot version: 0.117.0 (api) - DEBUG - GET to endpoint: media/2618587440570659604_208052061/info/ returned response: <Response [200]>
2021-08-04 18:12:51,839 - instabot version: 0.117.0 (api) - DEBUG - GET to endpoint: media/2617889383470087656_208052061/info/ returned response: <Response [200]>
2021-08-04 18:12:52,277 - instabot version: 0.117.0 (api) - DEBUG - GET to endpoint: media/2617135027326192681_208052061/info/ returned response: <Response [200]>
2021-08-04 18:12:52,686 - instabot version: 0.117.0 (api) - DEBUG - GET to endpoint: media/2616407792600360269_208052061/info/ returned response: <Response [200]>
2021-08-04 18:12:52,994 - instabot version: 0.117.0 (api) - DEBUG - GET to endpoint: media/2614154625082760647_208052061/info/ returned response: <Response [200]>
2021-08-04 18:12:53,405 - instabot version: 0.117.0 (api) - DEBUG - GET to endpoint: media/2613479393577900892_208052061/info/ returned response: <Response [200]>
2021-08-04 18:12:53,817 - instabot version: 0.117.0 (api) - DEBUG - GET to endpoint: media/2612765670768863865_208052061/info/ returned response: <Response [200]>
2021-08-04 18:12:54,219 - instabot version: 0.117.0 (api) - DEBUG - GET to endpoint: media/2612007636647882064_208052061/info/ returned response: <Response [200]>
2021-08-04 18:12:54,638 - instabot version: 0.117.0 (api) - DEBUG - GET to endpoint: media/2609159437985805208_208052061/info/ returned response: <Response [200]>
2021-08-04 18:13:05,180 - instabot version: 0.117.0 (api) - DEBUG - GET to endpoint: users/liftedladiesbox/usernameinfo/ returned response: <Response [200]>
2021-08-04 18:13:06,101 - instabot version: 0.117.0 (api) - DEBUG - GET to endpoint: users/3146982616/info/ returned response: <Response [200]>
2021-08-04 18:13:12,197 - instabot version: 0.117.0 (api) - DEBUG - GET to endpoint: feed/user/3146982616/?max_id=&min_timestamp=None&rank_token=206964033_413d81d6-953d-43a5-8ec4-7a5f253b4371&ranked_content=true returned response: <Response [200]>
2021-08-04 18:13:12,881 - instabot version: 0.117.0 (api) - DEBUG - GET to endpoint: media/2611951411276222148_3146982616/info/ returned response: <Response [200]>
2021-08-04 18:13:13,293 - instabot version: 0.117.0 (api) - DEBUG - GET to endpoint: media/2604205786430211457_3146982616/info/ returned response: <Response [200]>
2021-08-04 18:13:14,088 - instabot version: 0.117.0 (api) - DEBUG - GET to endpoint: media/2500573786879110608_3146982616/info/ returned response: <Response [200]>
2021-08-04 18:13:14,333 - instabot version: 0.117.0 (api) - DEBUG - GET to endpoint: media/2478690254414186653_3146982616/info/ returned response: <Response [200]>
2021-08-04 18:13:15,116 - instabot version: 0.117.0 (api) - DEBUG - GET to endpoint: media/2380903944698034845_3146982616/info/ returned response: <Response [200]>
2021-08-04 18:13:15,523 - instabot version: 0.117.0 (api) - DEBUG - GET to endpoint: media/2329441773166531320_3146982616/info/ returned response: <Response [200]>
2021-08-04 18:13:15,834 - instabot version: 0.117.0 (api) - DEBUG - GET to endpoint: media/2322885547700142246_3146982616/info/ returned response: <Response [200]>
2021-08-04 18:13:16,239 - instabot version: 0.117.0 (api) - DEBUG - GET to endpoint: media/2310631560460515676_3146982616/info/ returned response: <Response [200]>
2021-08-04 18:13:16,649 - instabot version: 0.117.0 (api) - DEBUG - GET to endpoint: media/2298238570916590719_3146982616/info/ returned response: <Response [200]>
2021-08-04 18:13:16,966 - instabot version: 0.117.0 (api) - DEBUG - GET to endpoint: media/2293273919619594435_3146982616/info/ returned response: <Response [200]>
2021-08-04 18:13:17,365 - instabot version: 0.117.0 (api) - DEBUG - GET to endpoint: media/2291854498769702068_3146982616/info/ returned response: <Response [200]>
2021-08-04 18:13:17,682 - instabot version: 0.117.0 (api) - DEBUG - GET to endpoint: media/2281669303425030385_3146982616/info/ returned response: <Response [200]>
2021-08-04 18:13:28,117 - instabot version: 0.117.0 (api) - DEBUG - GET to endpoint: users/solfiregardens2019/usernameinfo/ returned response: <Response [200]>
2021-08-04 18:13:28,982 - instabot version: 0.117.0 (api) - DEBUG - GET to endpoint: users/10908861731/info/ returned response: <Response [200]>
2021-08-04 18:13:36,414 - instabot version: 0.117.0 (api) - DEBUG - GET to endpoint: feed/user/10908861731/?max_id=&min_timestamp=None&rank_token=206964033_413d81d6-953d-43a5-8ec4-7a5f253b4371&ranked_content=true returned response: <Response [200]>
2021-08-04 18:13:37,510 - instabot version: 0.117.0 (api) - DEBUG - GET to endpoint: media/2631611922453548944_10908861731/info/ returned response: <Response [200]>
2021-08-04 18:13:38,257 - instabot version: 0.117.0 (api) - DEBUG - GET to endpoint: media/2630416533753176315_10908861731/info/ returned response: <Response [200]>
2021-08-04 18:13:38,973 - instabot version: 0.117.0 (api) - DEBUG - GET to endpoint: media/2629610533503125489_10908861731/info/ returned response: <Response [200]>
2021-08-04 18:13:39,791 - instabot version: 0.117.0 (api) - DEBUG - GET to endpoint: media/2628122802031338596_10908861731/info/ returned response: <Response [200]>
2021-08-04 18:13:41,021 - instabot version: 0.117.0 (api) - DEBUG - GET to endpoint: media/2626670073937294611_10908861731/info/ returned response: <Response [200]>
2021-08-04 18:13:41,331 - instabot version: 0.117.0 (api) - DEBUG - GET to endpoint: media/2625206841267603493_10908861731/info/ returned response: <Response [200]>
2021-08-04 18:13:42,555 - instabot version: 0.117.0 (api) - DEBUG - GET to endpoint: media/2623743578583372062_10908861731/info/ returned response: <Response [200]>
2021-08-04 18:13:43,784 - instabot version: 0.117.0 (api) - DEBUG - GET to endpoint: media/2622258048465182764_10908861731/info/ returned response: <Response [200]>
2021-08-04 18:13:44,709 - instabot version: 0.117.0 (api) - DEBUG - GET to endpoint: media/2620807311491254418_10908861731/info/ returned response: <Response [200]>
2021-08-04 18:13:45,424 - instabot version: 0.117.0 (api) - DEBUG - GET to endpoint: media/2619302234565714168_10908861731/info/ returned response: <Response [200]>
2021-08-04 18:13:46,552 - instabot version: 0.117.0 (api) - DEBUG - GET to endpoint: media/2618603146119580154_10908861731/info/ returned response: <Response [200]>
2021-08-04 18:13:46,837 - instabot version: 0.117.0 (api) - DEBUG - GET to endpoint: media/2611316338520462703_10908861731/info/ returned response: <Response [200]>
2021-08-04 18:13:47,174 - instabot version: 0.117.0 (api) - DEBUG - GET to endpoint: media/2610598836744015627_10908861731/info/ returned response: <Response [200]>
2021-08-04 18:13:47,408 - instabot version: 0.117.0 (api) - DEBUG - GET to endpoint: media/2605409885041394633_10908861731/info/ returned response: <Response [200]>
2021-08-04 18:13:47,685 - instabot version: 0.117.0 (api) - DEBUG - GET to endpoint: media/2604193016259250885_10908861731/info/ returned response: <Response [200]>
2021-08-04 18:13:48,742 - instabot version: 0.117.0 (api) - DEBUG - GET to endpoint: media/2591716075905687395_10908861731/info/ returned response: <Response [200]>
2021-08-04 18:13:49,033 - instabot version: 0.117.0 (api) - DEBUG - GET to endpoint: media/2587328755001575992_10908861731/info/ returned response: <Response [200]>
2021-08-04 18:13:49,674 - instabot version: 0.117.0 (api) - DEBUG - GET to endpoint: media/2586781008947153191_10908861731/info/ returned response: <Response [200]>
2021-08-04 18:14:00,063 - instabot version: 0.117.0 (api) - DEBUG - GET to endpoint: users/somos.cubanos/usernameinfo/ returned response: <Response [200]>
2021-08-04 18:14:01,501 - instabot version: 0.117.0 (api) - DEBUG - GET to endpoint: users/15897720330/info/ returned response: <Response [200]>
2021-08-04 18:14:07,028 - instabot version: 0.117.0 (api) - DEBUG - GET to endpoint: feed/user/15897720330/?max_id=&min_timestamp=None&rank_token=206964033_413d81d6-953d-43a5-8ec4-7a5f253b4371&ranked_content=true returned response: <Response [200]>
2021-08-04 18:14:07,334 - instabot version: 0.117.0 (api) - DEBUG - GET to endpoint: media/2632822446486513733_15897720330/info/ returned response: <Response [200]>
2021-08-04 18:14:07,822 - instabot version: 0.117.0 (api) - DEBUG - GET to endpoint: media/2632577790495391973_15897720330/info/ returned response: <Response [200]>
2021-08-04 18:14:08,157 - instabot version: 0.117.0 (api) - DEBUG - GET to endpoint: media/2632554429320798759_15897720330/info/ returned response: <Response [200]>
2021-08-04 18:14:08,463 - instabot version: 0.117.0 (api) - DEBUG - GET to endpoint: media/2632549217101392310_15897720330/info/ returned response: <Response [200]>
2021-08-04 18:14:08,746 - instabot version: 0.117.0 (api) - DEBUG - GET to endpoint: media/2632503168332713783_15897720330/info/ returned response: <Response [200]>
2021-08-04 18:14:09,078 - instabot version: 0.117.0 (api) - DEBUG - GET to endpoint: media/2632479339879250950_15897720330/info/ returned response: <Response [200]>
2021-08-04 18:14:09,385 - instabot version: 0.117.0 (api) - DEBUG - GET to endpoint: media/2632471116805746923_15897720330/info/ returned response: <Response [200]>
2021-08-04 18:14:09,641 - instabot version: 0.117.0 (api) - DEBUG - GET to endpoint: media/2631110348917006498_15897720330/info/ returned response: <Response [200]>
2021-08-04 18:14:10,000 - instabot version: 0.117.0 (api) - DEBUG - GET to endpoint: media/2630904480163765976_15897720330/info/ returned response: <Response [200]>
2021-08-04 18:14:10,393 - instabot version: 0.117.0 (api) - DEBUG - GET to endpoint: media/2630834096522109334_15897720330/info/ returned response: <Response [200]>
2021-08-04 18:14:10,615 - instabot version: 0.117.0 (api) - DEBUG - GET to endpoint: media/2630319553364576855_15897720330/info/ returned response: <Response [200]>
2021-08-04 18:14:11,008 - instabot version: 0.117.0 (api) - DEBUG - GET to endpoint: media/2629513051048687012_15897720330/info/ returned response: <Response [200]>
2021-08-04 18:14:21,468 - instabot version: 0.117.0 (api) - DEBUG - GET to endpoint: users/usainbolt/usernameinfo/ returned response: <Response [200]>
2021-08-04 18:14:22,594 - instabot version: 0.117.0 (api) - DEBUG - GET to endpoint: users/52217160/info/ returned response: <Response [200]>
2021-08-04 18:14:28,536 - instabot version: 0.117.0 (api) - DEBUG - GET to endpoint: feed/user/52217160/?max_id=&min_timestamp=None&rank_token=206964033_413d81d6-953d-43a5-8ec4-7a5f253b4371&ranked_content=true returned response: <Response [200]>
2021-08-04 18:14:28,837 - instabot version: 0.117.0 (api) - DEBUG - GET to endpoint: media/2632844390523835704_52217160/info/ returned response: <Response [200]>
2021-08-04 18:14:29,249 - instabot version: 0.117.0 (api) - DEBUG - GET to endpoint: media/2632191261172244093_52217160/info/ returned response: <Response [200]>
2021-08-04 18:14:29,560 - instabot version: 0.117.0 (api) - DEBUG - GET to endpoint: media/2631529177250273133_52217160/info/ returned response: <Response [200]>
2021-08-04 18:14:29,966 - instabot version: 0.117.0 (api) - DEBUG - GET to endpoint: media/2631358052515513774_52217160/info/ returned response: <Response [200]>
2021-08-04 18:14:30,376 - instabot version: 0.117.0 (api) - DEBUG - GET to endpoint: media/2630707119511272027_52217160/info/ returned response: <Response [200]>
2021-08-04 18:14:30,821 - instabot version: 0.117.0 (api) - DEBUG - GET to endpoint: media/2630124816972020509_52217160/info/ returned response: <Response [200]>
2021-08-04 18:14:31,196 - instabot version: 0.117.0 (api) - DEBUG - GET to endpoint: media/2629979586077518931_52217160/info/ returned response: <Response [200]>
2021-08-04 18:14:31,505 - instabot version: 0.117.0 (api) - DEBUG - GET to endpoint: media/2629232809894466878_52217160/info/ returned response: <Response [200]>
2021-08-04 18:14:31,810 - instabot version: 0.117.0 (api) - DEBUG - GET to endpoint: media/2628536866883157391_52217160/info/ returned response: <Response [200]>
2021-08-04 18:14:32,221 - instabot version: 0.117.0 (api) - DEBUG - GET to endpoint: media/2627853873675893086_52217160/info/ returned response: <Response [200]>
2021-08-04 18:14:32,512 - instabot version: 0.117.0 (api) - DEBUG - GET to endpoint: media/2627045102216042735_52217160/info/ returned response: <Response [200]>
2021-08-04 18:14:33,138 - instabot version: 0.117.0 (api) - DEBUG - GET to endpoint: media/2626375620717164033_52217160/info/ returned response: <Response [200]>
2021-08-04 18:14:34,366 - instabot version: 0.117.0 (api) - DEBUG - POST to endpoint: accounts/logout/ returned response: <Response [200]>
2021-08-04 18:14:34,366 - instabot version: 0.117.0 (bot) - INFO - Bot stopped. Worked: 0:04:25.567473
2021-08-04 18:14:34,366 - instabot version: 0.117.0 (bot_checkpoint) - DEBUG - Saving Checkpoint file to: C:\Users\49177\Documents\InstaMatch\Scraper\scraping_from_instagram/config/mayabareeva.checkpoint
2021-08-04 18:14:34,367 - instabot version: 0.117.0 (bot) - INFO - Total requests: 183
2021-08-04 18:14:34,368 - instabot version: 0.117.0 (bot_checkpoint) - DEBUG - Saving Checkpoint file to: C:\Users\49177\Documents\InstaMatch\Scraper\scraping_from_instagram/config/mayabareeva.checkpoint
2021-08-04 18:14:34,368 - instabot version: 0.117.0 (bot) - INFO - Total requests: 183
