2021-08-04 18:02:07,065 - instabot version: 0.117.0 (bot) - INFO - Instabot version: 0.117.0 Started
2021-08-04 18:02:07,066 - instabot version: 0.117.0 (bot) - DEBUG - Bot imported from C:\Users\49177\AppData\Local\Packages\PythonSoftwareFoundation.Python.3.7_qbz5n2kfra8p0\LocalCache\local-packages\Python37\site-packages\instabot\bot\bot.py
2021-08-04 18:02:07,066 - instabot version: 0.117.0 (api_login) - INFO - Not yet logged in starting: PRE-LOGIN FLOW!
2021-08-04 18:02:07,277 - instabot version: 0.117.0 (api) - DEBUG - POST to endpoint: accounts/get_prefill_candidates/ returned response: <Response [200]>
2021-08-04 18:02:07,461 - instabot version: 0.117.0 (api) - DEBUG - POST to endpoint: qe/sync/ returned response: <Response [200]>
2021-08-04 18:02:07,623 - instabot version: 0.117.0 (api) - DEBUG - POST to endpoint: launcher/sync/ returned response: <Response [200]>
2021-08-04 18:02:07,778 - instabot version: 0.117.0 (api) - DEBUG - POST to endpoint: accounts/contact_point_prefill/ returned response: <Response [200]>
2021-08-04 18:02:13,199 - instabot version: 0.117.0 (api) - DEBUG - POST to endpoint: accounts/login/ returned response: <Response [200]>
2021-08-04 18:02:13,199 - instabot version: 0.117.0 (api) - INFO - Logged-in successfully as 'jacob1223steiner'!
2021-08-04 18:02:13,199 - instabot version: 0.117.0 (api_login) - INFO - LOGIN FLOW! Just logged-in: True
2021-08-04 18:02:13,607 - instabot version: 0.117.0 (api) - DEBUG - POST to endpoint: qe/sync/ returned response: <Response [400]>
2021-08-04 18:02:13,607 - instabot version: 0.117.0 (api) - DEBUG - Responsecode indicates error; response content: b'{"message":"challenge_required","challenge":{"url":"https://i.instagram.com/challenge/?next=/api/v1/qe/sync/","api_path":"/challenge/","hide_webview_header":true,"lock":true,"logout":false,"native_flow":true,"flow_render_type":0},"status":"fail"}'
2021-08-04 18:02:13,607 - instabot version: 0.117.0 (api) - ERROR - Request returns 400 error!
2021-08-04 18:02:13,609 - instabot version: 0.117.0 (api) - INFO - Instagram's error message: challenge_required
2021-08-04 18:02:13,610 - instabot version: 0.117.0 (api) - INFO - Instagram's error message: {}
2021-08-04 18:02:13,831 - instabot version: 0.117.0 (api) - DEBUG - POST to endpoint: launcher/sync/ returned response: <Response [400]>
2021-08-04 18:02:13,832 - instabot version: 0.117.0 (api) - DEBUG - Responsecode indicates error; response content: b'{"message":"challenge_required","challenge":{"url":"https://i.instagram.com/challenge/?next=/api/v1/launcher/sync/","api_path":"/challenge/","hide_webview_header":true,"lock":true,"logout":false,"native_flow":true,"flow_render_type":0},"status":"fail"}'
2021-08-04 18:02:13,832 - instabot version: 0.117.0 (api) - ERROR - Request returns 400 error!
2021-08-04 18:02:13,833 - instabot version: 0.117.0 (api) - INFO - Instagram's error message: challenge_required
2021-08-04 18:02:13,833 - instabot version: 0.117.0 (api) - INFO - Instagram's error message: {}
2021-08-04 18:02:14,120 - instabot version: 0.117.0 (api) - DEBUG - GET to endpoint: zr/token/result/?device_id=android-498ad5e7a845072f&token_hash=&custom_device_id=android-498ad5e7a845072f&fetch_reason=token_expired returned response: <Response [400]>
2021-08-04 18:02:14,120 - instabot version: 0.117.0 (api) - DEBUG - Responsecode indicates error; response content: b'{"message":"challenge_required","challenge":{"url":"https://i.instagram.com/challenge/?next=/api/v1/zr/token/result/%253Fdevice_id%253Dandroid-498ad5e7a845072f%2526token_hash%253D%2526custom_device_id%253Dandroid-498ad5e7a845072f%2526fetch_reason%253Dtoken_expired","api_path":"/challenge/","hide_webview_header":true,"lock":true,"logout":false,"native_flow":true,"flow_render_type":0},"status":"fail"}'
2021-08-04 18:02:14,120 - instabot version: 0.117.0 (api) - ERROR - Request returns 400 error!
2021-08-04 18:02:14,120 - instabot version: 0.117.0 (api) - INFO - Instagram's error message: challenge_required
2021-08-04 18:02:14,121 - instabot version: 0.117.0 (api) - INFO - Instagram's error message: {}
2021-08-04 18:02:14,333 - instabot version: 0.117.0 (api) - DEBUG - GET to endpoint: multiple_accounts/get_account_family/ returned response: <Response [400]>
2021-08-04 18:02:14,333 - instabot version: 0.117.0 (api) - DEBUG - Responsecode indicates error; response content: b'{"message":"challenge_required","challenge":{"url":"https://i.instagram.com/challenge/?next=/api/v1/multiple_accounts/get_account_family/","api_path":"/challenge/","hide_webview_header":true,"lock":true,"logout":false,"native_flow":true,"flow_render_type":0},"status":"fail"}'
2021-08-04 18:02:14,334 - instabot version: 0.117.0 (api) - ERROR - Request returns 400 error!
2021-08-04 18:02:14,335 - instabot version: 0.117.0 (api) - INFO - Instagram's error message: challenge_required
2021-08-04 18:02:14,336 - instabot version: 0.117.0 (api) - INFO - Instagram's error message: {}
2021-08-04 18:02:14,548 - instabot version: 0.117.0 (api) - DEBUG - POST to endpoint: qe/sync/ returned response: <Response [400]>
2021-08-04 18:02:14,548 - instabot version: 0.117.0 (api) - DEBUG - Responsecode indicates error; response content: b'{"message":"challenge_required","challenge":{"url":"https://i.instagram.com/challenge/?next=/api/v1/qe/sync/","api_path":"/challenge/","hide_webview_header":true,"lock":true,"logout":false,"native_flow":true,"flow_render_type":0},"status":"fail"}'
2021-08-04 18:02:14,549 - instabot version: 0.117.0 (api) - ERROR - Request returns 400 error!
2021-08-04 18:02:14,549 - instabot version: 0.117.0 (api) - INFO - Instagram's error message: challenge_required
2021-08-04 18:02:14,549 - instabot version: 0.117.0 (api) - INFO - Instagram's error message: {}
2021-08-04 18:02:15,557 - instabot version: 0.117.0 (api) - DEBUG - GET to endpoint: igtv/browse_feed/?prefetch=1 returned response: <Response [400]>
2021-08-04 18:02:15,557 - instabot version: 0.117.0 (api) - DEBUG - Responsecode indicates error; response content: b'{"message":"challenge_required","challenge":{"url":"https://i.instagram.com/challenge/?next=/api/v1/igtv/browse_feed/%253Fprefetch%253D1","api_path":"/challenge/","hide_webview_header":true,"lock":true,"logout":false,"native_flow":true,"flow_render_type":0},"status":"fail"}'
2021-08-04 18:02:15,558 - instabot version: 0.117.0 (api) - ERROR - Request returns 400 error!
2021-08-04 18:02:15,559 - instabot version: 0.117.0 (api) - INFO - Instagram's error message: challenge_required
2021-08-04 18:02:15,561 - instabot version: 0.117.0 (api) - INFO - Instagram's error message: {}
2021-08-04 18:02:16,502 - instabot version: 0.117.0 (api) - DEBUG - POST to endpoint: creatives/ar_class/ returned response: <Response [400]>
2021-08-04 18:02:16,502 - instabot version: 0.117.0 (api) - DEBUG - Responsecode indicates error; response content: b'{"message":"challenge_required","challenge":{"url":"https://i.instagram.com/challenge/?next=/api/v1/creatives/ar_class/","api_path":"/challenge/","hide_webview_header":true,"lock":true,"logout":false,"native_flow":true,"flow_render_type":0},"status":"fail"}'
2021-08-04 18:02:16,502 - instabot version: 0.117.0 (api) - ERROR - Request returns 400 error!
2021-08-04 18:02:16,502 - instabot version: 0.117.0 (api) - INFO - Instagram's error message: challenge_required
2021-08-04 18:02:16,503 - instabot version: 0.117.0 (api) - INFO - Instagram's error message: {}
2021-08-04 18:02:16,988 - instabot version: 0.117.0 (api) - DEBUG - POST to endpoint: feed/reels_tray/ returned response: <Response [400]>
2021-08-04 18:02:16,988 - instabot version: 0.117.0 (api) - DEBUG - Responsecode indicates error; response content: b'{"message":"challenge_required","challenge":{"url":"https://i.instagram.com/challenge/?next=/api/v1/feed/reels_tray/","api_path":"/challenge/","hide_webview_header":true,"lock":true,"logout":false,"native_flow":true,"flow_render_type":0},"status":"fail"}'
2021-08-04 18:02:16,988 - instabot version: 0.117.0 (api) - ERROR - Request returns 400 error!
2021-08-04 18:02:16,988 - instabot version: 0.117.0 (api) - INFO - Instagram's error message: challenge_required
2021-08-04 18:02:16,989 - instabot version: 0.117.0 (api) - INFO - Instagram's error message: {}
2021-08-04 18:02:17,273 - instabot version: 0.117.0 (api) - DEBUG - POST to endpoint: feed/timeline/ returned response: <Response [400]>
2021-08-04 18:02:17,273 - instabot version: 0.117.0 (api) - DEBUG - Responsecode indicates error; response content: b'{"message":"challenge_required","challenge":{"url":"https://i.instagram.com/challenge/?next=/api/v1/feed/timeline/","api_path":"/challenge/","hide_webview_header":true,"lock":true,"logout":false,"native_flow":true,"flow_render_type":0},"status":"fail"}'
2021-08-04 18:02:17,274 - instabot version: 0.117.0 (api) - ERROR - Request returns 400 error!
2021-08-04 18:02:17,275 - instabot version: 0.117.0 (api) - INFO - Instagram's error message: challenge_required
2021-08-04 18:02:17,276 - instabot version: 0.117.0 (api) - INFO - Instagram's error message: {}
2021-08-04 18:02:17,491 - instabot version: 0.117.0 (api) - DEBUG - GET to endpoint: media/blocked/ returned response: <Response [400]>
2021-08-04 18:02:17,492 - instabot version: 0.117.0 (api) - DEBUG - Responsecode indicates error; response content: b'{"message":"challenge_required","challenge":{"url":"https://i.instagram.com/challenge/?next=/api/v1/media/blocked/","api_path":"/challenge/","hide_webview_header":true,"lock":true,"logout":false,"native_flow":true,"flow_render_type":0},"status":"fail"}'
2021-08-04 18:02:17,492 - instabot version: 0.117.0 (api) - ERROR - Request returns 400 error!
2021-08-04 18:02:17,496 - instabot version: 0.117.0 (api) - INFO - Instagram's error message: challenge_required
2021-08-04 18:02:17,497 - instabot version: 0.117.0 (api) - INFO - Instagram's error message: {}
2021-08-04 18:02:17,693 - instabot version: 0.117.0 (api) - DEBUG - GET to endpoint: news/inbox/ returned response: <Response [400]>
2021-08-04 18:02:17,694 - instabot version: 0.117.0 (api) - DEBUG - Responsecode indicates error; response content: b'{"message":"challenge_required","challenge":{"url":"https://i.instagram.com/challenge/?next=/api/v1/news/inbox/","api_path":"/challenge/","hide_webview_header":true,"lock":true,"logout":false,"native_flow":true,"flow_render_type":0},"status":"fail"}'
2021-08-04 18:02:17,694 - instabot version: 0.117.0 (api) - ERROR - Request returns 400 error!
2021-08-04 18:02:17,694 - instabot version: 0.117.0 (api) - INFO - Instagram's error message: challenge_required
2021-08-04 18:02:17,694 - instabot version: 0.117.0 (api) - INFO - Instagram's error message: {}
2021-08-04 18:02:17,893 - instabot version: 0.117.0 (api) - DEBUG - GET to endpoint: loom/fetch_config/ returned response: <Response [400]>
2021-08-04 18:02:17,893 - instabot version: 0.117.0 (api) - DEBUG - Responsecode indicates error; response content: b'{"message":"challenge_required","challenge":{"url":"https://i.instagram.com/challenge/?next=/api/v1/loom/fetch_config/","api_path":"/challenge/","hide_webview_header":true,"lock":true,"logout":false,"native_flow":true,"flow_render_type":0},"status":"fail"}'
2021-08-04 18:02:17,893 - instabot version: 0.117.0 (api) - ERROR - Request returns 400 error!
2021-08-04 18:02:17,894 - instabot version: 0.117.0 (api) - INFO - Instagram's error message: challenge_required
2021-08-04 18:02:17,894 - instabot version: 0.117.0 (api) - INFO - Instagram's error message: {}
2021-08-04 18:02:18,123 - instabot version: 0.117.0 (api) - DEBUG - GET to endpoint: scores/bootstrap/users/?surfaces=["autocomplete_user_list","coefficient_besties_list_ranking","coefficient_rank_recipient_user_suggestion","coefficient_ios_section_test_bootstrap_ranking","coefficient_direct_recipients_ranking_variant_2"] returned response: <Response [400]>
2021-08-04 18:02:18,124 - instabot version: 0.117.0 (api) - DEBUG - Responsecode indicates error; response content: b'{"message":"challenge_required","challenge":{"url":"https://i.instagram.com/challenge/?next=/api/v1/scores/bootstrap/users/%253Fsurfaces%253D%25255B%252522autocomplete_user_list%252522%252C%252522coefficient_besties_list_ranking%252522%252C%252522coefficient_rank_recipient_user_suggestion%252522%252C%252522coefficient_ios_section_test_bootstrap_ranking%252522%252C%252522coefficient_direct_recipients_ranking_variant_2%252522%25255D","api_path":"/challenge/","hide_webview_header":true,"lock":true,"logout":false,"native_flow":true,"flow_render_type":0},"status":"fail"}'
2021-08-04 18:02:18,124 - instabot version: 0.117.0 (api) - ERROR - Request returns 400 error!
2021-08-04 18:02:18,125 - instabot version: 0.117.0 (api) - INFO - Instagram's error message: challenge_required
2021-08-04 18:02:18,125 - instabot version: 0.117.0 (api) - INFO - Instagram's error message: {}
2021-08-04 18:02:18,330 - instabot version: 0.117.0 (api) - DEBUG - GET to endpoint: business/eligibility/get_monetization_products_eligibility_data/?product_types=branded_content returned response: <Response [400]>
2021-08-04 18:02:18,330 - instabot version: 0.117.0 (api) - DEBUG - Responsecode indicates error; response content: b'{"message":"challenge_required","challenge":{"url":"https://i.instagram.com/challenge/?next=/api/v1/business/eligibility/get_monetization_products_eligibility_data/%253Fproduct_types%253Dbranded_content","api_path":"/challenge/","hide_webview_header":true,"lock":true,"logout":false,"native_flow":true,"flow_render_type":0},"status":"fail"}'
2021-08-04 18:02:18,331 - instabot version: 0.117.0 (api) - ERROR - Request returns 400 error!
2021-08-04 18:02:18,332 - instabot version: 0.117.0 (api) - INFO - Instagram's error message: challenge_required
2021-08-04 18:02:18,334 - instabot version: 0.117.0 (api) - INFO - Instagram's error message: {}
2021-08-04 18:02:18,555 - instabot version: 0.117.0 (api) - DEBUG - GET to endpoint: business/branded_content/should_require_professional_account/ returned response: <Response [400]>
2021-08-04 18:02:18,555 - instabot version: 0.117.0 (api) - DEBUG - Responsecode indicates error; response content: b'{"message":"challenge_required","challenge":{"url":"https://i.instagram.com/challenge/?next=/api/v1/business/branded_content/should_require_professional_account/","api_path":"/challenge/","hide_webview_header":true,"lock":true,"logout":false,"native_flow":true,"flow_render_type":0},"status":"fail"}'
2021-08-04 18:02:18,555 - instabot version: 0.117.0 (api) - ERROR - Request returns 400 error!
2021-08-04 18:02:18,556 - instabot version: 0.117.0 (api) - INFO - Instagram's error message: challenge_required
2021-08-04 18:02:18,556 - instabot version: 0.117.0 (api) - INFO - Instagram's error message: {}
2021-08-04 18:02:18,772 - instabot version: 0.117.0 (api) - DEBUG - GET to endpoint: linked_accounts/get_linkage_status/ returned response: <Response [400]>
2021-08-04 18:02:18,772 - instabot version: 0.117.0 (api) - DEBUG - Responsecode indicates error; response content: b'{"message":"challenge_required","challenge":{"url":"https://i.instagram.com/challenge/?next=/api/v1/linked_accounts/get_linkage_status/","api_path":"/challenge/","hide_webview_header":true,"lock":true,"logout":false,"native_flow":true,"flow_render_type":0},"status":"fail"}'
2021-08-04 18:02:18,773 - instabot version: 0.117.0 (api) - ERROR - Request returns 400 error!
2021-08-04 18:02:18,773 - instabot version: 0.117.0 (api) - INFO - Instagram's error message: challenge_required
2021-08-04 18:02:18,773 - instabot version: 0.117.0 (api) - INFO - Instagram's error message: {}
2021-08-04 18:02:18,968 - instabot version: 0.117.0 (api) - DEBUG - GET to endpoint: locations/request_country/ returned response: <Response [400]>
2021-08-04 18:02:18,968 - instabot version: 0.117.0 (api) - DEBUG - Responsecode indicates error; response content: b'{"message":"challenge_required","challenge":{"url":"https://i.instagram.com/challenge/?next=/api/v1/locations/request_country/","api_path":"/challenge/","hide_webview_header":true,"lock":true,"logout":false,"native_flow":true,"flow_render_type":0},"status":"fail"}'
2021-08-04 18:02:18,968 - instabot version: 0.117.0 (api) - ERROR - Request returns 400 error!
2021-08-04 18:02:18,969 - instabot version: 0.117.0 (api) - INFO - Instagram's error message: challenge_required
2021-08-04 18:02:18,969 - instabot version: 0.117.0 (api) - INFO - Instagram's error message: {}
2021-08-04 18:02:19,162 - instabot version: 0.117.0 (api) - DEBUG - GET to endpoint: qp/get_cooldowns/?signed_body=signed_body=4b9c516a5410a3bc128e09c6104a7f042146b9c2023870560c63a43a7f66781c.4&ig_sig_key_version=4&ig_sig_key_version=4 returned response: <Response [400]>
2021-08-04 18:02:19,163 - instabot version: 0.117.0 (api) - DEBUG - Responsecode indicates error; response content: b'{"message":"challenge_required","challenge":{"url":"https://i.instagram.com/challenge/?next=/api/v1/qp/get_cooldowns/%253Fsigned_body%253Dsigned_body%253D4b9c516a5410a3bc128e09c6104a7f042146b9c2023870560c63a43a7f66781c.4%2526ig_sig_key_version%253D4%2526ig_sig_key_version%253D4","api_path":"/challenge/","hide_webview_header":true,"lock":true,"logout":false,"native_flow":true,"flow_render_type":0},"status":"fail"}'
2021-08-04 18:02:19,163 - instabot version: 0.117.0 (api) - ERROR - Request returns 400 error!
2021-08-04 18:02:19,164 - instabot version: 0.117.0 (api) - INFO - Instagram's error message: challenge_required
2021-08-04 18:02:19,166 - instabot version: 0.117.0 (api) - INFO - Instagram's error message: {}
2021-08-04 18:02:19,646 - instabot version: 0.117.0 (api) - DEBUG - GET to endpoint: users/arlink_download_info/?version_override=2.2.1 returned response: <Response [400]>
2021-08-04 18:02:19,648 - instabot version: 0.117.0 (api) - DEBUG - Responsecode indicates error; response content: b'{"message":"challenge_required","challenge":{"url":"https://i.instagram.com/challenge/?next=/api/v1/users/arlink_download_info/%253Fversion_override%253D2.2.1","api_path":"/challenge/","hide_webview_header":true,"lock":true,"logout":false,"native_flow":true,"flow_render_type":0},"status":"fail"}'
2021-08-04 18:02:19,648 - instabot version: 0.117.0 (api) - ERROR - Request returns 400 error!
2021-08-04 18:02:19,649 - instabot version: 0.117.0 (api) - INFO - Instagram's error message: challenge_required
2021-08-04 18:02:19,649 - instabot version: 0.117.0 (api) - INFO - Instagram's error message: {}
2021-08-04 18:02:19,866 - instabot version: 0.117.0 (api) - DEBUG - GET to endpoint: users/48828982446/info/ returned response: <Response [400]>
2021-08-04 18:02:19,866 - instabot version: 0.117.0 (api) - DEBUG - Responsecode indicates error; response content: b'{"message":"challenge_required","challenge":{"url":"https://i.instagram.com/challenge/?next=/api/v1/users/48828982446/info/","api_path":"/challenge/","hide_webview_header":true,"lock":true,"logout":false,"native_flow":true,"flow_render_type":0},"status":"fail"}'
2021-08-04 18:02:19,866 - instabot version: 0.117.0 (api) - ERROR - Request returns 400 error!
2021-08-04 18:02:19,866 - instabot version: 0.117.0 (api) - INFO - Instagram's error message: challenge_required
2021-08-04 18:02:19,867 - instabot version: 0.117.0 (api) - INFO - Instagram's error message: {}
2021-08-04 18:02:20,071 - instabot version: 0.117.0 (api) - DEBUG - GET to endpoint: direct_v2/get_presence/ returned response: <Response [400]>
2021-08-04 18:02:20,071 - instabot version: 0.117.0 (api) - DEBUG - Responsecode indicates error; response content: b'{"message":"challenge_required","challenge":{"url":"https://i.instagram.com/challenge/?next=/api/v1/direct_v2/get_presence/","api_path":"/challenge/","hide_webview_header":true,"lock":true,"logout":false,"native_flow":true,"flow_render_type":0},"status":"fail"}'
2021-08-04 18:02:20,071 - instabot version: 0.117.0 (api) - ERROR - Request returns 400 error!
2021-08-04 18:02:20,073 - instabot version: 0.117.0 (api) - INFO - Instagram's error message: challenge_required
2021-08-04 18:02:20,073 - instabot version: 0.117.0 (api) - INFO - Instagram's error message: {}
2021-08-04 18:02:20,265 - instabot version: 0.117.0 (api) - DEBUG - GET to endpoint: direct_v2/inbox/?visual_message_return_type=unseen&thread_message_limit=10&persistentBadging=true&limit=20 returned response: <Response [400]>
2021-08-04 18:02:20,266 - instabot version: 0.117.0 (api) - DEBUG - Responsecode indicates error; response content: b'{"message":"challenge_required","challenge":{"url":"https://i.instagram.com/challenge/?next=/api/v1/direct_v2/inbox/%253Fvisual_message_return_type%253Dunseen%2526thread_message_limit%253D10%2526persistentBadging%253Dtrue%2526limit%253D20","api_path":"/challenge/","hide_webview_header":true,"lock":true,"logout":false,"native_flow":true,"flow_render_type":0},"status":"fail"}'
2021-08-04 18:02:20,266 - instabot version: 0.117.0 (api) - ERROR - Request returns 400 error!
2021-08-04 18:02:20,268 - instabot version: 0.117.0 (api) - INFO - Instagram's error message: challenge_required
2021-08-04 18:02:20,269 - instabot version: 0.117.0 (api) - INFO - Instagram's error message: {}
2021-08-04 18:02:20,458 - instabot version: 0.117.0 (api) - DEBUG - GET to endpoint: direct_v2/inbox/?visual_message_return_type=unseen&persistentBadging=true&limit=0 returned response: <Response [400]>
2021-08-04 18:02:20,458 - instabot version: 0.117.0 (api) - DEBUG - Responsecode indicates error; response content: b'{"message":"challenge_required","challenge":{"url":"https://i.instagram.com/challenge/?next=/api/v1/direct_v2/inbox/%253Fvisual_message_return_type%253Dunseen%2526persistentBadging%253Dtrue%2526limit%253D0","api_path":"/challenge/","hide_webview_header":true,"lock":true,"logout":false,"native_flow":true,"flow_render_type":0},"status":"fail"}'
2021-08-04 18:02:20,458 - instabot version: 0.117.0 (api) - ERROR - Request returns 400 error!
2021-08-04 18:02:20,460 - instabot version: 0.117.0 (api) - INFO - Instagram's error message: challenge_required
2021-08-04 18:02:20,462 - instabot version: 0.117.0 (api) - INFO - Instagram's error message: {}
2021-08-04 18:02:20,680 - instabot version: 0.117.0 (api) - DEBUG - GET to endpoint: discover/topical_explore/?is_prefetch=true&omit_cover_media=true&use_sectional_payload=true&timezone_offset=0&session_id=67cffc55-1a82-4691-b1c3-8e3bb06d96ab&include_fixed_destinations=true returned response: <Response [400]>
2021-08-04 18:02:20,681 - instabot version: 0.117.0 (api) - DEBUG - Responsecode indicates error; response content: b'{"message":"challenge_required","challenge":{"url":"https://i.instagram.com/challenge/?next=/api/v1/discover/topical_explore/%253Fis_prefetch%253Dtrue%2526omit_cover_media%253Dtrue%2526use_sectional_payload%253Dtrue%2526timezone_offset%253D0%2526session_id%253D67cffc55-1a82-4691-b1c3-8e3bb06d96ab%2526include_fixed_destinations%253Dtrue","api_path":"/challenge/","hide_webview_header":true,"lock":true,"logout":false,"native_flow":true,"flow_render_type":0},"status":"fail"}'
2021-08-04 18:02:20,681 - instabot version: 0.117.0 (api) - ERROR - Request returns 400 error!
2021-08-04 18:02:20,681 - instabot version: 0.117.0 (api) - INFO - Instagram's error message: challenge_required
2021-08-04 18:02:20,682 - instabot version: 0.117.0 (api) - INFO - Instagram's error message: {}
2021-08-04 18:02:20,999 - instabot version: 0.117.0 (api) - DEBUG - POST to endpoint: notifications/badge/ returned response: <Response [400]>
2021-08-04 18:02:20,999 - instabot version: 0.117.0 (api) - DEBUG - Responsecode indicates error; response content: b'{"message":"challenge_required","challenge":{"url":"https://i.instagram.com/challenge/?next=/api/v1/notifications/badge/","api_path":"/challenge/","hide_webview_header":true,"lock":true,"logout":false,"native_flow":true,"flow_render_type":0},"status":"fail"}'
2021-08-04 18:02:20,999 - instabot version: 0.117.0 (api) - ERROR - Request returns 400 error!
2021-08-04 18:02:21,000 - instabot version: 0.117.0 (api) - INFO - Instagram's error message: challenge_required
2021-08-04 18:02:21,000 - instabot version: 0.117.0 (api) - INFO - Instagram's error message: {}
2021-08-04 18:02:21,206 - instabot version: 0.117.0 (api) - DEBUG - POST to endpoint: qp/batch_fetch/ returned response: <Response [400]>
2021-08-04 18:02:21,206 - instabot version: 0.117.0 (api) - DEBUG - Responsecode indicates error; response content: b'{"message":"challenge_required","challenge":{"url":"https://i.instagram.com/challenge/?next=/api/v1/qp/batch_fetch/","api_path":"/challenge/","hide_webview_header":true,"lock":true,"logout":false,"native_flow":true,"flow_render_type":0},"status":"fail"}'
2021-08-04 18:02:21,206 - instabot version: 0.117.0 (api) - ERROR - Request returns 400 error!
2021-08-04 18:02:21,207 - instabot version: 0.117.0 (api) - INFO - Instagram's error message: challenge_required
2021-08-04 18:02:21,208 - instabot version: 0.117.0 (api) - INFO - Instagram's error message: {}
2021-08-04 18:02:21,211 - instabot version: 0.117.0 (bot_checkpoint) - DEBUG - Loading Checkpoint file from: C:\Users\49177\Documents\InstaMatch\Scraper\scraping_from_instagram/config/jacob1223steiner.checkpoint
2021-08-04 18:02:31,449 - instabot version: 0.117.0 (api) - DEBUG - GET to endpoint: users/cigarlover12/usernameinfo/ returned response: <Response [400]>
2021-08-04 18:02:31,450 - instabot version: 0.117.0 (api) - DEBUG - Responsecode indicates error; response content: b'{"message":"challenge_required","challenge":{"url":"https://i.instagram.com/challenge/?next=/api/v1/users/cigarlover12/usernameinfo/","api_path":"/challenge/","hide_webview_header":true,"lock":true,"logout":false,"native_flow":true,"flow_render_type":0},"status":"fail"}'
2021-08-04 18:02:31,450 - instabot version: 0.117.0 (api) - ERROR - Request returns 400 error!
2021-08-04 18:02:31,451 - instabot version: 0.117.0 (api) - INFO - Instagram's error message: challenge_required
2021-08-04 18:02:31,451 - instabot version: 0.117.0 (api) - INFO - Instagram's error message: {}
2021-08-04 18:02:32,305 - instabot version: 0.117.0 (api) - DEBUG - GET to endpoint: users/None/usernameinfo/ returned response: <Response [400]>
2021-08-04 18:02:32,305 - instabot version: 0.117.0 (api) - DEBUG - Responsecode indicates error; response content: b'{"message":"challenge_required","challenge":{"url":"https://i.instagram.com/challenge/?next=/api/v1/users/None/usernameinfo/","api_path":"/challenge/","hide_webview_header":true,"lock":true,"logout":false,"native_flow":true,"flow_render_type":0},"status":"fail"}'
2021-08-04 18:02:32,305 - instabot version: 0.117.0 (api) - ERROR - Request returns 400 error!
2021-08-04 18:02:32,306 - instabot version: 0.117.0 (api) - INFO - Instagram's error message: challenge_required
2021-08-04 18:02:32,306 - instabot version: 0.117.0 (api) - INFO - Instagram's error message: {}
2021-08-04 18:02:32,802 - instabot version: 0.117.0 (api) - DEBUG - GET to endpoint: users/None/info/ returned response: <Response [400]>
2021-08-04 18:02:32,803 - instabot version: 0.117.0 (api) - DEBUG - Responsecode indicates error; response content: b'{"message":"challenge_required","challenge":{"url":"https://i.instagram.com/challenge/?next=/api/v1/users/None/info/","api_path":"/challenge/","hide_webview_header":true,"lock":true,"logout":false,"native_flow":true,"flow_render_type":0},"status":"fail"}'
2021-08-04 18:02:32,803 - instabot version: 0.117.0 (api) - ERROR - Request returns 400 error!
2021-08-04 18:02:32,803 - instabot version: 0.117.0 (api) - INFO - Instagram's error message: challenge_required
2021-08-04 18:02:32,803 - instabot version: 0.117.0 (api) - INFO - Instagram's error message: {}
2021-08-04 18:02:36,545 - instabot version: 0.117.0 (bot_checkpoint) - DEBUG - Saving Checkpoint file to: C:\Users\49177\Documents\InstaMatch\Scraper\scraping_from_instagram/config/jacob1223steiner.checkpoint
2021-08-04 18:02:36,546 - instabot version: 0.117.0 (bot) - INFO - Total requests: 2585
