2021-08-02 17:23:08,676 - instabot version: 0.117.0 (bot) - INFO - Instabot version: 0.117.0 Started
2021-08-02 17:23:08,676 - instabot version: 0.117.0 (bot) - DEBUG - Bot imported from C:\Users\49177\AppData\Local\Packages\PythonSoftwareFoundation.Python.3.7_qbz5n2kfra8p0\LocalCache\local-packages\Python37\site-packages\instabot\bot\bot.py
2021-08-02 17:23:08,677 - instabot version: 0.117.0 (api_login) - INFO - Not yet logged in starting: PRE-LOGIN FLOW!
2021-08-02 17:23:08,911 - instabot version: 0.117.0 (api) - DEBUG - POST to endpoint: accounts/get_prefill_candidates/ returned response: <Response [200]>
2021-08-02 17:23:09,054 - instabot version: 0.117.0 (api) - DEBUG - POST to endpoint: qe/sync/ returned response: <Response [200]>
2021-08-02 17:23:09,711 - instabot version: 0.117.0 (api) - DEBUG - POST to endpoint: launcher/sync/ returned response: <Response [200]>
2021-08-02 17:23:09,875 - instabot version: 0.117.0 (api) - DEBUG - POST to endpoint: accounts/contact_point_prefill/ returned response: <Response [200]>
2021-08-02 17:23:13,295 - instabot version: 0.117.0 (api) - DEBUG - POST to endpoint: accounts/login/ returned response: <Response [200]>
2021-08-02 17:23:13,295 - instabot version: 0.117.0 (api) - INFO - Logged-in successfully as 'mamba2021murm'!
2021-08-02 17:23:13,296 - instabot version: 0.117.0 (api_login) - INFO - LOGIN FLOW! Just logged-in: True
2021-08-02 17:23:13,475 - instabot version: 0.117.0 (api) - DEBUG - POST to endpoint: qe/sync/ returned response: <Response [200]>
2021-08-02 17:23:13,639 - instabot version: 0.117.0 (api) - DEBUG - POST to endpoint: launcher/sync/ returned response: <Response [200]>
2021-08-02 17:23:13,797 - instabot version: 0.117.0 (api) - DEBUG - GET to endpoint: zr/token/result/?device_id=android-8f95ca2920fef9ae&token_hash=&custom_device_id=android-8f95ca2920fef9ae&fetch_reason=token_expired returned response: <Response [200]>
2021-08-02 17:23:13,943 - instabot version: 0.117.0 (api) - DEBUG - GET to endpoint: multiple_accounts/get_account_family/ returned response: <Response [200]>
2021-08-02 17:23:14,114 - instabot version: 0.117.0 (api) - DEBUG - POST to endpoint: qe/sync/ returned response: <Response [200]>
2021-08-02 17:23:32,338 - instabot version: 0.117.0 (api) - DEBUG - GET to endpoint: igtv/browse_feed/?prefetch=1 returned response: <Response [500]>
2021-08-02 17:23:32,338 - instabot version: 0.117.0 (api) - DEBUG - Responsecode indicates error; response content: b''
2021-08-02 17:23:32,338 - instabot version: 0.117.0 (api) - ERROR - Request returns 500 error!
2021-08-02 17:23:32,339 - instabot version: 0.117.0 (api) - ERROR - Error checking for `feedback_required`, response text is not JSON
2021-08-02 17:23:32,340 - instabot version: 0.117.0 (api) - INFO - Full Response: <Response [500]>
2021-08-02 17:23:32,340 - instabot version: 0.117.0 (api) - INFO - Response Text: 
2021-08-02 17:23:32,341 - instabot version: 0.117.0 (api) - ERROR - Error unknown send request
2021-08-02 17:23:32,502 - instabot version: 0.117.0 (api) - DEBUG - POST to endpoint: creatives/ar_class/ returned response: <Response [200]>
2021-08-02 17:23:32,769 - instabot version: 0.117.0 (api) - DEBUG - POST to endpoint: feed/reels_tray/ returned response: <Response [200]>
2021-08-02 17:23:39,881 - instabot version: 0.117.0 (api) - DEBUG - POST to endpoint: feed/timeline/ returned response: <Response [200]>
2021-08-02 17:23:40,031 - instabot version: 0.117.0 (api) - DEBUG - GET to endpoint: media/blocked/ returned response: <Response [200]>
2021-08-02 17:23:40,846 - instabot version: 0.117.0 (api) - DEBUG - GET to endpoint: news/inbox/ returned response: <Response [200]>
2021-08-02 17:23:41,056 - instabot version: 0.117.0 (api) - DEBUG - GET to endpoint: loom/fetch_config/ returned response: <Response [200]>
2021-08-02 17:23:41,295 - instabot version: 0.117.0 (api) - DEBUG - GET to endpoint: scores/bootstrap/users/?surfaces=["autocomplete_user_list","coefficient_besties_list_ranking","coefficient_rank_recipient_user_suggestion","coefficient_ios_section_test_bootstrap_ranking","coefficient_direct_recipients_ranking_variant_2"] returned response: <Response [200]>
2021-08-02 17:23:41,538 - instabot version: 0.117.0 (api) - DEBUG - GET to endpoint: business/eligibility/get_monetization_products_eligibility_data/?product_types=branded_content returned response: <Response [200]>
2021-08-02 17:23:41,968 - instabot version: 0.117.0 (api) - DEBUG - GET to endpoint: business/branded_content/should_require_professional_account/ returned response: <Response [200]>
2021-08-02 17:23:42,163 - instabot version: 0.117.0 (api) - DEBUG - GET to endpoint: linked_accounts/get_linkage_status/ returned response: <Response [200]>
2021-08-02 17:23:42,520 - instabot version: 0.117.0 (api) - DEBUG - GET to endpoint: locations/request_country/ returned response: <Response [200]>
2021-08-02 17:23:42,696 - instabot version: 0.117.0 (api) - DEBUG - GET to endpoint: qp/get_cooldowns/?signed_body=signed_body=4b9c516a5410a3bc128e09c6104a7f042146b9c2023870560c63a43a7f66781c.4&ig_sig_key_version=4&ig_sig_key_version=4 returned response: <Response [200]>
2021-08-02 17:23:42,865 - instabot version: 0.117.0 (api) - DEBUG - GET to endpoint: users/arlink_download_info/?version_override=2.2.1 returned response: <Response [200]>
2021-08-02 17:23:43,189 - instabot version: 0.117.0 (api) - DEBUG - GET to endpoint: users/48898752045/info/ returned response: <Response [200]>
2021-08-02 17:23:43,455 - instabot version: 0.117.0 (api) - DEBUG - GET to endpoint: direct_v2/get_presence/ returned response: <Response [200]>
2021-08-02 17:23:43,791 - instabot version: 0.117.0 (api) - DEBUG - GET to endpoint: direct_v2/inbox/?visual_message_return_type=unseen&thread_message_limit=10&persistentBadging=true&limit=20 returned response: <Response [200]>
2021-08-02 17:23:44,151 - instabot version: 0.117.0 (api) - DEBUG - GET to endpoint: direct_v2/inbox/?visual_message_return_type=unseen&persistentBadging=true&limit=0 returned response: <Response [200]>
2021-08-02 17:23:44,626 - instabot version: 0.117.0 (api) - DEBUG - GET to endpoint: discover/topical_explore/?is_prefetch=true&omit_cover_media=true&use_sectional_payload=true&timezone_offset=0&session_id=39c53ef9-e72b-4d30-ad02-cb7deae0fee8&include_fixed_destinations=true returned response: <Response [200]>
2021-08-02 17:23:44,760 - instabot version: 0.117.0 (api) - DEBUG - POST to endpoint: notifications/badge/ returned response: <Response [200]>
2021-08-02 17:23:45,089 - instabot version: 0.117.0 (api) - DEBUG - POST to endpoint: qp/batch_fetch/ returned response: <Response [200]>
2021-08-02 17:23:45,090 - instabot version: 0.117.0 (bot_checkpoint) - DEBUG - Loading Checkpoint file from: C:\Users\49177\Documents\InstaMatch\Scraper\scraping_from_instagram/config/mamba2021murm.checkpoint
2021-08-02 17:23:55,488 - instabot version: 0.117.0 (api) - DEBUG - GET to endpoint: users/marcusrashford/usernameinfo/ returned response: <Response [200]>
2021-08-02 17:23:56,197 - instabot version: 0.117.0 (api) - DEBUG - GET to endpoint: users/182044648/info/ returned response: <Response [200]>
2021-08-02 17:24:02,038 - instabot version: 0.117.0 (api) - DEBUG - GET to endpoint: feed/user/182044648/?max_id=&min_timestamp=None&rank_token=48898752045_272c7545-c1ee-465f-9f47-2147f0892985&ranked_content=true returned response: <Response [200]>
2021-08-02 17:24:02,350 - instabot version: 0.117.0 (api) - DEBUG - GET to endpoint: media/2629392151480450316_182044648/info/ returned response: <Response [200]>
2021-08-02 17:24:02,960 - instabot version: 0.117.0 (api) - DEBUG - GET to endpoint: media/2627070254076012237_182044648/info/ returned response: <Response [200]>
2021-08-02 17:24:03,371 - instabot version: 0.117.0 (api) - DEBUG - GET to endpoint: media/2618333463428899694_182044648/info/ returned response: <Response [200]>
2021-08-02 17:24:03,779 - instabot version: 0.117.0 (api) - DEBUG - GET to endpoint: media/2617101684239997369_182044648/info/ returned response: <Response [200]>
2021-08-02 17:24:04,202 - instabot version: 0.117.0 (api) - DEBUG - GET to endpoint: media/2616408580444782518_182044648/info/ returned response: <Response [200]>
2021-08-02 17:24:04,531 - instabot version: 0.117.0 (api) - DEBUG - GET to endpoint: media/2611940413576122538_182044648/info/ returned response: <Response [200]>
2021-08-02 17:24:04,745 - instabot version: 0.117.0 (api) - DEBUG - GET to endpoint: media/2611018172244144823_182044648/info/ returned response: <Response [200]>
2021-08-02 17:24:05,096 - instabot version: 0.117.0 (api) - DEBUG - GET to endpoint: media/2610460149901450182_182044648/info/ returned response: <Response [200]>
2021-08-02 17:24:05,369 - instabot version: 0.117.0 (api) - DEBUG - GET to endpoint: media/2609952393910259216_182044648/info/ returned response: <Response [200]>
2021-08-02 17:24:05,831 - instabot version: 0.117.0 (api) - DEBUG - GET to endpoint: media/2607652219057703262_182044648/info/ returned response: <Response [200]>
2021-08-02 17:24:06,236 - instabot version: 0.117.0 (api) - DEBUG - GET to endpoint: media/2607023187081314772_182044648/info/ returned response: <Response [200]>
2021-08-02 17:24:06,560 - instabot version: 0.117.0 (api) - DEBUG - GET to endpoint: media/2603318332050148629_182044648/info/ returned response: <Response [200]>
2021-08-02 17:24:17,081 - instabot version: 0.117.0 (api) - DEBUG - GET to endpoint: users/carmeloanthony/usernameinfo/ returned response: <Response [200]>
2021-08-02 17:24:18,117 - instabot version: 0.117.0 (api) - DEBUG - GET to endpoint: users/7732613/info/ returned response: <Response [200]>
2021-08-02 17:24:23,947 - instabot version: 0.117.0 (api) - DEBUG - GET to endpoint: feed/user/7732613/?max_id=&min_timestamp=None&rank_token=48898752045_272c7545-c1ee-465f-9f47-2147f0892985&ranked_content=true returned response: <Response [200]>
2021-08-02 17:24:24,273 - instabot version: 0.117.0 (api) - DEBUG - GET to endpoint: media/2628522077975729970_7732613/info/ returned response: <Response [200]>
2021-08-02 17:24:24,627 - instabot version: 0.117.0 (api) - DEBUG - GET to endpoint: media/2624501650106249768_7732613/info/ returned response: <Response [200]>
2021-08-02 17:24:24,894 - instabot version: 0.117.0 (api) - DEBUG - GET to endpoint: media/2623450209581140585_7732613/info/ returned response: <Response [200]>
2021-08-02 17:24:25,270 - instabot version: 0.117.0 (api) - DEBUG - GET to endpoint: media/2622020991819287127_7732613/info/ returned response: <Response [200]>
2021-08-02 17:24:25,697 - instabot version: 0.117.0 (api) - DEBUG - GET to endpoint: media/2620576023162562911_7732613/info/ returned response: <Response [200]>
2021-08-02 17:24:25,997 - instabot version: 0.117.0 (api) - DEBUG - GET to endpoint: media/2619180275527166812_7732613/info/ returned response: <Response [200]>
2021-08-02 17:24:26,306 - instabot version: 0.117.0 (api) - DEBUG - GET to endpoint: media/2618384284892915969_7732613/info/ returned response: <Response [200]>
2021-08-02 17:24:26,619 - instabot version: 0.117.0 (api) - DEBUG - GET to endpoint: media/2612861196914909423_7732613/info/ returned response: <Response [200]>
2021-08-02 17:24:26,983 - instabot version: 0.117.0 (api) - DEBUG - GET to endpoint: media/2607116056367692546_7732613/info/ returned response: <Response [200]>
2021-08-02 17:24:27,637 - instabot version: 0.117.0 (api) - DEBUG - GET to endpoint: media/2592598919905053174_7732613/info/ returned response: <Response [200]>
2021-08-02 17:24:28,044 - instabot version: 0.117.0 (api) - DEBUG - GET to endpoint: media/2580127280441487841_7732613/info/ returned response: <Response [200]>
2021-08-02 17:24:28,450 - instabot version: 0.117.0 (api) - DEBUG - GET to endpoint: media/2579322155980426399_7732613/info/ returned response: <Response [200]>
2021-08-02 17:24:38,810 - instabot version: 0.117.0 (api) - DEBUG - GET to endpoint: users/kevindebruyne/usernameinfo/ returned response: <Response [200]>
2021-08-02 17:24:39,852 - instabot version: 0.117.0 (api) - DEBUG - GET to endpoint: users/9185345/info/ returned response: <Response [200]>
2021-08-02 17:24:45,433 - instabot version: 0.117.0 (api) - DEBUG - GET to endpoint: feed/user/9185345/?max_id=&min_timestamp=None&rank_token=48898752045_272c7545-c1ee-465f-9f47-2147f0892985&ranked_content=true returned response: <Response [200]>
2021-08-02 17:24:45,735 - instabot version: 0.117.0 (api) - DEBUG - GET to endpoint: media/2628660171677380306_9185345/info/ returned response: <Response [200]>
2021-08-02 17:24:46,129 - instabot version: 0.117.0 (api) - DEBUG - GET to endpoint: media/2627266041449800422_9185345/info/ returned response: <Response [200]>
2021-08-02 17:24:46,362 - instabot version: 0.117.0 (api) - DEBUG - GET to endpoint: media/2622147622647797226_9185345/info/ returned response: <Response [200]>
2021-08-02 17:24:46,589 - instabot version: 0.117.0 (api) - DEBUG - GET to endpoint: media/2614953498479865274_9185345/info/ returned response: <Response [200]>
2021-08-02 17:24:46,862 - instabot version: 0.117.0 (api) - DEBUG - GET to endpoint: media/2612720237766667452_9185345/info/ returned response: <Response [200]>
2021-08-02 17:24:47,197 - instabot version: 0.117.0 (api) - DEBUG - GET to endpoint: media/2612717069615794143_9185345/info/ returned response: <Response [200]>
2021-08-02 17:24:47,505 - instabot version: 0.117.0 (api) - DEBUG - GET to endpoint: media/2612701370109460926_9185345/info/ returned response: <Response [200]>
2021-08-02 17:24:47,866 - instabot version: 0.117.0 (api) - DEBUG - GET to endpoint: media/2606239369598431555_9185345/info/ returned response: <Response [200]>
2021-08-02 17:24:48,388 - instabot version: 0.117.0 (api) - DEBUG - GET to endpoint: media/2605579561463686557_9185345/info/ returned response: <Response [200]>
2021-08-02 17:24:48,726 - instabot version: 0.117.0 (api) - DEBUG - GET to endpoint: media/2604437308837748490_9185345/info/ returned response: <Response [200]>
2021-08-02 17:24:49,164 - instabot version: 0.117.0 (api) - DEBUG - GET to endpoint: media/2603741216223595385_9185345/info/ returned response: <Response [200]>
2021-08-02 17:24:49,553 - instabot version: 0.117.0 (api) - DEBUG - GET to endpoint: media/2601239699226652799_9185345/info/ returned response: <Response [200]>
2021-08-02 17:24:59,997 - instabot version: 0.117.0 (api) - DEBUG - GET to endpoint: users/rogerfederer/usernameinfo/ returned response: <Response [200]>
2021-08-02 17:25:01,332 - instabot version: 0.117.0 (api) - DEBUG - GET to endpoint: users/499440190/info/ returned response: <Response [200]>
2021-08-02 17:25:07,079 - instabot version: 0.117.0 (api) - DEBUG - GET to endpoint: feed/user/499440190/?max_id=&min_timestamp=None&rank_token=48898752045_272c7545-c1ee-465f-9f47-2147f0892985&ranked_content=true returned response: <Response [200]>
2021-08-02 17:25:07,311 - instabot version: 0.117.0 (api) - DEBUG - GET to endpoint: media/2630029121216013722_499440190/info/ returned response: <Response [200]>
2021-08-02 17:25:07,677 - instabot version: 0.117.0 (api) - DEBUG - GET to endpoint: media/2617018644149049348_499440190/info/ returned response: <Response [200]>
2021-08-02 17:25:07,888 - instabot version: 0.117.0 (api) - DEBUG - GET to endpoint: media/2610552729344594307_499440190/info/ returned response: <Response [200]>
2021-08-02 17:25:08,206 - instabot version: 0.117.0 (api) - DEBUG - GET to endpoint: media/2609961333221208912_499440190/info/ returned response: <Response [200]>
2021-08-02 17:25:08,454 - instabot version: 0.117.0 (api) - DEBUG - GET to endpoint: media/2608856722493001940_499440190/info/ returned response: <Response [200]>
2021-08-02 17:25:08,831 - instabot version: 0.117.0 (api) - DEBUG - GET to endpoint: media/2602550990624344890_499440190/info/ returned response: <Response [200]>
2021-08-02 17:25:09,110 - instabot version: 0.117.0 (api) - DEBUG - GET to endpoint: media/2602397363604913084_499440190/info/ returned response: <Response [200]>
2021-08-02 17:25:09,344 - instabot version: 0.117.0 (api) - DEBUG - GET to endpoint: media/2600796175864392813_499440190/info/ returned response: <Response [200]>
2021-08-02 17:25:09,754 - instabot version: 0.117.0 (api) - DEBUG - GET to endpoint: media/2589719715497950921_499440190/info/ returned response: <Response [200]>
2021-08-02 17:25:10,132 - instabot version: 0.117.0 (api) - DEBUG - GET to endpoint: media/2586726630812023052_499440190/info/ returned response: <Response [200]>
2021-08-02 17:25:10,471 - instabot version: 0.117.0 (api) - DEBUG - GET to endpoint: media/2585154834278962889_499440190/info/ returned response: <Response [200]>
2021-08-02 17:25:10,739 - instabot version: 0.117.0 (api) - DEBUG - GET to endpoint: media/2583102891079594024_499440190/info/ returned response: <Response [200]>
2021-08-02 17:25:21,095 - instabot version: 0.117.0 (api) - DEBUG - GET to endpoint: users/saquon/usernameinfo/ returned response: <Response [200]>
2021-08-02 17:25:22,401 - instabot version: 0.117.0 (api) - DEBUG - GET to endpoint: users/352474688/info/ returned response: <Response [200]>
2021-08-02 17:25:28,383 - instabot version: 0.117.0 (api) - DEBUG - GET to endpoint: feed/user/352474688/?max_id=&min_timestamp=None&rank_token=48898752045_272c7545-c1ee-465f-9f47-2147f0892985&ranked_content=true returned response: <Response [200]>
2021-08-02 17:25:28,770 - instabot version: 0.117.0 (api) - DEBUG - GET to endpoint: media/2618071691975631942_352474688/info/ returned response: <Response [200]>
2021-08-02 17:25:29,283 - instabot version: 0.117.0 (api) - DEBUG - GET to endpoint: media/2618024642571730856_352474688/info/ returned response: <Response [200]>
2021-08-02 17:25:29,692 - instabot version: 0.117.0 (api) - DEBUG - GET to endpoint: media/2613634792326426626_352474688/info/ returned response: <Response [200]>
2021-08-02 17:25:30,103 - instabot version: 0.117.0 (api) - DEBUG - GET to endpoint: media/2608584053065291526_352474688/info/ returned response: <Response [200]>
2021-08-02 17:25:30,475 - instabot version: 0.117.0 (api) - DEBUG - GET to endpoint: media/2545530417415611525_352474688/info/ returned response: <Response [200]>
2021-08-02 17:25:30,846 - instabot version: 0.117.0 (api) - DEBUG - GET to endpoint: media/2463382635041400365_352474688/info/ returned response: <Response [200]>
2021-08-02 17:25:31,142 - instabot version: 0.117.0 (api) - DEBUG - GET to endpoint: media/2417288079770500059_352474688/info/ returned response: <Response [200]>
2021-08-02 17:25:31,634 - instabot version: 0.117.0 (api) - DEBUG - GET to endpoint: media/2403483109879256483_352474688/info/ returned response: <Response [200]>
2021-08-02 17:25:32,150 - instabot version: 0.117.0 (api) - DEBUG - GET to endpoint: media/2294139565151199487_352474688/info/ returned response: <Response [200]>
2021-08-02 17:25:33,992 - instabot version: 0.117.0 (api) - DEBUG - GET to endpoint: media/2257105975532251165_352474688/info/ returned response: <Response [200]>
2021-08-02 17:25:34,296 - instabot version: 0.117.0 (api) - DEBUG - GET to endpoint: media/2244086583101806308_352474688/info/ returned response: <Response [200]>
2021-08-02 17:25:34,724 - instabot version: 0.117.0 (api) - DEBUG - GET to endpoint: media/2234524550819933951_352474688/info/ returned response: <Response [200]>
2021-08-02 17:25:45,266 - instabot version: 0.117.0 (api) - DEBUG - GET to endpoint: users/chelseafc/usernameinfo/ returned response: <Response [200]>
2021-08-02 17:25:46,565 - instabot version: 0.117.0 (api) - DEBUG - GET to endpoint: users/244309106/info/ returned response: <Response [200]>
2021-08-02 17:25:52,432 - instabot version: 0.117.0 (api) - DEBUG - GET to endpoint: feed/user/244309106/?max_id=&min_timestamp=None&rank_token=48898752045_272c7545-c1ee-465f-9f47-2147f0892985&ranked_content=true returned response: <Response [200]>
2021-08-02 17:25:52,656 - instabot version: 0.117.0 (api) - DEBUG - GET to endpoint: media/2631485132110839702_244309106/info/ returned response: <Response [200]>
2021-08-02 17:25:52,867 - instabot version: 0.117.0 (api) - DEBUG - GET to endpoint: media/2631417730946033197_244309106/info/ returned response: <Response [200]>
2021-08-02 17:25:53,154 - instabot version: 0.117.0 (api) - DEBUG - GET to endpoint: media/2631366878038269895_244309106/info/ returned response: <Response [200]>
2021-08-02 17:25:53,456 - instabot version: 0.117.0 (api) - DEBUG - GET to endpoint: media/2631321977619519677_244309106/info/ returned response: <Response [200]>
2021-08-02 17:25:53,978 - instabot version: 0.117.0 (api) - DEBUG - GET to endpoint: media/2630795624453323597_244309106/info/ returned response: <Response [200]>
2021-08-02 17:25:54,173 - instabot version: 0.117.0 (api) - DEBUG - GET to endpoint: media/2630777342488854424_244309106/info/ returned response: <Response [200]>
2021-08-02 17:25:54,398 - instabot version: 0.117.0 (api) - DEBUG - GET to endpoint: media/2630770472653305631_244309106/info/ returned response: <Response [200]>
2021-08-02 17:25:54,608 - instabot version: 0.117.0 (api) - DEBUG - GET to endpoint: media/2630745725456302312_244309106/info/ returned response: <Response [200]>
2021-08-02 17:25:54,840 - instabot version: 0.117.0 (api) - DEBUG - GET to endpoint: media/2630741501110898115_244309106/info/ returned response: <Response [200]>
2021-08-02 17:25:55,042 - instabot version: 0.117.0 (api) - DEBUG - GET to endpoint: media/2630738976468823376_244309106/info/ returned response: <Response [200]>
2021-08-02 17:25:55,283 - instabot version: 0.117.0 (api) - DEBUG - GET to endpoint: media/2630717036936952085_244309106/info/ returned response: <Response [200]>
2021-08-02 17:25:55,472 - instabot version: 0.117.0 (api) - DEBUG - GET to endpoint: media/2630698353267075825_244309106/info/ returned response: <Response [200]>
2021-08-02 17:26:05,896 - instabot version: 0.117.0 (api) - DEBUG - GET to endpoint: users/juventus/usernameinfo/ returned response: <Response [200]>
2021-08-02 17:26:06,965 - instabot version: 0.117.0 (api) - DEBUG - GET to endpoint: users/194317179/info/ returned response: <Response [200]>
2021-08-02 17:26:13,063 - instabot version: 0.117.0 (api) - DEBUG - GET to endpoint: feed/user/194317179/?max_id=&min_timestamp=None&rank_token=48898752045_272c7545-c1ee-465f-9f47-2147f0892985&ranked_content=true returned response: <Response [200]>
2021-08-02 17:26:13,797 - instabot version: 0.117.0 (api) - DEBUG - GET to endpoint: media/2631415573931864558_194317179/info/ returned response: <Response [200]>
2021-08-02 17:26:14,031 - instabot version: 0.117.0 (api) - DEBUG - GET to endpoint: media/2630842201552294863_194317179/info/ returned response: <Response [200]>
2021-08-02 17:26:14,547 - instabot version: 0.117.0 (api) - DEBUG - GET to endpoint: media/2630751592884562952_194317179/info/ returned response: <Response [200]>
2021-08-02 17:26:15,057 - instabot version: 0.117.0 (api) - DEBUG - GET to endpoint: media/2630620333062783191_194317179/info/ returned response: <Response [200]>
2021-08-02 17:26:16,601 - instabot version: 0.117.0 (api) - DEBUG - GET to endpoint: media/2630195780108958556_194317179/info/ returned response: <Response [200]>
2021-08-02 17:26:17,006 - instabot version: 0.117.0 (api) - DEBUG - GET to endpoint: media/2630174585393457805_194317179/info/ returned response: <Response [200]>
2021-08-02 17:26:17,290 - instabot version: 0.117.0 (api) - DEBUG - GET to endpoint: media/2630149045143774099_194317179/info/ returned response: <Response [200]>
2021-08-02 17:26:17,616 - instabot version: 0.117.0 (api) - DEBUG - GET to endpoint: media/2630142780925743764_194317179/info/ returned response: <Response [200]>
2021-08-02 17:26:17,963 - instabot version: 0.117.0 (api) - DEBUG - GET to endpoint: media/2629966359414683737_194317179/info/ returned response: <Response [200]>
2021-08-02 17:26:18,440 - instabot version: 0.117.0 (api) - DEBUG - GET to endpoint: media/2629362461746153728_194317179/info/ returned response: <Response [200]>
2021-08-02 17:26:19,154 - instabot version: 0.117.0 (api) - DEBUG - GET to endpoint: media/2629235140628396041_194317179/info/ returned response: <Response [200]>
2021-08-02 17:26:19,620 - instabot version: 0.117.0 (api) - DEBUG - GET to endpoint: media/2628607207593351874_194317179/info/ returned response: <Response [200]>
2021-08-02 17:26:19,827 - instabot version: 0.117.0 (api) - DEBUG - GET to endpoint: media/2628546723565341208_194317179/info/ returned response: <Response [200]>
2021-08-02 17:26:20,045 - instabot version: 0.117.0 (api) - DEBUG - GET to endpoint: media/2628486380692541614_194317179/info/ returned response: <Response [200]>
2021-08-02 17:26:20,483 - instabot version: 0.117.0 (api) - DEBUG - GET to endpoint: media/2628425906202994463_194317179/info/ returned response: <Response [200]>
2021-08-02 17:26:20,677 - instabot version: 0.117.0 (api) - DEBUG - GET to endpoint: media/2628365857694401385_194317179/info/ returned response: <Response [200]>
2021-08-02 17:26:21,304 - instabot version: 0.117.0 (api) - DEBUG - GET to endpoint: media/2627852419536617835_194317179/info/ returned response: <Response [200]>
2021-08-02 17:26:21,815 - instabot version: 0.117.0 (api) - DEBUG - GET to endpoint: media/2627731445298832992_194317179/info/ returned response: <Response [200]>
2021-08-02 17:26:22,225 - instabot version: 0.117.0 (api) - DEBUG - GET to endpoint: media/2627188052823105961_194317179/info/ returned response: <Response [200]>
2021-08-02 17:26:22,633 - instabot version: 0.117.0 (api) - DEBUG - GET to endpoint: media/2627127457578866343_194317179/info/ returned response: <Response [200]>
2021-08-02 17:26:23,147 - instabot version: 0.117.0 (api) - DEBUG - GET to endpoint: media/2627007265653690702_194317179/info/ returned response: <Response [200]>
2021-08-02 17:26:23,358 - instabot version: 0.117.0 (api) - DEBUG - GET to endpoint: media/2626538580652686978_194317179/info/ returned response: <Response [200]>
2021-08-02 17:26:23,764 - instabot version: 0.117.0 (api) - DEBUG - GET to endpoint: media/2626501142546770264_194317179/info/ returned response: <Response [200]>
2021-08-02 17:26:34,148 - instabot version: 0.117.0 (api) - DEBUG - GET to endpoint: users/adidasfootball/usernameinfo/ returned response: <Response [200]>
2021-08-02 17:26:35,535 - instabot version: 0.117.0 (api) - DEBUG - GET to endpoint: users/640806256/info/ returned response: <Response [200]>
2021-08-02 17:26:41,486 - instabot version: 0.117.0 (api) - DEBUG - GET to endpoint: feed/user/640806256/?max_id=&min_timestamp=None&rank_token=48898752045_272c7545-c1ee-465f-9f47-2147f0892985&ranked_content=true returned response: <Response [200]>
2021-08-02 17:26:41,988 - instabot version: 0.117.0 (api) - DEBUG - GET to endpoint: media/2629090731454016073_640806256/info/ returned response: <Response [200]>
2021-08-02 17:26:42,490 - instabot version: 0.117.0 (api) - DEBUG - GET to endpoint: media/2628365395407643660_640806256/info/ returned response: <Response [200]>
2021-08-02 17:26:42,909 - instabot version: 0.117.0 (api) - DEBUG - GET to endpoint: media/2626915738120014883_640806256/info/ returned response: <Response [200]>
2021-08-02 17:26:43,171 - instabot version: 0.117.0 (api) - DEBUG - GET to endpoint: media/2624741305383744211_640806256/info/ returned response: <Response [200]>
2021-08-02 17:26:43,523 - instabot version: 0.117.0 (api) - DEBUG - GET to endpoint: media/2623290680229869222_640806256/info/ returned response: <Response [200]>
2021-08-02 17:26:43,938 - instabot version: 0.117.0 (api) - DEBUG - GET to endpoint: media/2622566237465936279_640806256/info/ returned response: <Response [200]>
2021-08-02 17:26:44,377 - instabot version: 0.117.0 (api) - DEBUG - GET to endpoint: media/2622105050412408820_640806256/info/ returned response: <Response [200]>
2021-08-02 17:26:44,797 - instabot version: 0.117.0 (api) - DEBUG - GET to endpoint: media/2621116499549878024_640806256/info/ returned response: <Response [200]>
2021-08-02 17:26:45,387 - instabot version: 0.117.0 (api) - DEBUG - GET to endpoint: media/2619667033054765112_640806256/info/ returned response: <Response [200]>
2021-08-02 17:26:45,607 - instabot version: 0.117.0 (api) - DEBUG - GET to endpoint: media/2618941766508801898_640806256/info/ returned response: <Response [200]>
2021-08-02 17:26:45,936 - instabot version: 0.117.0 (api) - DEBUG - GET to endpoint: media/2618217623907868370_640806256/info/ returned response: <Response [200]>
2021-08-02 17:26:46,392 - instabot version: 0.117.0 (api) - DEBUG - GET to endpoint: media/2617009709822166652_640806256/info/ returned response: <Response [200]>
2021-08-02 17:26:56,732 - instabot version: 0.117.0 (api) - DEBUG - GET to endpoint: users/cmpulisic/usernameinfo/ returned response: <Response [200]>
2021-08-02 17:26:57,551 - instabot version: 0.117.0 (api) - DEBUG - GET to endpoint: users/292388190/info/ returned response: <Response [200]>
2021-08-02 17:27:03,399 - instabot version: 0.117.0 (api) - DEBUG - GET to endpoint: feed/user/292388190/?max_id=&min_timestamp=None&rank_token=48898752045_272c7545-c1ee-465f-9f47-2147f0892985&ranked_content=true returned response: <Response [200]>
2021-08-02 17:27:03,684 - instabot version: 0.117.0 (api) - DEBUG - GET to endpoint: media/2630813628846206791_292388190/info/ returned response: <Response [200]>
2021-08-02 17:27:04,107 - instabot version: 0.117.0 (api) - DEBUG - GET to endpoint: media/2626460052887836625_292388190/info/ returned response: <Response [200]>
2021-08-02 17:27:04,346 - instabot version: 0.117.0 (api) - DEBUG - GET to endpoint: media/2622826995803224516_292388190/info/ returned response: <Response [200]>
2021-08-02 17:27:04,676 - instabot version: 0.117.0 (api) - DEBUG - GET to endpoint: media/2619906892895793316_292388190/info/ returned response: <Response [200]>
2021-08-02 17:27:05,034 - instabot version: 0.117.0 (api) - DEBUG - GET to endpoint: media/2616334473434064521_292388190/info/ returned response: <Response [200]>
2021-08-02 17:27:05,448 - instabot version: 0.117.0 (api) - DEBUG - GET to endpoint: media/2615548774187077296_292388190/info/ returned response: <Response [200]>
2021-08-02 17:27:05,848 - instabot version: 0.117.0 (api) - DEBUG - GET to endpoint: media/2611402964855989184_292388190/info/ returned response: <Response [200]>
2021-08-02 17:27:06,257 - instabot version: 0.117.0 (api) - DEBUG - GET to endpoint: media/2608485943973590496_292388190/info/ returned response: <Response [200]>
2021-08-02 17:27:06,509 - instabot version: 0.117.0 (api) - DEBUG - GET to endpoint: media/2606893272353809597_292388190/info/ returned response: <Response [200]>
2021-08-02 17:27:06,748 - instabot version: 0.117.0 (api) - DEBUG - GET to endpoint: media/2597429099863909251_292388190/info/ returned response: <Response [200]>
2021-08-02 17:27:07,067 - instabot version: 0.117.0 (api) - DEBUG - GET to endpoint: media/2591667477664982422_292388190/info/ returned response: <Response [200]>
2021-08-02 17:27:07,306 - instabot version: 0.117.0 (api) - DEBUG - GET to endpoint: media/2590895080082782205_292388190/info/ returned response: <Response [200]>
2021-08-02 17:27:17,723 - instabot version: 0.117.0 (api) - DEBUG - GET to endpoint: users/ygtrece/usernameinfo/ returned response: <Response [200]>
2021-08-02 17:27:18,852 - instabot version: 0.117.0 (api) - DEBUG - GET to endpoint: users/18706841/info/ returned response: <Response [200]>
2021-08-02 17:27:25,007 - instabot version: 0.117.0 (api) - DEBUG - GET to endpoint: feed/user/18706841/?max_id=&min_timestamp=None&rank_token=48898752045_272c7545-c1ee-465f-9f47-2147f0892985&ranked_content=true returned response: <Response [200]>
2021-08-02 17:27:31,444 - instabot version: 0.117.0 (api) - DEBUG - GET to endpoint: media/2627984121026681932_18706841/info/ returned response: <Response [200]>
2021-08-02 17:27:32,267 - instabot version: 0.117.0 (api) - DEBUG - GET to endpoint: media/2618459845491778508_18706841/info/ returned response: <Response [200]>
2021-08-02 17:27:32,670 - instabot version: 0.117.0 (api) - DEBUG - GET to endpoint: media/2571679222679738450_18706841/info/ returned response: <Response [200]>
2021-08-02 17:27:32,981 - instabot version: 0.117.0 (api) - DEBUG - GET to endpoint: media/2568464813253928881_18706841/info/ returned response: <Response [200]>
2021-08-02 17:27:33,611 - instabot version: 0.117.0 (api) - DEBUG - GET to endpoint: media/2566700086446008626_18706841/info/ returned response: <Response [200]>
2021-08-02 17:27:34,271 - instabot version: 0.117.0 (api) - DEBUG - GET to endpoint: media/2564153497684990926_18706841/info/ returned response: <Response [200]>
2021-08-02 17:27:34,800 - instabot version: 0.117.0 (api) - DEBUG - GET to endpoint: media/2551456925993935103_18706841/info/ returned response: <Response [200]>
2021-08-02 17:27:35,130 - instabot version: 0.117.0 (api) - DEBUG - GET to endpoint: media/2535930099972492195_18706841/info/ returned response: <Response [200]>
2021-08-02 17:27:35,548 - instabot version: 0.117.0 (api) - DEBUG - GET to endpoint: media/2524730555666779240_18706841/info/ returned response: <Response [200]>
2021-08-02 17:27:35,829 - instabot version: 0.117.0 (api) - DEBUG - GET to endpoint: media/2516595047086228283_18706841/info/ returned response: <Response [200]>
2021-08-02 17:27:36,562 - instabot version: 0.117.0 (api) - DEBUG - GET to endpoint: media/2509100222250359372_18706841/info/ returned response: <Response [200]>
2021-08-02 17:27:37,448 - instabot version: 0.117.0 (api) - DEBUG - GET to endpoint: media/2498243200453815327_18706841/info/ returned response: <Response [200]>
2021-08-02 17:27:47,927 - instabot version: 0.117.0 (api) - DEBUG - GET to endpoint: users/bensimmons/usernameinfo/ returned response: <Response [200]>
2021-08-02 17:27:48,959 - instabot version: 0.117.0 (api) - DEBUG - GET to endpoint: users/539605353/info/ returned response: <Response [200]>
2021-08-02 17:27:55,208 - instabot version: 0.117.0 (api) - DEBUG - GET to endpoint: feed/user/539605353/?max_id=&min_timestamp=None&rank_token=48898752045_272c7545-c1ee-465f-9f47-2147f0892985&ranked_content=true returned response: <Response [200]>
2021-08-02 17:27:55,924 - instabot version: 0.117.0 (api) - DEBUG - GET to endpoint: media/2622143868702895617_539605353/info/ returned response: <Response [200]>
2021-08-02 17:27:56,227 - instabot version: 0.117.0 (api) - DEBUG - GET to endpoint: media/2599229767621378603_539605353/info/ returned response: <Response [200]>
2021-08-02 17:27:56,534 - instabot version: 0.117.0 (api) - DEBUG - GET to endpoint: media/2594189672455433291_539605353/info/ returned response: <Response [200]>
2021-08-02 17:27:57,152 - instabot version: 0.117.0 (api) - DEBUG - GET to endpoint: media/2588253239559379219_539605353/info/ returned response: <Response [200]>
2021-08-02 17:27:57,393 - instabot version: 0.117.0 (api) - DEBUG - GET to endpoint: media/2587635796562439093_539605353/info/ returned response: <Response [200]>
2021-08-02 17:27:57,758 - instabot version: 0.117.0 (api) - DEBUG - GET to endpoint: media/2584726896179708691_539605353/info/ returned response: <Response [200]>
2021-08-02 17:27:57,979 - instabot version: 0.117.0 (api) - DEBUG - GET to endpoint: media/2582875181570754726_539605353/info/ returned response: <Response [200]>
2021-08-02 17:27:58,457 - instabot version: 0.117.0 (api) - DEBUG - GET to endpoint: media/2582568336675260478_539605353/info/ returned response: <Response [200]>
2021-08-02 17:27:58,891 - instabot version: 0.117.0 (api) - DEBUG - GET to endpoint: media/2580226370868283018_539605353/info/ returned response: <Response [200]>
2021-08-02 17:27:59,070 - instabot version: 0.117.0 (api) - DEBUG - GET to endpoint: media/2574329595091308705_539605353/info/ returned response: <Response [200]>
2021-08-02 17:27:59,505 - instabot version: 0.117.0 (api) - DEBUG - GET to endpoint: media/2574220407266817783_539605353/info/ returned response: <Response [200]>
2021-08-02 17:28:00,121 - instabot version: 0.117.0 (api) - DEBUG - GET to endpoint: media/2570213137163854760_539605353/info/ returned response: <Response [200]>
2021-08-02 17:28:10,563 - instabot version: 0.117.0 (api) - DEBUG - GET to endpoint: users/gelo/usernameinfo/ returned response: <Response [200]>
2021-08-02 17:28:11,793 - instabot version: 0.117.0 (api) - DEBUG - GET to endpoint: users/286484572/info/ returned response: <Response [200]>
2021-08-02 17:28:23,067 - instabot version: 0.117.0 (api) - DEBUG - GET to endpoint: feed/user/286484572/?max_id=&min_timestamp=None&rank_token=48898752045_272c7545-c1ee-465f-9f47-2147f0892985&ranked_content=true returned response: <Response [200]>
2021-08-02 17:28:23,461 - instabot version: 0.117.0 (api) - DEBUG - GET to endpoint: media/2624561732723710042_286484572/info/ returned response: <Response [200]>
2021-08-02 17:28:23,874 - instabot version: 0.117.0 (api) - DEBUG - GET to endpoint: media/2611358325489879676_286484572/info/ returned response: <Response [200]>
2021-08-02 17:28:24,182 - instabot version: 0.117.0 (api) - DEBUG - GET to endpoint: media/2601265437590577006_286484572/info/ returned response: <Response [200]>
2021-08-02 17:28:24,625 - instabot version: 0.117.0 (api) - DEBUG - GET to endpoint: media/2568732815471756999_286484572/info/ returned response: <Response [200]>
2021-08-02 17:28:24,901 - instabot version: 0.117.0 (api) - DEBUG - GET to endpoint: media/2568542303658402826_286484572/info/ returned response: <Response [200]>
2021-08-02 17:28:25,195 - instabot version: 0.117.0 (api) - DEBUG - GET to endpoint: media/2566560728766391173_286484572/info/ returned response: <Response [200]>
2021-08-02 17:28:25,610 - instabot version: 0.117.0 (api) - DEBUG - GET to endpoint: media/2565743707724076283_286484572/info/ returned response: <Response [200]>
2021-08-02 17:28:25,871 - instabot version: 0.117.0 (api) - DEBUG - GET to endpoint: media/2557180898115350585_286484572/info/ returned response: <Response [200]>
2021-08-02 17:28:26,234 - instabot version: 0.117.0 (api) - DEBUG - GET to endpoint: media/2543184165509367882_286484572/info/ returned response: <Response [200]>
2021-08-02 17:28:26,718 - instabot version: 0.117.0 (api) - DEBUG - GET to endpoint: media/2540456339068707487_286484572/info/ returned response: <Response [200]>
2021-08-02 17:28:27,052 - instabot version: 0.117.0 (api) - DEBUG - GET to endpoint: media/2499055067241779789_286484572/info/ returned response: <Response [200]>
2021-08-02 17:28:27,320 - instabot version: 0.117.0 (api) - DEBUG - GET to endpoint: media/2498336860193389929_286484572/info/ returned response: <Response [200]>
2021-08-02 17:28:37,767 - instabot version: 0.117.0 (api) - DEBUG - GET to endpoint: users/psg/usernameinfo/ returned response: <Response [200]>
2021-08-02 17:28:39,145 - instabot version: 0.117.0 (api) - DEBUG - GET to endpoint: users/232024162/info/ returned response: <Response [200]>
2021-08-02 17:28:44,920 - instabot version: 0.117.0 (api) - DEBUG - GET to endpoint: feed/user/232024162/?max_id=&min_timestamp=None&rank_token=48898752045_272c7545-c1ee-465f-9f47-2147f0892985&ranked_content=true returned response: <Response [200]>
2021-08-02 17:28:45,366 - instabot version: 0.117.0 (api) - DEBUG - GET to endpoint: media/2631234294225530281_232024162/info/ returned response: <Response [200]>
2021-08-02 17:28:45,643 - instabot version: 0.117.0 (api) - DEBUG - GET to endpoint: media/2630900540873280315_232024162/info/ returned response: <Response [200]>
2021-08-02 17:28:45,900 - instabot version: 0.117.0 (api) - DEBUG - GET to endpoint: media/2630885840592751823_232024162/info/ returned response: <Response [200]>
2021-08-02 17:28:46,110 - instabot version: 0.117.0 (api) - DEBUG - GET to endpoint: media/2630867113134364278_232024162/info/ returned response: <Response [200]>
2021-08-02 17:28:46,458 - instabot version: 0.117.0 (api) - DEBUG - GET to endpoint: media/2630753444702594444_232024162/info/ returned response: <Response [200]>
2021-08-02 17:28:46,919 - instabot version: 0.117.0 (api) - DEBUG - GET to endpoint: media/2630690197744004312_232024162/info/ returned response: <Response [200]>
2021-08-02 17:28:47,114 - instabot version: 0.117.0 (api) - DEBUG - GET to endpoint: media/2630498105801470436_232024162/info/ returned response: <Response [200]>
2021-08-02 17:28:47,349 - instabot version: 0.117.0 (api) - DEBUG - GET to endpoint: media/2630218268583057952_232024162/info/ returned response: <Response [200]>
2021-08-02 17:28:47,585 - instabot version: 0.117.0 (api) - DEBUG - GET to endpoint: media/2630006034368348792_232024162/info/ returned response: <Response [200]>
2021-08-02 17:28:48,056 - instabot version: 0.117.0 (api) - DEBUG - GET to endpoint: media/2629800446874847802_232024162/info/ returned response: <Response [200]>
2021-08-02 17:28:48,279 - instabot version: 0.117.0 (api) - DEBUG - GET to endpoint: media/2629378306090360107_232024162/info/ returned response: <Response [200]>
2021-08-02 17:28:48,505 - instabot version: 0.117.0 (api) - DEBUG - GET to endpoint: media/2629308164702639727_232024162/info/ returned response: <Response [200]>
2021-08-02 17:28:58,985 - instabot version: 0.117.0 (api) - DEBUG - GET to endpoint: users/mlb/usernameinfo/ returned response: <Response [200]>
2021-08-02 17:29:00,331 - instabot version: 0.117.0 (api) - DEBUG - GET to endpoint: users/52762453/info/ returned response: <Response [200]>
2021-08-02 17:29:06,176 - instabot version: 0.117.0 (api) - DEBUG - GET to endpoint: feed/user/52762453/?max_id=&min_timestamp=None&rank_token=48898752045_272c7545-c1ee-465f-9f47-2147f0892985&ranked_content=true returned response: <Response [200]>
2021-08-02 17:29:06,778 - instabot version: 0.117.0 (api) - DEBUG - GET to endpoint: media/2631457992170347096_52762453/info/ returned response: <Response [200]>
2021-08-02 17:29:07,113 - instabot version: 0.117.0 (api) - DEBUG - GET to endpoint: media/2631095055337396746_52762453/info/ returned response: <Response [200]>
2021-08-02 17:29:07,600 - instabot version: 0.117.0 (api) - DEBUG - GET to endpoint: media/2631086191984549972_52762453/info/ returned response: <Response [200]>
2021-08-02 17:29:07,920 - instabot version: 0.117.0 (api) - DEBUG - GET to endpoint: media/2631077540711504538_52762453/info/ returned response: <Response [200]>
2021-08-02 17:29:08,189 - instabot version: 0.117.0 (api) - DEBUG - GET to endpoint: media/2631061495318830105_52762453/info/ returned response: <Response [200]>
2021-08-02 17:29:08,625 - instabot version: 0.117.0 (api) - DEBUG - GET to endpoint: media/2631032543882753773_52762453/info/ returned response: <Response [200]>
2021-08-02 17:29:08,944 - instabot version: 0.117.0 (api) - DEBUG - GET to endpoint: media/2631029906480246144_52762453/info/ returned response: <Response [200]>
2021-08-02 17:29:09,343 - instabot version: 0.117.0 (api) - DEBUG - GET to endpoint: media/2631020028507265816_52762453/info/ returned response: <Response [200]>
2021-08-02 17:29:09,749 - instabot version: 0.117.0 (api) - DEBUG - GET to endpoint: media/2630982665908473503_52762453/info/ returned response: <Response [200]>
2021-08-02 17:29:09,982 - instabot version: 0.117.0 (api) - DEBUG - GET to endpoint: media/2630969137171430250_52762453/info/ returned response: <Response [200]>
2021-08-02 17:29:10,576 - instabot version: 0.117.0 (api) - DEBUG - GET to endpoint: media/2630961442445038456_52762453/info/ returned response: <Response [200]>
2021-08-02 17:29:11,184 - instabot version: 0.117.0 (api) - DEBUG - GET to endpoint: media/2630945192427704023_52762453/info/ returned response: <Response [200]>
2021-08-02 17:29:21,629 - instabot version: 0.117.0 (api) - DEBUG - GET to endpoint: users/nba2k/usernameinfo/ returned response: <Response [200]>
2021-08-02 17:29:22,985 - instabot version: 0.117.0 (api) - DEBUG - GET to endpoint: users/3644849401/info/ returned response: <Response [200]>
2021-08-02 17:29:30,141 - instabot version: 0.117.0 (api) - DEBUG - GET to endpoint: feed/user/3644849401/?max_id=&min_timestamp=None&rank_token=48898752045_272c7545-c1ee-465f-9f47-2147f0892985&ranked_content=true returned response: <Response [200]>
2021-08-02 17:29:30,538 - instabot version: 0.117.0 (api) - DEBUG - GET to endpoint: media/2628948561872861674_3644849401/info/ returned response: <Response [200]>
2021-08-02 17:29:30,845 - instabot version: 0.117.0 (api) - DEBUG - GET to endpoint: media/2628622453637382248_3644849401/info/ returned response: <Response [200]>
2021-08-02 17:29:31,254 - instabot version: 0.117.0 (api) - DEBUG - GET to endpoint: media/2624349075253494732_3644849401/info/ returned response: <Response [200]>
2021-08-02 17:29:31,669 - instabot version: 0.117.0 (api) - DEBUG - GET to endpoint: media/2622438207126420762_3644849401/info/ returned response: <Response [200]>
2021-08-02 17:29:32,072 - instabot version: 0.117.0 (api) - DEBUG - GET to endpoint: media/2622139532860613683_3644849401/info/ returned response: <Response [200]>
2021-08-02 17:29:32,380 - instabot version: 0.117.0 (api) - DEBUG - GET to endpoint: media/2622057030783435551_3644849401/info/ returned response: <Response [200]>
2021-08-02 17:29:32,651 - instabot version: 0.117.0 (api) - DEBUG - GET to endpoint: media/2622054576587226889_3644849401/info/ returned response: <Response [200]>
2021-08-02 17:29:32,993 - instabot version: 0.117.0 (api) - DEBUG - GET to endpoint: media/2622051576552387460_3644849401/info/ returned response: <Response [200]>
2021-08-02 17:29:33,320 - instabot version: 0.117.0 (api) - DEBUG - GET to endpoint: media/2619245669922047093_3644849401/info/ returned response: <Response [200]>
2021-08-02 17:29:33,611 - instabot version: 0.117.0 (api) - DEBUG - GET to endpoint: media/2619185516413457068_3644849401/info/ returned response: <Response [200]>
2021-08-02 17:29:34,121 - instabot version: 0.117.0 (api) - DEBUG - GET to endpoint: media/2618626707577794333_3644849401/info/ returned response: <Response [200]>
2021-08-02 17:29:34,427 - instabot version: 0.117.0 (api) - DEBUG - GET to endpoint: media/2617685740912137930_3644849401/info/ returned response: <Response [200]>
2021-08-02 17:29:44,814 - instabot version: 0.117.0 (api) - DEBUG - GET to endpoint: users/jamorant/usernameinfo/ returned response: <Response [200]>
2021-08-02 17:29:45,892 - instabot version: 0.117.0 (api) - DEBUG - GET to endpoint: users/1485011963/info/ returned response: <Response [200]>
2021-08-02 17:29:52,256 - instabot version: 0.117.0 (api) - DEBUG - GET to endpoint: feed/user/1485011963/?max_id=&min_timestamp=None&rank_token=48898752045_272c7545-c1ee-465f-9f47-2147f0892985&ranked_content=true returned response: <Response [200]>
2021-08-02 17:29:52,523 - instabot version: 0.117.0 (api) - DEBUG - GET to endpoint: media/2628699288159364508_1485011963/info/ returned response: <Response [200]>
2021-08-02 17:29:52,833 - instabot version: 0.117.0 (api) - DEBUG - GET to endpoint: media/2628234463772711250_1485011963/info/ returned response: <Response [200]>
2021-08-02 17:29:53,272 - instabot version: 0.117.0 (api) - DEBUG - GET to endpoint: media/2619439819614135266_1485011963/info/ returned response: <Response [200]>
2021-08-02 17:29:53,779 - instabot version: 0.117.0 (api) - DEBUG - GET to endpoint: media/2619249144012693122_1485011963/info/ returned response: <Response [200]>
2021-08-02 17:29:54,451 - instabot version: 0.117.0 (api) - DEBUG - GET to endpoint: media/2616525258296865593_1485011963/info/ returned response: <Response [200]>
2021-08-02 17:29:55,007 - instabot version: 0.117.0 (api) - DEBUG - GET to endpoint: media/2612082829514608389_1485011963/info/ returned response: <Response [200]>
2021-08-02 17:29:55,524 - instabot version: 0.117.0 (api) - DEBUG - GET to endpoint: media/2611560593603021670_1485011963/info/ returned response: <Response [200]>
2021-08-02 17:29:55,929 - instabot version: 0.117.0 (api) - DEBUG - GET to endpoint: media/2611558172650639605_1485011963/info/ returned response: <Response [200]>
2021-08-02 17:29:56,545 - instabot version: 0.117.0 (api) - DEBUG - GET to endpoint: media/2611553035525966060_1485011963/info/ returned response: <Response [200]>
2021-08-02 17:29:56,951 - instabot version: 0.117.0 (api) - DEBUG - GET to endpoint: media/2609874898018657597_1485011963/info/ returned response: <Response [200]>
2021-08-02 17:29:57,262 - instabot version: 0.117.0 (api) - DEBUG - GET to endpoint: media/2602515552472452041_1485011963/info/ returned response: <Response [200]>
2021-08-02 17:29:57,860 - instabot version: 0.117.0 (api) - DEBUG - GET to endpoint: media/2601040014479224973_1485011963/info/ returned response: <Response [200]>
2021-08-02 17:30:08,421 - instabot version: 0.117.0 (api) - DEBUG - GET to endpoint: users/jjwatt/usernameinfo/ returned response: <Response [200]>
2021-08-02 17:30:09,249 - instabot version: 0.117.0 (api) - DEBUG - GET to endpoint: users/308754634/info/ returned response: <Response [200]>
2021-08-02 17:30:14,989 - instabot version: 0.117.0 (api) - DEBUG - GET to endpoint: feed/user/308754634/?max_id=&min_timestamp=None&rank_token=48898752045_272c7545-c1ee-465f-9f47-2147f0892985&ranked_content=true returned response: <Response [200]>
2021-08-02 17:30:15,320 - instabot version: 0.117.0 (api) - DEBUG - GET to endpoint: media/2627813033337066869_308754634/info/ returned response: <Response [200]>
2021-08-02 17:30:15,568 - instabot version: 0.117.0 (api) - DEBUG - GET to endpoint: media/2625929121228704063_308754634/info/ returned response: <Response [200]>
2021-08-02 17:30:15,858 - instabot version: 0.117.0 (api) - DEBUG - GET to endpoint: media/2625651784813782578_308754634/info/ returned response: <Response [200]>
2021-08-02 17:30:16,200 - instabot version: 0.117.0 (api) - DEBUG - GET to endpoint: media/2624287473898015721_308754634/info/ returned response: <Response [200]>
2021-08-02 17:30:16,515 - instabot version: 0.117.0 (api) - DEBUG - GET to endpoint: media/2623439662344218751_308754634/info/ returned response: <Response [200]>
2021-08-02 17:30:16,924 - instabot version: 0.117.0 (api) - DEBUG - GET to endpoint: media/2621396081420815416_308754634/info/ returned response: <Response [200]>
2021-08-02 17:30:17,437 - instabot version: 0.117.0 (api) - DEBUG - GET to endpoint: media/2621256153542169994_308754634/info/ returned response: <Response [200]>
2021-08-02 17:30:17,950 - instabot version: 0.117.0 (api) - DEBUG - GET to endpoint: media/2620886743547791258_308754634/info/ returned response: <Response [200]>
2021-08-02 17:30:18,320 - instabot version: 0.117.0 (api) - DEBUG - GET to endpoint: media/2617302699485571418_308754634/info/ returned response: <Response [200]>
2021-08-02 17:30:18,609 - instabot version: 0.117.0 (api) - DEBUG - GET to endpoint: media/2615518167680815979_308754634/info/ returned response: <Response [200]>
2021-08-02 17:30:19,072 - instabot version: 0.117.0 (api) - DEBUG - GET to endpoint: media/2614773021713532557_308754634/info/ returned response: <Response [200]>
2021-08-02 17:30:19,484 - instabot version: 0.117.0 (api) - DEBUG - GET to endpoint: media/2613405705422711731_308754634/info/ returned response: <Response [200]>
2021-08-02 17:30:30,037 - instabot version: 0.117.0 (api) - DEBUG - GET to endpoint: users/new_era8/usernameinfo/ returned response: <Response [200]>
2021-08-02 17:30:30,961 - instabot version: 0.117.0 (api) - DEBUG - GET to endpoint: users/270079079/info/ returned response: <Response [200]>
2021-08-02 17:30:37,663 - instabot version: 0.117.0 (api) - DEBUG - GET to endpoint: feed/user/270079079/?max_id=&min_timestamp=None&rank_token=48898752045_272c7545-c1ee-465f-9f47-2147f0892985&ranked_content=true returned response: <Response [200]>
2021-08-02 17:30:38,331 - instabot version: 0.117.0 (api) - DEBUG - GET to endpoint: media/2630375212936319950_270079079/info/ returned response: <Response [200]>
2021-08-02 17:30:38,641 - instabot version: 0.117.0 (api) - DEBUG - GET to endpoint: media/2629607027400190415_270079079/info/ returned response: <Response [200]>
2021-08-02 17:30:38,879 - instabot version: 0.117.0 (api) - DEBUG - GET to endpoint: media/2622996083044015186_270079079/info/ returned response: <Response [200]>
2021-08-02 17:30:39,220 - instabot version: 0.117.0 (api) - DEBUG - GET to endpoint: media/2622317273789481067_270079079/info/ returned response: <Response [200]>
2021-08-02 17:30:39,564 - instabot version: 0.117.0 (api) - DEBUG - GET to endpoint: media/2621634948868907046_270079079/info/ returned response: <Response [200]>
2021-08-02 17:30:39,912 - instabot version: 0.117.0 (api) - DEBUG - GET to endpoint: media/2619267991603614924_270079079/info/ returned response: <Response [200]>
2021-08-02 17:30:40,282 - instabot version: 0.117.0 (api) - DEBUG - GET to endpoint: media/2617747495074566140_270079079/info/ returned response: <Response [200]>
2021-08-02 17:30:41,108 - instabot version: 0.117.0 (api) - DEBUG - GET to endpoint: media/2601241477251563704_270079079/info/ returned response: <Response [200]>
2021-08-02 17:30:41,807 - instabot version: 0.117.0 (api) - DEBUG - GET to endpoint: media/2582391549116955173_270079079/info/ returned response: <Response [200]>
2021-08-02 17:30:42,147 - instabot version: 0.117.0 (api) - DEBUG - GET to endpoint: media/2577842927377430617_270079079/info/ returned response: <Response [200]>
2021-08-02 17:30:42,630 - instabot version: 0.117.0 (api) - DEBUG - GET to endpoint: media/2562140913439910174_270079079/info/ returned response: <Response [200]>
2021-08-02 17:30:43,444 - instabot version: 0.117.0 (api) - DEBUG - GET to endpoint: media/2558695539714902743_270079079/info/ returned response: <Response [200]>
2021-08-02 17:30:57,474 - instabot version: 0.117.0 (api) - DEBUG - GET to endpoint: users/ab/usernameinfo/ returned response: <Response [200]>
2021-08-02 17:30:58,395 - instabot version: 0.117.0 (api) - DEBUG - GET to endpoint: users/551212685/info/ returned response: <Response [200]>
2021-08-02 17:31:04,252 - instabot version: 0.117.0 (api) - DEBUG - GET to endpoint: feed/user/551212685/?max_id=&min_timestamp=None&rank_token=48898752045_272c7545-c1ee-465f-9f47-2147f0892985&ranked_content=true returned response: <Response [200]>
2021-08-02 17:31:04,643 - instabot version: 0.117.0 (api) - DEBUG - GET to endpoint: media/2624462617603066716_551212685/info/ returned response: <Response [200]>
2021-08-02 17:31:04,917 - instabot version: 0.117.0 (api) - DEBUG - GET to endpoint: media/2620613793876833979_551212685/info/ returned response: <Response [200]>
2021-08-02 17:31:05,271 - instabot version: 0.117.0 (api) - DEBUG - GET to endpoint: media/2619399697395380732_551212685/info/ returned response: <Response [200]>
2021-08-02 17:31:05,769 - instabot version: 0.117.0 (api) - DEBUG - GET to endpoint: media/2618656402872599045_551212685/info/ returned response: <Response [200]>
2021-08-02 17:31:06,052 - instabot version: 0.117.0 (api) - DEBUG - GET to endpoint: media/2616405201393073566_551212685/info/ returned response: <Response [200]>
2021-08-02 17:31:06,380 - instabot version: 0.117.0 (api) - DEBUG - GET to endpoint: media/2613405641540494137_551212685/info/ returned response: <Response [200]>
2021-08-02 17:31:06,692 - instabot version: 0.117.0 (api) - DEBUG - GET to endpoint: media/2611217602630349706_551212685/info/ returned response: <Response [200]>
2021-08-02 17:31:07,144 - instabot version: 0.117.0 (api) - DEBUG - GET to endpoint: media/2610051351749043467_551212685/info/ returned response: <Response [200]>
2021-08-02 17:31:07,464 - instabot version: 0.117.0 (api) - DEBUG - GET to endpoint: media/2609223495888226232_551212685/info/ returned response: <Response [200]>
2021-08-02 17:31:07,787 - instabot version: 0.117.0 (api) - DEBUG - GET to endpoint: media/2607570945699032656_551212685/info/ returned response: <Response [200]>
2021-08-02 17:31:08,065 - instabot version: 0.117.0 (api) - DEBUG - GET to endpoint: media/2604852592043625849_551212685/info/ returned response: <Response [200]>
2021-08-02 17:31:08,350 - instabot version: 0.117.0 (api) - DEBUG - GET to endpoint: media/2602694971727642729_551212685/info/ returned response: <Response [200]>
2021-08-02 17:31:24,832 - instabot version: 0.117.0 (api) - DEBUG - GET to endpoint: users/premierleague/usernameinfo/ returned response: <Response [200]>
2021-08-02 17:31:26,142 - instabot version: 0.117.0 (api) - DEBUG - GET to endpoint: users/208502444/info/ returned response: <Response [200]>
2021-08-02 17:31:31,723 - instabot version: 0.117.0 (api) - DEBUG - GET to endpoint: feed/user/208502444/?max_id=&min_timestamp=None&rank_token=48898752045_272c7545-c1ee-465f-9f47-2147f0892985&ranked_content=true returned response: <Response [200]>
2021-08-02 17:31:32,085 - instabot version: 0.117.0 (api) - DEBUG - GET to endpoint: media/2631462912987096557_208502444/info/ returned response: <Response [200]>
2021-08-02 17:31:32,288 - instabot version: 0.117.0 (api) - DEBUG - GET to endpoint: media/2631373836631831872_208502444/info/ returned response: <Response [200]>
2021-08-02 17:31:32,598 - instabot version: 0.117.0 (api) - DEBUG - GET to endpoint: media/2631348012720561534_208502444/info/ returned response: <Response [200]>
2021-08-02 17:31:32,937 - instabot version: 0.117.0 (api) - DEBUG - GET to endpoint: media/2631302353109071535_208502444/info/ returned response: <Response [200]>
2021-08-02 17:31:33,314 - instabot version: 0.117.0 (api) - DEBUG - GET to endpoint: media/2631274497008127158_208502444/info/ returned response: <Response [200]>
2021-08-02 17:31:33,609 - instabot version: 0.117.0 (api) - DEBUG - GET to endpoint: media/2630813656957511557_208502444/info/ returned response: <Response [200]>
2021-08-02 17:31:34,277 - instabot version: 0.117.0 (api) - DEBUG - GET to endpoint: media/2630753858594968312_208502444/info/ returned response: <Response [200]>
2021-08-02 17:31:34,522 - instabot version: 0.117.0 (api) - DEBUG - GET to endpoint: media/2630662485507576437_208502444/info/ returned response: <Response [200]>
2021-08-02 17:31:34,852 - instabot version: 0.117.0 (api) - DEBUG - GET to endpoint: media/2630608806947760303_208502444/info/ returned response: <Response [200]>
2021-08-02 17:31:35,101 - instabot version: 0.117.0 (api) - DEBUG - GET to endpoint: media/2630550858595970503_208502444/info/ returned response: <Response [200]>
2021-08-02 17:31:35,527 - instabot version: 0.117.0 (api) - DEBUG - GET to endpoint: media/2630087785983270246_208502444/info/ returned response: <Response [200]>
2021-08-02 17:31:35,762 - instabot version: 0.117.0 (api) - DEBUG - GET to endpoint: media/2630045091476253661_208502444/info/ returned response: <Response [200]>
2021-08-02 17:31:46,854 - instabot version: 0.117.0 (api) - DEBUG - GET to endpoint: users/jumpman23/usernameinfo/ returned response: <Response [200]>
2021-08-02 17:31:47,754 - instabot version: 0.117.0 (api) - DEBUG - GET to endpoint: users/5332352/info/ returned response: <Response [200]>
2021-08-02 17:31:53,528 - instabot version: 0.117.0 (api) - DEBUG - GET to endpoint: feed/user/5332352/?max_id=&min_timestamp=None&rank_token=48898752045_272c7545-c1ee-465f-9f47-2147f0892985&ranked_content=true returned response: <Response [200]>
2021-08-02 17:31:54,826 - instabot version: 0.117.0 (api) - DEBUG - GET to endpoint: media/2629434061225215319_5332352/info/ returned response: <Response [200]>
2021-08-02 17:31:55,087 - instabot version: 0.117.0 (api) - DEBUG - GET to endpoint: media/2628705802885692660_5332352/info/ returned response: <Response [200]>
2021-08-02 17:31:55,340 - instabot version: 0.117.0 (api) - DEBUG - GET to endpoint: media/2624421657945463350_5332352/info/ returned response: <Response [200]>
2021-08-02 17:31:55,576 - instabot version: 0.117.0 (api) - DEBUG - GET to endpoint: media/2624337412108698917_5332352/info/ returned response: <Response [200]>
2021-08-02 17:31:55,804 - instabot version: 0.117.0 (api) - DEBUG - GET to endpoint: media/2623606672229997306_5332352/info/ returned response: <Response [200]>
2021-08-02 17:31:56,252 - instabot version: 0.117.0 (api) - DEBUG - GET to endpoint: media/2619313858206806382_5332352/info/ returned response: <Response [200]>
2021-08-02 17:31:56,559 - instabot version: 0.117.0 (api) - DEBUG - GET to endpoint: media/2618577146048674667_5332352/info/ returned response: <Response [200]>
2021-08-02 17:31:56,939 - instabot version: 0.117.0 (api) - DEBUG - GET to endpoint: media/2618493593986087288_5332352/info/ returned response: <Response [200]>
2021-08-02 17:31:57,481 - instabot version: 0.117.0 (api) - DEBUG - GET to endpoint: media/2618095905113175264_5332352/info/ returned response: <Response [200]>
2021-08-02 17:31:57,667 - instabot version: 0.117.0 (api) - DEBUG - GET to endpoint: media/2617156274079219740_5332352/info/ returned response: <Response [200]>
2021-08-02 17:31:57,898 - instabot version: 0.117.0 (api) - DEBUG - GET to endpoint: media/2615165644297786319_5332352/info/ returned response: <Response [200]>
2021-08-02 17:31:58,305 - instabot version: 0.117.0 (api) - DEBUG - GET to endpoint: media/2609769818155233904_5332352/info/ returned response: <Response [200]>
2021-08-02 17:32:08,727 - instabot version: 0.117.0 (api) - DEBUG - GET to endpoint: users/_rl9/usernameinfo/ returned response: <Response [200]>
2021-08-02 17:32:09,564 - instabot version: 0.117.0 (api) - DEBUG - GET to endpoint: users/963986569/info/ returned response: <Response [200]>
2021-08-02 17:32:14,994 - instabot version: 0.117.0 (api) - DEBUG - GET to endpoint: feed/user/963986569/?max_id=&min_timestamp=None&rank_token=48898752045_272c7545-c1ee-465f-9f47-2147f0892985&ranked_content=true returned response: <Response [200]>
2021-08-02 17:32:15,241 - instabot version: 0.117.0 (api) - DEBUG - GET to endpoint: media/2628612355730584229_963986569/info/ returned response: <Response [200]>
2021-08-02 17:32:15,606 - instabot version: 0.117.0 (api) - DEBUG - GET to endpoint: media/2627129567991013228_963986569/info/ returned response: <Response [200]>
2021-08-02 17:32:15,941 - instabot version: 0.117.0 (api) - DEBUG - GET to endpoint: media/2626214832382545769_963986569/info/ returned response: <Response [200]>
2021-08-02 17:32:16,248 - instabot version: 0.117.0 (api) - DEBUG - GET to endpoint: media/2625671041355582188_963986569/info/ returned response: <Response [200]>
2021-08-02 17:32:16,558 - instabot version: 0.117.0 (api) - DEBUG - GET to endpoint: media/2624989038356437550_963986569/info/ returned response: <Response [200]>
2021-08-02 17:32:16,768 - instabot version: 0.117.0 (api) - DEBUG - GET to endpoint: media/2623355390746043099_963986569/info/ returned response: <Response [200]>
2021-08-02 17:32:16,959 - instabot version: 0.117.0 (api) - DEBUG - GET to endpoint: media/2622012316841325848_963986569/info/ returned response: <Response [200]>
2021-08-02 17:32:17,154 - instabot version: 0.117.0 (api) - DEBUG - GET to endpoint: media/2620401912260193043_963986569/info/ returned response: <Response [200]>
2021-08-02 17:32:17,354 - instabot version: 0.117.0 (api) - DEBUG - GET to endpoint: media/2619995506256230162_963986569/info/ returned response: <Response [200]>
2021-08-02 17:32:17,588 - instabot version: 0.117.0 (api) - DEBUG - GET to endpoint: media/2619266023232604336_963986569/info/ returned response: <Response [200]>
2021-08-02 17:32:17,967 - instabot version: 0.117.0 (api) - DEBUG - GET to endpoint: media/2618896450205253819_963986569/info/ returned response: <Response [200]>
2021-08-02 17:32:18,198 - instabot version: 0.117.0 (api) - DEBUG - GET to endpoint: media/2618503503177647078_963986569/info/ returned response: <Response [200]>
2021-08-02 17:32:29,327 - instabot version: 0.117.0 (api) - DEBUG - GET to endpoint: users/alexis_officia1/usernameinfo/ returned response: <Response [200]>
2021-08-02 17:32:38,339 - instabot version: 0.117.0 (api) - DEBUG - GET to endpoint: users/242520744/info/ returned response: <Response [200]>
2021-08-02 17:32:44,280 - instabot version: 0.117.0 (api) - DEBUG - GET to endpoint: feed/user/242520744/?max_id=&min_timestamp=None&rank_token=48898752045_272c7545-c1ee-465f-9f47-2147f0892985&ranked_content=true returned response: <Response [200]>
2021-08-02 17:32:44,529 - instabot version: 0.117.0 (api) - DEBUG - GET to endpoint: media/2630650200610567828_242520744/info/ returned response: <Response [200]>
2021-08-02 17:32:44,891 - instabot version: 0.117.0 (api) - DEBUG - GET to endpoint: media/2622405680624508638_242520744/info/ returned response: <Response [200]>
2021-08-02 17:32:46,255 - instabot version: 0.117.0 (api) - DEBUG - GET to endpoint: media/2620854435820428598_242520744/info/ returned response: <Response [200]>
2021-08-02 17:32:46,492 - instabot version: 0.117.0 (api) - DEBUG - GET to endpoint: media/2615775632228145310_242520744/info/ returned response: <Response [200]>
2021-08-02 17:32:46,920 - instabot version: 0.117.0 (api) - DEBUG - GET to endpoint: media/2609821958504820407_242520744/info/ returned response: <Response [200]>
2021-08-02 17:32:47,187 - instabot version: 0.117.0 (api) - DEBUG - GET to endpoint: media/2607659926963633893_242520744/info/ returned response: <Response [200]>
2021-08-02 17:32:47,415 - instabot version: 0.117.0 (api) - DEBUG - GET to endpoint: media/2594139749927846101_242520744/info/ returned response: <Response [200]>
2021-08-02 17:32:47,760 - instabot version: 0.117.0 (api) - DEBUG - GET to endpoint: media/2593341619065918864_242520744/info/ returned response: <Response [200]>
2021-08-02 17:32:47,979 - instabot version: 0.117.0 (api) - DEBUG - GET to endpoint: media/2589125411486477134_242520744/info/ returned response: <Response [200]>
2021-08-02 17:32:48,373 - instabot version: 0.117.0 (api) - DEBUG - GET to endpoint: media/2580757679258746139_242520744/info/ returned response: <Response [200]>
2021-08-02 17:32:48,628 - instabot version: 0.117.0 (api) - DEBUG - GET to endpoint: media/2580182571939180179_242520744/info/ returned response: <Response [200]>
2021-08-02 17:32:48,845 - instabot version: 0.117.0 (api) - DEBUG - GET to endpoint: media/2578523321902855626_242520744/info/ returned response: <Response [200]>
2021-08-02 17:32:59,369 - instabot version: 0.117.0 (api) - DEBUG - GET to endpoint: users/angeldimariajm/usernameinfo/ returned response: <Response [200]>
2021-08-02 17:33:00,355 - instabot version: 0.117.0 (api) - DEBUG - GET to endpoint: users/3102790526/info/ returned response: <Response [200]>
2021-08-02 17:33:05,917 - instabot version: 0.117.0 (api) - DEBUG - GET to endpoint: feed/user/3102790526/?max_id=&min_timestamp=None&rank_token=48898752045_272c7545-c1ee-465f-9f47-2147f0892985&ranked_content=true returned response: <Response [200]>
2021-08-02 17:33:06,284 - instabot version: 0.117.0 (api) - DEBUG - GET to endpoint: media/2631366969128959757_3102790526/info/ returned response: <Response [200]>
2021-08-02 17:33:06,604 - instabot version: 0.117.0 (api) - DEBUG - GET to endpoint: media/2629155912021100648_3102790526/info/ returned response: <Response [200]>
2021-08-02 17:33:07,039 - instabot version: 0.117.0 (api) - DEBUG - GET to endpoint: media/2626407426234468164_3102790526/info/ returned response: <Response [200]>
2021-08-02 17:33:07,524 - instabot version: 0.117.0 (api) - DEBUG - GET to endpoint: media/2625967994356110645_3102790526/info/ returned response: <Response [200]>
2021-08-02 17:33:07,840 - instabot version: 0.117.0 (api) - DEBUG - GET to endpoint: media/2623789135712037995_3102790526/info/ returned response: <Response [200]>
2021-08-02 17:33:08,242 - instabot version: 0.117.0 (api) - DEBUG - GET to endpoint: media/2623374205783524972_3102790526/info/ returned response: <Response [200]>
2021-08-02 17:33:13,785 - instabot version: 0.117.0 (api) - DEBUG - GET to endpoint: media/2620785035925976701_3102790526/info/ returned response: <Response [200]>
2021-08-02 17:33:14,484 - instabot version: 0.117.0 (api) - DEBUG - GET to endpoint: media/2619357293132930228_3102790526/info/ returned response: <Response [200]>
2021-08-02 17:33:14,896 - instabot version: 0.117.0 (api) - DEBUG - GET to endpoint: media/2618650033142414240_3102790526/info/ returned response: <Response [200]>
2021-08-02 17:33:15,242 - instabot version: 0.117.0 (api) - DEBUG - GET to endpoint: media/2617230516680047361_3102790526/info/ returned response: <Response [200]>
2021-08-02 17:33:15,613 - instabot version: 0.117.0 (api) - DEBUG - GET to endpoint: media/2615694632801447937_3102790526/info/ returned response: <Response [200]>
2021-08-02 17:33:15,949 - instabot version: 0.117.0 (api) - DEBUG - GET to endpoint: media/2615285938261579084_3102790526/info/ returned response: <Response [200]>
2021-08-02 17:33:26,324 - instabot version: 0.117.0 (api) - DEBUG - GET to endpoint: users/harrykane/usernameinfo/ returned response: <Response [200]>
2021-08-02 17:33:27,492 - instabot version: 0.117.0 (api) - DEBUG - GET to endpoint: users/143556901/info/ returned response: <Response [200]>
2021-08-02 17:33:33,226 - instabot version: 0.117.0 (api) - DEBUG - GET to endpoint: feed/user/143556901/?max_id=&min_timestamp=None&rank_token=48898752045_272c7545-c1ee-465f-9f47-2147f0892985&ranked_content=true returned response: <Response [200]>
2021-08-02 17:33:33,871 - instabot version: 0.117.0 (api) - DEBUG - GET to endpoint: media/2626507817328345536_143556901/info/ returned response: <Response [200]>
2021-08-02 17:33:34,149 - instabot version: 0.117.0 (api) - DEBUG - GET to endpoint: media/2622713127378435188_143556901/info/ returned response: <Response [200]>
2021-08-02 17:33:34,554 - instabot version: 0.117.0 (api) - DEBUG - GET to endpoint: media/2620394269619817788_143556901/info/ returned response: <Response [200]>
2021-08-02 17:33:34,820 - instabot version: 0.117.0 (api) - DEBUG - GET to endpoint: media/2616331598364527593_143556901/info/ returned response: <Response [200]>
2021-08-02 17:33:35,056 - instabot version: 0.117.0 (api) - DEBUG - GET to endpoint: media/2616174078576813484_143556901/info/ returned response: <Response [200]>
2021-08-02 17:33:35,382 - instabot version: 0.117.0 (api) - DEBUG - GET to endpoint: media/2614925936183128833_143556901/info/ returned response: <Response [200]>
2021-08-02 17:33:35,555 - instabot version: 0.117.0 (api) - DEBUG - GET to endpoint: media/2614714538446552419_143556901/info/ returned response: <Response [200]>
2021-08-02 17:33:35,770 - instabot version: 0.117.0 (api) - DEBUG - GET to endpoint: media/2613499231983764531_143556901/info/ returned response: <Response [200]>
2021-08-02 17:33:35,953 - instabot version: 0.117.0 (api) - DEBUG - GET to endpoint: media/2613138084197726609_143556901/info/ returned response: <Response [200]>
2021-08-02 17:33:36,401 - instabot version: 0.117.0 (api) - DEBUG - GET to endpoint: media/2612868978483575391_143556901/info/ returned response: <Response [200]>
2021-08-02 17:33:37,528 - instabot version: 0.117.0 (api) - DEBUG - GET to endpoint: media/2612862282671410160_143556901/info/ returned response: <Response [200]>
2021-08-02 17:33:39,804 - instabot version: 0.117.0 (api) - DEBUG - GET to endpoint: media/2611954232926218695_143556901/info/ returned response: <Response [200]>
2021-08-02 17:33:50,331 - instabot version: 0.117.0 (api) - DEBUG - GET to endpoint: users/easportsfifa/usernameinfo/ returned response: <Response [200]>
2021-08-02 17:33:51,341 - instabot version: 0.117.0 (api) - DEBUG - GET to endpoint: users/22469979/info/ returned response: <Response [200]>
2021-08-02 17:33:58,179 - instabot version: 0.117.0 (api) - DEBUG - GET to endpoint: feed/user/22469979/?max_id=&min_timestamp=None&rank_token=48898752045_272c7545-c1ee-465f-9f47-2147f0892985&ranked_content=true returned response: <Response [200]>
2021-08-02 17:33:58,385 - instabot version: 0.117.0 (api) - DEBUG - GET to endpoint: media/2629422597798721349_22469979/info/ returned response: <Response [200]>
2021-08-02 17:33:58,932 - instabot version: 0.117.0 (api) - DEBUG - GET to endpoint: media/2628577645098436795_22469979/info/ returned response: <Response [200]>
2021-08-02 17:33:59,136 - instabot version: 0.117.0 (api) - DEBUG - GET to endpoint: media/2627853971461254638_22469979/info/ returned response: <Response [200]>
2021-08-02 17:33:59,400 - instabot version: 0.117.0 (api) - DEBUG - GET to endpoint: media/2625671918670309249_22469979/info/ returned response: <Response [200]>
2021-08-02 17:33:59,748 - instabot version: 0.117.0 (api) - DEBUG - GET to endpoint: media/2624771805596860996_22469979/info/ returned response: <Response [200]>
2021-08-02 17:34:00,028 - instabot version: 0.117.0 (api) - DEBUG - GET to endpoint: media/2624228766818236060_22469979/info/ returned response: <Response [200]>
2021-08-02 17:34:00,269 - instabot version: 0.117.0 (api) - DEBUG - GET to endpoint: media/2624001237821883349_22469979/info/ returned response: <Response [200]>
2021-08-02 17:34:00,463 - instabot version: 0.117.0 (api) - DEBUG - GET to endpoint: media/2623596358377754583_22469979/info/ returned response: <Response [200]>
2021-08-02 17:34:00,685 - instabot version: 0.117.0 (api) - DEBUG - GET to endpoint: media/2623563829368259887_22469979/info/ returned response: <Response [200]>
2021-08-02 17:34:00,936 - instabot version: 0.117.0 (api) - DEBUG - GET to endpoint: media/2622838706457669192_22469979/info/ returned response: <Response [200]>
2021-08-02 17:34:01,282 - instabot version: 0.117.0 (api) - DEBUG - GET to endpoint: media/2622795379238696305_22469979/info/ returned response: <Response [200]>
2021-08-02 17:34:01,488 - instabot version: 0.117.0 (api) - DEBUG - GET to endpoint: media/2622111463787767327_22469979/info/ returned response: <Response [200]>
2021-08-02 17:34:12,337 - instabot version: 0.117.0 (api) - DEBUG - GET to endpoint: users/brfootball/usernameinfo/ returned response: <Response [200]>
2021-08-02 17:34:13,942 - instabot version: 0.117.0 (api) - DEBUG - GET to endpoint: users/407612085/info/ returned response: <Response [200]>
2021-08-02 17:34:20,238 - instabot version: 0.117.0 (api) - DEBUG - GET to endpoint: feed/user/407612085/?max_id=&min_timestamp=None&rank_token=48898752045_272c7545-c1ee-465f-9f47-2147f0892985&ranked_content=true returned response: <Response [200]>
2021-08-02 17:34:20,531 - instabot version: 0.117.0 (api) - DEBUG - GET to endpoint: media/2631477854967051695_407612085/info/ returned response: <Response [200]>
2021-08-02 17:34:20,762 - instabot version: 0.117.0 (api) - DEBUG - GET to endpoint: media/2631345421647087020_407612085/info/ returned response: <Response [200]>
2021-08-02 17:34:21,149 - instabot version: 0.117.0 (api) - DEBUG - GET to endpoint: media/2631323547664071179_407612085/info/ returned response: <Response [200]>
2021-08-02 17:34:21,589 - instabot version: 0.117.0 (api) - DEBUG - GET to endpoint: media/2631272643308805257_407612085/info/ returned response: <Response [200]>
2021-08-02 17:34:21,769 - instabot version: 0.117.0 (api) - DEBUG - GET to endpoint: media/2631147350430697635_407612085/info/ returned response: <Response [200]>
2021-08-02 17:34:21,996 - instabot version: 0.117.0 (api) - DEBUG - GET to endpoint: media/2631132309673286047_407612085/info/ returned response: <Response [200]>
2021-08-02 17:34:22,704 - instabot version: 0.117.0 (api) - DEBUG - GET to endpoint: media/2631033091105066378_407612085/info/ returned response: <Response [200]>
2021-08-02 17:34:22,921 - instabot version: 0.117.0 (api) - DEBUG - GET to endpoint: media/2630953022670603328_407612085/info/ returned response: <Response [200]>
2021-08-02 17:34:23,151 - instabot version: 0.117.0 (api) - DEBUG - GET to endpoint: media/2630920035185377832_407612085/info/ returned response: <Response [200]>
2021-08-02 17:34:23,503 - instabot version: 0.117.0 (api) - DEBUG - GET to endpoint: media/2630828219915294773_407612085/info/ returned response: <Response [200]>
2021-08-02 17:34:23,727 - instabot version: 0.117.0 (api) - DEBUG - GET to endpoint: media/2630744599277401736_407612085/info/ returned response: <Response [200]>
2021-08-02 17:34:23,959 - instabot version: 0.117.0 (api) - DEBUG - GET to endpoint: media/2630689313585917667_407612085/info/ returned response: <Response [200]>
2021-08-02 17:34:24,196 - instabot version: 0.117.0 (api) - DEBUG - GET to endpoint: media/2630388009389633240_407612085/info/ returned response: <Response [200]>
2021-08-02 17:34:24,530 - instabot version: 0.117.0 (api) - DEBUG - GET to endpoint: media/2630338232245454495_407612085/info/ returned response: <Response [200]>
2021-08-02 17:34:25,142 - instabot version: 0.117.0 (api) - DEBUG - GET to endpoint: media/2630325956809550007_407612085/info/ returned response: <Response [200]>
2021-08-02 17:34:25,356 - instabot version: 0.117.0 (api) - DEBUG - GET to endpoint: media/2630209450384193400_407612085/info/ returned response: <Response [200]>
2021-08-02 17:34:25,587 - instabot version: 0.117.0 (api) - DEBUG - GET to endpoint: media/2630189425572138986_407612085/info/ returned response: <Response [200]>
2021-08-02 17:34:25,864 - instabot version: 0.117.0 (api) - DEBUG - GET to endpoint: media/2630155874394927672_407612085/info/ returned response: <Response [200]>
2021-08-02 17:34:26,389 - instabot version: 0.117.0 (api) - DEBUG - GET to endpoint: media/2630130461736051661_407612085/info/ returned response: <Response [200]>
2021-08-02 17:34:26,768 - instabot version: 0.117.0 (api) - DEBUG - GET to endpoint: media/2630082909879850332_407612085/info/ returned response: <Response [200]>
2021-08-02 17:34:28,215 - instabot version: 0.117.0 (api) - DEBUG - GET to endpoint: media/2630056232611727534_407612085/info/ returned response: <Response [200]>
2021-08-02 17:34:28,398 - instabot version: 0.117.0 (api) - DEBUG - GET to endpoint: media/2630039325331870082_407612085/info/ returned response: <Response [200]>
2021-08-02 17:34:28,639 - instabot version: 0.117.0 (api) - DEBUG - GET to endpoint: media/2630022230766263339_407612085/info/ returned response: <Response [200]>
2021-08-02 17:34:39,173 - instabot version: 0.117.0 (api) - DEBUG - GET to endpoint: users/sterling7/usernameinfo/ returned response: <Response [200]>
2021-08-02 17:34:40,195 - instabot version: 0.117.0 (api) - DEBUG - GET to endpoint: users/609912465/info/ returned response: <Response [200]>
2021-08-02 17:34:45,971 - instabot version: 0.117.0 (api) - DEBUG - GET to endpoint: feed/user/609912465/?max_id=&min_timestamp=None&rank_token=48898752045_272c7545-c1ee-465f-9f47-2147f0892985&ranked_content=true returned response: <Response [200]>
2021-08-02 17:34:46,244 - instabot version: 0.117.0 (api) - DEBUG - GET to endpoint: media/2630755150342018794_609912465/info/ returned response: <Response [200]>
2021-08-02 17:34:46,482 - instabot version: 0.117.0 (api) - DEBUG - GET to endpoint: media/2626916144522592069_609912465/info/ returned response: <Response [200]>
2021-08-02 17:34:46,725 - instabot version: 0.117.0 (api) - DEBUG - GET to endpoint: media/2624271352525383562_609912465/info/ returned response: <Response [200]>
2021-08-02 17:34:46,961 - instabot version: 0.117.0 (api) - DEBUG - GET to endpoint: media/2620007328483087986_609912465/info/ returned response: <Response [200]>
2021-08-02 17:34:47,296 - instabot version: 0.117.0 (api) - DEBUG - GET to endpoint: media/2615501342755762996_609912465/info/ returned response: <Response [200]>
2021-08-02 17:34:47,811 - instabot version: 0.117.0 (api) - DEBUG - GET to endpoint: media/2614834545375250494_609912465/info/ returned response: <Response [200]>
2021-08-02 17:34:48,117 - instabot version: 0.117.0 (api) - DEBUG - GET to endpoint: media/2613388623344679377_609912465/info/ returned response: <Response [200]>
2021-08-02 17:34:48,493 - instabot version: 0.117.0 (api) - DEBUG - GET to endpoint: media/2612865156438399907_609912465/info/ returned response: <Response [200]>
2021-08-02 17:34:48,838 - instabot version: 0.117.0 (api) - DEBUG - GET to endpoint: media/2612602367497151933_609912465/info/ returned response: <Response [200]>
2021-08-02 17:34:49,311 - instabot version: 0.117.0 (api) - DEBUG - GET to endpoint: media/2611985429444111839_609912465/info/ returned response: <Response [200]>
2021-08-02 17:34:49,659 - instabot version: 0.117.0 (api) - DEBUG - GET to endpoint: media/2611909953530872989_609912465/info/ returned response: <Response [200]>
2021-08-02 17:34:50,034 - instabot version: 0.117.0 (api) - DEBUG - GET to endpoint: media/2610456265597819119_609912465/info/ returned response: <Response [200]>
2021-08-02 17:35:00,438 - instabot version: 0.117.0 (api) - DEBUG - GET to endpoint: users/rafaelnadal/usernameinfo/ returned response: <Response [200]>
2021-08-02 17:35:01,812 - instabot version: 0.117.0 (api) - DEBUG - GET to endpoint: users/1938502255/info/ returned response: <Response [200]>
2021-08-02 17:35:07,740 - instabot version: 0.117.0 (api) - DEBUG - GET to endpoint: feed/user/1938502255/?max_id=&min_timestamp=None&rank_token=48898752045_272c7545-c1ee-465f-9f47-2147f0892985&ranked_content=true returned response: <Response [200]>
2021-08-02 17:35:07,980 - instabot version: 0.117.0 (api) - DEBUG - GET to endpoint: media/2631419671070404146_1938502255/info/ returned response: <Response [200]>
2021-08-02 17:35:08,459 - instabot version: 0.117.0 (api) - DEBUG - GET to endpoint: media/2628019810393368666_1938502255/info/ returned response: <Response [200]>
2021-08-02 17:35:08,973 - instabot version: 0.117.0 (api) - DEBUG - GET to endpoint: media/2621987842467766279_1938502255/info/ returned response: <Response [200]>
2021-08-02 17:35:09,382 - instabot version: 0.117.0 (api) - DEBUG - GET to endpoint: media/2618958205068027910_1938502255/info/ returned response: <Response [200]>
2021-08-02 17:35:09,699 - instabot version: 0.117.0 (api) - DEBUG - GET to endpoint: media/2617121688511274383_1938502255/info/ returned response: <Response [200]>
2021-08-02 17:35:10,096 - instabot version: 0.117.0 (api) - DEBUG - GET to endpoint: media/2614966678813914409_1938502255/info/ returned response: <Response [200]>
2021-08-02 17:35:10,320 - instabot version: 0.117.0 (api) - DEBUG - GET to endpoint: media/2613509508556865406_1938502255/info/ returned response: <Response [200]>
2021-08-02 17:35:10,526 - instabot version: 0.117.0 (api) - DEBUG - GET to endpoint: media/2613334006294454395_1938502255/info/ returned response: <Response [200]>
2021-08-02 17:35:10,768 - instabot version: 0.117.0 (api) - DEBUG - GET to endpoint: media/2612617774484476079_1938502255/info/ returned response: <Response [200]>
2021-08-02 17:35:11,119 - instabot version: 0.117.0 (api) - DEBUG - GET to endpoint: media/2612063856900353605_1938502255/info/ returned response: <Response [200]>
2021-08-02 17:35:11,541 - instabot version: 0.117.0 (api) - DEBUG - GET to endpoint: media/2604616290050116085_1938502255/info/ returned response: <Response [200]>
2021-08-02 17:35:11,857 - instabot version: 0.117.0 (api) - DEBUG - GET to endpoint: media/2602560818862236956_1938502255/info/ returned response: <Response [200]>
2021-08-02 17:35:12,492 - instabot version: 0.117.0 (api) - DEBUG - POST to endpoint: accounts/logout/ returned response: <Response [200]>
2021-08-02 17:35:12,492 - instabot version: 0.117.0 (bot) - INFO - Bot stopped. Worked: 1:07:13.100387
2021-08-02 17:35:12,493 - instabot version: 0.117.0 (bot_checkpoint) - DEBUG - Saving Checkpoint file to: C:\Users\49177\Documents\InstaMatch\Scraper\scraping_from_instagram/config/mamba2021murm.checkpoint
2021-08-02 17:35:12,494 - instabot version: 0.117.0 (bot) - INFO - Total requests: 1584
2021-08-02 17:35:12,495 - instabot version: 0.117.0 (bot_checkpoint) - DEBUG - Saving Checkpoint file to: C:\Users\49177\Documents\InstaMatch\Scraper\scraping_from_instagram/config/mamba2021murm.checkpoint
2021-08-02 17:35:12,495 - instabot version: 0.117.0 (bot) - INFO - Total requests: 1584
